2022-05-16 07:09:31,015 [analyzer] DEBUG: Starting analyzer from: C:\tmpy1hzlw
2022-05-16 07:09:31,015 [analyzer] DEBUG: Pipe server name: \??\PIPE\WUtRRVpskcLiDFMPmTelXTELMR
2022-05-16 07:09:31,015 [analyzer] DEBUG: Log pipe server name: \??\PIPE\PZlJFAIdJvKBnPJOzjXFIRDd
2022-05-16 07:09:31,015 [analyzer] DEBUG: No analysis package specified, trying to detect it automagically.
2022-05-16 07:09:31,015 [analyzer] INFO: Automatically selected analysis package "generic"
2022-05-16 07:09:33,250 [analyzer] DEBUG: Started auxiliary module DbgView
2022-05-16 13:10:08,341 [analyzer] DEBUG: Started auxiliary module Disguise
2022-05-16 13:10:08,918 [analyzer] DEBUG: Loaded monitor into process with pid 496
2022-05-16 13:10:08,950 [analyzer] DEBUG: Started auxiliary module DumpTLSMasterSecrets
2022-05-16 13:10:08,966 [analyzer] DEBUG: Started auxiliary module Human
2022-05-16 13:10:08,966 [analyzer] DEBUG: Started auxiliary module InstallCertificate
2022-05-16 13:10:08,966 [analyzer] DEBUG: Started auxiliary module Reboot
2022-05-16 13:10:09,575 [analyzer] DEBUG: Started auxiliary module RecentFiles
2022-05-16 13:10:09,575 [analyzer] DEBUG: Started auxiliary module Screenshots
2022-05-16 13:10:09,575 [analyzer] DEBUG: Started auxiliary module LoadZer0m0n
2022-05-16 13:10:10,357 [lib.api.process] INFO: Successfully executed process from path 'C:\\Windows\\System32\\cmd.exe' with arguments ['/c', 'start', '/wait', '"IJLpvS"', u'C:\\Users\\ADMINI~1\\AppData\\Local\\Temp\\istockphoto-1188445864-612x612.jpg'] and pid 2816
2022-05-16 13:10:11,279 [analyzer] DEBUG: Loaded monitor into process with pid 2816
2022-05-16 13:10:46,482 [lib.api.process] INFO: Memory dump of process with pid 2816 completed
2022-05-16 13:10:46,591 [analyzer] INFO: Process with pid 2816 has terminated
2022-05-16 13:10:46,591 [analyzer] INFO: Process list is empty, terminating analysis.
2022-05-16 13:10:47,621 [analyzer] INFO: Analysis completed.
