2022-05-09 03:18:07,015 [analyzer] DEBUG: Starting analyzer from: C:\tmpy1hzlw
2022-05-09 03:18:07,015 [analyzer] DEBUG: Pipe server name: \??\PIPE\LkMVyAYRFGTCJHUfDkSdgbAWUHBe
2022-05-09 03:18:07,015 [analyzer] DEBUG: Log pipe server name: \??\PIPE\MLFTaIYeayzmKCvgJiYAipfidaqsi
2022-05-09 03:18:07,015 [analyzer] DEBUG: No analysis package specified, trying to detect it automagically.
2022-05-09 03:18:07,015 [analyzer] INFO: Automatically selected analysis package "generic"
2022-05-09 03:18:07,921 [analyzer] DEBUG: Started auxiliary module DbgView
2022-05-09 03:18:26,592 [analyzer] DEBUG: Started auxiliary module Disguise
2022-05-09 03:18:27,187 [analyzer] DEBUG: Loaded monitor into process with pid 496
2022-05-09 03:18:27,328 [analyzer] DEBUG: Started auxiliary module DumpTLSMasterSecrets
2022-05-09 03:18:27,342 [analyzer] DEBUG: Started auxiliary module Human
2022-05-09 03:18:27,342 [analyzer] DEBUG: Started auxiliary module InstallCertificate
2022-05-09 03:18:27,342 [analyzer] DEBUG: Started auxiliary module Reboot
2022-05-09 03:18:27,828 [analyzer] DEBUG: Started auxiliary module RecentFiles
2022-05-09 03:18:27,828 [analyzer] DEBUG: Started auxiliary module Screenshots
2022-05-09 03:18:27,828 [analyzer] DEBUG: Started auxiliary module LoadZer0m0n
2022-05-09 03:18:28,467 [lib.api.process] INFO: Successfully executed process from path 'C:\\Windows\\System32\\cmd.exe' with arguments ['/c', 'start', '/wait', '"YkMpDgMLQjfblmg"', u'C:\\Users\\ADMINI~1\\AppData\\Local\\Temp\\sources.list'] and pid 2460
2022-05-09 03:18:29,687 [analyzer] DEBUG: Loaded monitor into process with pid 2460
2022-05-09 03:18:37,280 [analyzer] INFO: Injected into process with pid 2552 and name u'rundll32.exe'
2022-05-09 03:18:38,358 [lib.api.process] INFO: Memory dump of process with pid 2552 completed
2022-05-09 03:18:39,078 [analyzer] DEBUG: Loaded monitor into process with pid 2552
2022-05-09 03:18:42,108 [modules.auxiliary.human] INFO: Found button u'Use the &Web service to find the correct program', clicking it
2022-05-09 03:18:45,203 [modules.auxiliary.human] INFO: Found button u'&Select a program from a list of installed programs', clicking it
2022-05-09 03:18:46,437 [modules.auxiliary.human] INFO: Found button u'OK', clicking it
2022-05-09 03:19:18,953 [modules.auxiliary.human] INFO: Found button u'&Always use the selected program to open this kind of file', clicking it
2022-05-09 03:19:22,280 [modules.auxiliary.human] INFO: Found button u'&Always use the selected program to open this kind of file', clicking it
2022-05-09 03:19:25,390 [modules.auxiliary.human] INFO: Found button u'OK', clicking it
2022-05-09 03:19:28,483 [analyzer] INFO: Injected into process with pid 1848 and name u'explorer.exe'
2022-05-09 03:19:30,921 [analyzer] DEBUG: Loaded monitor into process with pid 1848
2022-05-09 03:19:36,765 [analyzer] INFO: Added new file to list with pid 1848 and path \Device\NamedPipe\lsass
2022-05-09 03:20:16,342 [analyzer] INFO: Injected into process with pid 3048 and name u'AcroRd32.exe'
2022-05-09 03:20:20,437 [analyzer] DEBUG: Loaded monitor into process with pid 3048
2022-05-09 03:20:49,640 [analyzer] INFO: Analysis timeout hit, terminating analysis.
