2022-05-15 09:40:14,030 [analyzer] DEBUG: Starting analyzer from: C:\tmpy1hzlw
2022-05-15 09:40:14,030 [analyzer] DEBUG: Pipe server name: \??\PIPE\IItrWRNxmRERYFtDZSfK
2022-05-15 09:40:14,030 [analyzer] DEBUG: Log pipe server name: \??\PIPE\BywSDVMxRbeHnmoMlKnbfA
2022-05-15 09:40:14,030 [analyzer] DEBUG: No analysis package specified, trying to detect it automagically.
2022-05-15 09:40:14,030 [analyzer] INFO: Automatically selected analysis package "generic"
2022-05-15 09:40:16,953 [analyzer] DEBUG: Started auxiliary module DbgView
2022-05-15 09:40:43,296 [analyzer] DEBUG: Started auxiliary module Disguise
2022-05-15 09:40:44,000 [analyzer] DEBUG: Loaded monitor into process with pid 496
2022-05-15 09:40:44,046 [analyzer] DEBUG: Started auxiliary module DumpTLSMasterSecrets
2022-05-15 09:40:44,046 [analyzer] DEBUG: Started auxiliary module Human
2022-05-15 09:40:44,046 [analyzer] DEBUG: Started auxiliary module InstallCertificate
2022-05-15 09:40:44,046 [analyzer] DEBUG: Started auxiliary module Reboot
2022-05-15 09:40:44,358 [analyzer] DEBUG: Started auxiliary module RecentFiles
2022-05-15 09:40:44,358 [analyzer] DEBUG: Started auxiliary module Screenshots
2022-05-15 09:40:44,358 [analyzer] DEBUG: Started auxiliary module LoadZer0m0n
2022-05-15 09:40:45,265 [lib.api.process] INFO: Successfully executed process from path 'C:\\Windows\\System32\\cmd.exe' with arguments ['/c', 'start', '/wait', '"PNlaTgVFjqdc"', u'C:\\Users\\ADMINI~1\\AppData\\Local\\Temp\\istockphoto-1188445864-612x612.jpg'] and pid 2764
2022-05-15 09:40:46,467 [analyzer] DEBUG: Loaded monitor into process with pid 2764
2022-05-15 09:41:29,250 [lib.api.process] INFO: Memory dump of process with pid 2764 completed
2022-05-15 09:41:31,405 [analyzer] INFO: Process with pid 2764 has terminated
2022-05-15 09:41:31,405 [analyzer] INFO: Process list is empty, terminating analysis.
2022-05-15 09:41:32,453 [analyzer] INFO: Analysis completed.
