2022-05-15 10:48:51,062 [analyzer] DEBUG: Starting analyzer from: C:\tmpy1hzlw
2022-05-15 10:48:51,062 [analyzer] DEBUG: Pipe server name: \??\PIPE\yqnWaPcuifZIuMyfcs
2022-05-15 10:48:51,062 [analyzer] DEBUG: Log pipe server name: \??\PIPE\cZHWFnywZkrpDksYERScpjztUywNFwO
2022-05-15 10:48:51,062 [analyzer] DEBUG: No analysis package specified, trying to detect it automagically.
2022-05-15 10:48:51,062 [analyzer] INFO: Automatically selected analysis package "generic"
2022-05-15 10:48:52,937 [analyzer] DEBUG: Started auxiliary module DbgView
2022-05-15 10:49:11,530 [analyzer] DEBUG: Started auxiliary module Disguise
2022-05-15 10:49:12,140 [analyzer] DEBUG: Loaded monitor into process with pid 496
2022-05-15 10:49:12,171 [analyzer] DEBUG: Started auxiliary module DumpTLSMasterSecrets
2022-05-15 10:49:12,187 [analyzer] DEBUG: Started auxiliary module Human
2022-05-15 10:49:12,187 [analyzer] DEBUG: Started auxiliary module InstallCertificate
2022-05-15 10:49:12,187 [analyzer] DEBUG: Started auxiliary module Reboot
2022-05-15 10:49:12,750 [analyzer] DEBUG: Started auxiliary module RecentFiles
2022-05-15 10:49:12,765 [analyzer] DEBUG: Started auxiliary module Screenshots
2022-05-15 10:49:12,765 [analyzer] DEBUG: Started auxiliary module LoadZer0m0n
2022-05-15 10:49:13,342 [lib.api.process] INFO: Successfully executed process from path 'C:\\Windows\\System32\\cmd.exe' with arguments ['/c', 'start', '/wait', '"rsMYIDIjWb"', u'C:\\Users\\ADMINI~1\\AppData\\Local\\Temp\\istockphoto-1188445864-612x612.jpg'] and pid 2752
2022-05-15 10:49:14,265 [analyzer] DEBUG: Loaded monitor into process with pid 2752
2022-05-15 10:49:48,296 [lib.api.process] INFO: Memory dump of process with pid 2752 completed
2022-05-15 10:49:48,592 [analyzer] INFO: Process with pid 2752 has terminated
2022-05-15 10:49:48,592 [analyzer] INFO: Process list is empty, terminating analysis.
2022-05-15 10:49:49,703 [analyzer] INFO: Analysis completed.
