2022-05-08 20:51:26,000 [analyzer] DEBUG: Starting analyzer from: C:\tmpijiehg
2022-05-08 20:51:26,015 [analyzer] DEBUG: Pipe server name: \??\PIPE\MAOFbNiYjBXZoGaBhPbLcUvIWZj
2022-05-08 20:51:26,015 [analyzer] DEBUG: Log pipe server name: \??\PIPE\FjNBiHsFvCJmrQesLhvrz
2022-05-08 20:51:27,405 [analyzer] DEBUG: Started auxiliary module DbgView
2022-05-08 20:51:44,342 [analyzer] DEBUG: Started auxiliary module Disguise
2022-05-08 20:51:44,796 [analyzer] DEBUG: Loaded monitor into process with pid 516
2022-05-08 20:51:44,828 [analyzer] DEBUG: Started auxiliary module DumpTLSMasterSecrets
2022-05-08 20:51:44,828 [analyzer] DEBUG: Started auxiliary module Human
2022-05-08 20:51:44,828 [analyzer] DEBUG: Started auxiliary module InstallCertificate
2022-05-08 20:51:44,828 [analyzer] DEBUG: Started auxiliary module Reboot
2022-05-08 20:51:45,578 [analyzer] DEBUG: Started auxiliary module RecentFiles
2022-05-08 20:51:45,592 [modules.auxiliary.screenshots] INFO: Python Image Library (either PIL or Pillow) is not installed, screenshots are disabled.
2022-05-08 20:51:45,592 [analyzer] DEBUG: Started auxiliary module Screenshots
2022-05-08 20:51:45,592 [analyzer] DEBUG: Started auxiliary module LoadZer0m0n
2022-05-08 20:51:46,280 [lib.api.process] INFO: Successfully executed process from path 'C:\\Program Files\\Internet Explorer\\iexplore.exe' with arguments ['http://www.facebook.com.tw'] and pid 2304
2022-05-08 20:51:46,592 [analyzer] DEBUG: Loaded monitor into process with pid 2304
2022-05-08 20:51:46,640 [analyzer] DEBUG: Ignoring process "C:\Windows\System32\ie4uinit.exe" -ShowQLIcon!
2022-05-08 20:51:49,796 [analyzer] DEBUG: Following legitimate IE8 process: "C:\Program Files\Internet Explorer\iexplore.exe" SCODEF:2304 CREDAT:79873!
2022-05-08 20:51:49,983 [analyzer] INFO: Injected into process with pid 2416 and name u'iexplore.exe'
2022-05-08 20:51:50,671 [lib.api.process] INFO: Memory dump of process with pid 2416 completed
2022-05-08 20:51:51,062 [analyzer] DEBUG: Loaded monitor into process with pid 2416
2022-05-08 20:51:51,421 [analyzer] INFO: Added new file to list with pid 2304 and path C:\Users\Administrator\AppData\Local\Microsoft\Internet Explorer\Recovery\High\Active\RecoveryStore.{E92075E9-CEFF-11EC-A65C-70979615EC5C}.dat
2022-05-08 20:51:51,467 [analyzer] INFO: Added new file to list with pid 2304 and path C:\Users\Administrator\AppData\Local\Temp\~DF7C8B6B2ECCCE3D81.TMP
2022-05-08 20:51:52,562 [analyzer] INFO: Added new file to list with pid 2304 and path C:\Users\Administrator\Favorites\Links\desktop.ini
2022-05-08 20:51:53,562 [analyzer] INFO: Added new file to list with pid 2304 and path C:\Users\Administrator\AppData\Local\Microsoft\Internet Explorer\Recovery\High\Active\{E92075EA-CEFF-11EC-A65C-70979615EC5C}.dat
2022-05-08 20:51:53,655 [analyzer] INFO: Added new file to list with pid 2304 and path C:\Users\Administrator\AppData\Local\Temp\~DFB6511F62D7E03059.TMP
2022-05-08 20:52:07,125 [analyzer] INFO: Added new file to list with pid 2416 and path C:\Users\Administrator\AppData\Local\Microsoft\Windows\Temporary Internet Files\Content.IE5\A3UO8RD8\dnserror[1]
2022-05-08 20:52:07,405 [analyzer] INFO: Added new file to list with pid 2416 and path C:\Users\Administrator\AppData\Local\Microsoft\Windows\Temporary Internet Files\Content.IE5\IBBL5OJZ\ErrorPageTemplate[1]
2022-05-08 20:52:07,578 [analyzer] INFO: Added new file to list with pid 2416 and path C:\Users\Administrator\AppData\Local\Microsoft\Windows\Temporary Internet Files\Content.IE5\1930N1EX\errorPageStrings[1]
2022-05-08 20:52:08,108 [analyzer] INFO: Added new file to list with pid 2416 and path C:\Users\Administrator\AppData\Local\Microsoft\Windows\Temporary Internet Files\Content.IE5\0CXDFCDX\httpErrorPagesScripts[1]
2022-05-08 20:52:08,233 [analyzer] INFO: Added new file to list with pid 2416 and path C:\Users\Administrator\AppData\Local\Microsoft\Windows\Temporary Internet Files\Content.IE5\A3UO8RD8\noConnect[1]
2022-05-08 20:52:08,421 [analyzer] INFO: Added new file to list with pid 2416 and path C:\Users\Administrator\AppData\Local\Microsoft\Windows\Temporary Internet Files\Content.IE5\IBBL5OJZ\background_gradient[1]
2022-05-08 20:52:08,592 [analyzer] INFO: Added new file to list with pid 2416 and path C:\Users\Administrator\AppData\Local\Microsoft\Windows\Temporary Internet Files\Content.IE5\1930N1EX\down[1]
2022-05-08 20:52:08,640 [analyzer] INFO: Added new file to list with pid 2416 and path C:\Users\Administrator\AppData\Local\Microsoft\Windows\Temporary Internet Files\Content.IE5\0CXDFCDX\favcenter[1]
2022-05-08 20:52:08,717 [analyzer] INFO: Added new file to list with pid 2416 and path C:\Users\Administrator\AppData\Local\Microsoft\Windows\Temporary Internet Files\Content.IE5\A3UO8RD8\tools[1]
2022-05-08 20:53:45,296 [analyzer] INFO: Analysis timeout hit, terminating analysis.
2022-05-08 20:54:11,983 [lib.api.process] INFO: Memory dump of process with pid 2304 completed
