2022-05-13 04:14:29,155 [analyzer] DEBUG: Starting analyzer from: C:\tmpy1hzlw
2022-05-13 04:14:29,155 [analyzer] DEBUG: Pipe server name: \??\PIPE\rZsGdGMtcaYCefKbgQ
2022-05-13 04:14:29,155 [analyzer] DEBUG: Log pipe server name: \??\PIPE\soXrULAPFWbJLlITZ
2022-05-13 04:14:29,155 [analyzer] DEBUG: No analysis package specified, trying to detect it automagically.
2022-05-13 04:14:29,155 [analyzer] INFO: Automatically selected analysis package "generic"
2022-05-13 04:14:31,421 [analyzer] DEBUG: Started auxiliary module DbgView
2022-05-13 04:14:54,875 [analyzer] DEBUG: Started auxiliary module Disguise
2022-05-13 04:14:55,405 [analyzer] DEBUG: Loaded monitor into process with pid 496
2022-05-13 04:14:55,453 [analyzer] DEBUG: Started auxiliary module DumpTLSMasterSecrets
2022-05-13 04:14:55,467 [analyzer] DEBUG: Started auxiliary module Human
2022-05-13 04:14:55,467 [analyzer] DEBUG: Started auxiliary module InstallCertificate
2022-05-13 04:14:55,467 [analyzer] DEBUG: Started auxiliary module Reboot
2022-05-13 04:14:55,828 [analyzer] DEBUG: Started auxiliary module RecentFiles
2022-05-13 04:14:55,842 [analyzer] DEBUG: Started auxiliary module Screenshots
2022-05-13 04:14:55,842 [analyzer] DEBUG: Started auxiliary module LoadZer0m0n
2022-05-13 04:14:56,530 [lib.api.process] INFO: Successfully executed process from path 'C:\\Windows\\System32\\cmd.exe' with arguments ['/c', 'start', '/wait', '"tNVBlCsfb"', u'C:\\Users\\ADMINI~1\\AppData\\Local\\Temp\\istockphoto-1188445864-612x612.jpg'] and pid 2708
2022-05-13 04:14:57,796 [analyzer] DEBUG: Loaded monitor into process with pid 2708
2022-05-13 04:15:37,796 [lib.api.process] INFO: Memory dump of process with pid 2708 completed
2022-05-13 04:15:40,171 [analyzer] INFO: Process with pid 2708 has terminated
2022-05-13 04:15:40,187 [analyzer] INFO: Process list is empty, terminating analysis.
2022-05-13 04:15:41,187 [analyzer] INFO: Analysis completed.
