2022-05-16 06:49:35,015 [analyzer] DEBUG: Starting analyzer from: C:\tmpy1hzlw
2022-05-16 06:49:35,030 [analyzer] DEBUG: Pipe server name: \??\PIPE\ZwHCQoXcOevjpuppk
2022-05-16 06:49:35,030 [analyzer] DEBUG: Log pipe server name: \??\PIPE\DqDNqdrhAxZCvWIuh
2022-05-16 06:49:35,030 [analyzer] DEBUG: No analysis package specified, trying to detect it automagically.
2022-05-16 06:49:35,030 [analyzer] INFO: Automatically selected analysis package "generic"
2022-05-16 06:49:37,453 [analyzer] DEBUG: Started auxiliary module DbgView
2022-05-16 12:50:12,858 [analyzer] DEBUG: Started auxiliary module Disguise
2022-05-16 12:50:13,436 [analyzer] DEBUG: Loaded monitor into process with pid 496
2022-05-16 12:50:13,483 [analyzer] DEBUG: Started auxiliary module DumpTLSMasterSecrets
2022-05-16 12:50:13,499 [analyzer] DEBUG: Started auxiliary module Human
2022-05-16 12:50:13,499 [analyzer] DEBUG: Started auxiliary module InstallCertificate
2022-05-16 12:50:13,499 [analyzer] DEBUG: Started auxiliary module Reboot
2022-05-16 12:50:14,061 [analyzer] DEBUG: Started auxiliary module RecentFiles
2022-05-16 12:50:14,076 [analyzer] DEBUG: Started auxiliary module Screenshots
2022-05-16 12:50:14,076 [analyzer] DEBUG: Started auxiliary module LoadZer0m0n
2022-05-16 12:50:14,624 [lib.api.process] INFO: Successfully executed process from path 'C:\\Windows\\System32\\cmd.exe' with arguments ['/c', 'start', '/wait', '"GLpXCXhEXff"', u'C:\\Users\\ADMINI~1\\AppData\\Local\\Temp\\istockphoto-1188445864-612x612.jpg'] and pid 2828
2022-05-16 12:50:15,624 [analyzer] DEBUG: Loaded monitor into process with pid 2828
2022-05-16 12:50:50,842 [lib.api.process] INFO: Memory dump of process with pid 2828 completed
2022-05-16 12:50:51,217 [analyzer] INFO: Process with pid 2828 has terminated
2022-05-16 12:50:51,217 [analyzer] INFO: Process list is empty, terminating analysis.
2022-05-16 12:50:52,217 [analyzer] INFO: Analysis completed.
