2022-05-15 05:48:16,078 [analyzer] DEBUG: Starting analyzer from: C:\tmpy1hzlw
2022-05-15 05:48:16,078 [analyzer] DEBUG: Pipe server name: \??\PIPE\CoYBTvphmWUOTJHHIvgplX
2022-05-15 05:48:16,078 [analyzer] DEBUG: Log pipe server name: \??\PIPE\WynipMbLVwlYDVfAMOjOFxYCLHB
2022-05-15 05:48:16,078 [analyzer] DEBUG: No analysis package specified, trying to detect it automagically.
2022-05-15 05:48:16,078 [analyzer] INFO: Automatically selected analysis package "generic"
2022-05-15 05:48:18,078 [analyzer] DEBUG: Started auxiliary module DbgView
2022-05-15 05:48:36,280 [analyzer] DEBUG: Started auxiliary module Disguise
2022-05-15 05:48:36,890 [analyzer] DEBUG: Loaded monitor into process with pid 496
2022-05-15 05:48:36,905 [analyzer] DEBUG: Started auxiliary module DumpTLSMasterSecrets
2022-05-15 05:48:36,921 [analyzer] DEBUG: Started auxiliary module Human
2022-05-15 05:48:36,921 [analyzer] DEBUG: Started auxiliary module InstallCertificate
2022-05-15 05:48:36,921 [analyzer] DEBUG: Started auxiliary module Reboot
2022-05-15 05:48:37,342 [analyzer] DEBUG: Started auxiliary module RecentFiles
2022-05-15 05:48:37,342 [analyzer] DEBUG: Started auxiliary module Screenshots
2022-05-15 05:48:37,342 [analyzer] DEBUG: Started auxiliary module LoadZer0m0n
2022-05-15 05:48:37,953 [lib.api.process] INFO: Successfully executed process from path 'C:\\Windows\\System32\\cmd.exe' with arguments ['/c', 'start', '/wait', '"OWIEMnvrT"', u'C:\\Users\\ADMINI~1\\AppData\\Local\\Temp\\istockphoto-1188445864-612x612.jpg'] and pid 2776
2022-05-15 05:48:38,953 [analyzer] DEBUG: Loaded monitor into process with pid 2776
2022-05-15 05:49:08,687 [lib.api.process] INFO: Memory dump of process with pid 2776 completed
2022-05-15 05:49:09,140 [analyzer] INFO: Process with pid 2776 has terminated
2022-05-15 05:49:09,140 [analyzer] INFO: Process list is empty, terminating analysis.
2022-05-15 05:49:10,140 [analyzer] INFO: Analysis completed.
