2022-05-15 11:08:14,015 [analyzer] DEBUG: Starting analyzer from: C:\tmpy1hzlw
2022-05-15 11:08:14,015 [analyzer] DEBUG: Pipe server name: \??\PIPE\QYVkCqZAbgwGFAPMHcwa
2022-05-15 11:08:14,015 [analyzer] DEBUG: Log pipe server name: \??\PIPE\cUPfyAnrlFzzHgayUZRavDfpO
2022-05-15 11:08:14,030 [analyzer] DEBUG: No analysis package specified, trying to detect it automagically.
2022-05-15 11:08:14,030 [analyzer] INFO: Automatically selected analysis package "generic"
2022-05-15 11:08:16,421 [analyzer] DEBUG: Started auxiliary module DbgView
2022-05-15 11:08:37,062 [analyzer] DEBUG: Started auxiliary module Disguise
2022-05-15 11:08:37,655 [analyzer] DEBUG: Loaded monitor into process with pid 496
2022-05-15 11:08:37,671 [analyzer] DEBUG: Started auxiliary module DumpTLSMasterSecrets
2022-05-15 11:08:37,687 [analyzer] DEBUG: Started auxiliary module Human
2022-05-15 11:08:37,687 [analyzer] DEBUG: Started auxiliary module InstallCertificate
2022-05-15 11:08:37,687 [analyzer] DEBUG: Started auxiliary module Reboot
2022-05-15 11:08:38,342 [analyzer] DEBUG: Started auxiliary module RecentFiles
2022-05-15 11:08:38,342 [analyzer] DEBUG: Started auxiliary module Screenshots
2022-05-15 11:08:38,342 [analyzer] DEBUG: Started auxiliary module LoadZer0m0n
2022-05-15 11:08:38,953 [lib.api.process] INFO: Successfully executed process from path 'C:\\Windows\\System32\\cmd.exe' with arguments ['/c', 'start', '/wait', '"ehUygEz"', u'C:\\Users\\ADMINI~1\\AppData\\Local\\Temp\\istockphoto-1188445864-612x612.jpg'] and pid 2788
2022-05-15 11:08:39,937 [analyzer] DEBUG: Loaded monitor into process with pid 2788
2022-05-15 11:09:15,625 [lib.api.process] INFO: Memory dump of process with pid 2788 completed
2022-05-15 11:09:17,905 [analyzer] INFO: Process with pid 2788 has terminated
2022-05-15 11:09:17,905 [analyzer] INFO: Process list is empty, terminating analysis.
2022-05-15 11:09:18,905 [analyzer] INFO: Analysis completed.
