2022-05-13 04:26:37,015 [analyzer] DEBUG: Starting analyzer from: C:\tmpy1hzlw
2022-05-13 04:26:37,030 [analyzer] DEBUG: Pipe server name: \??\PIPE\WdeBUwiqyiYsnvcGcAAldumtLR
2022-05-13 04:26:37,030 [analyzer] DEBUG: Log pipe server name: \??\PIPE\KroWoPIjPpASVVtBklhXWgKptUsi
2022-05-13 04:26:37,030 [analyzer] DEBUG: No analysis package specified, trying to detect it automagically.
2022-05-13 04:26:37,030 [analyzer] INFO: Automatically selected analysis package "generic"
2022-05-13 04:26:39,187 [analyzer] DEBUG: Started auxiliary module DbgView
2022-05-13 04:26:57,828 [analyzer] DEBUG: Started auxiliary module Disguise
2022-05-13 04:26:58,500 [analyzer] DEBUG: Loaded monitor into process with pid 496
2022-05-13 04:26:58,530 [analyzer] DEBUG: Started auxiliary module DumpTLSMasterSecrets
2022-05-13 04:26:58,530 [analyzer] DEBUG: Started auxiliary module Human
2022-05-13 04:26:58,530 [analyzer] DEBUG: Started auxiliary module InstallCertificate
2022-05-13 04:26:58,530 [analyzer] DEBUG: Started auxiliary module Reboot
2022-05-13 04:26:59,358 [analyzer] DEBUG: Started auxiliary module RecentFiles
2022-05-13 04:26:59,358 [analyzer] DEBUG: Started auxiliary module Screenshots
2022-05-13 04:26:59,375 [analyzer] DEBUG: Started auxiliary module LoadZer0m0n
2022-05-13 04:27:00,092 [lib.api.process] INFO: Successfully executed process from path 'C:\\Windows\\System32\\cmd.exe' with arguments ['/c', 'start', '/wait', '"GiLMn"', u'C:\\Users\\ADMINI~1\\AppData\\Local\\Temp\\istockphoto-1188445864-612x612.jpg'] and pid 2700
2022-05-13 04:27:01,562 [analyzer] DEBUG: Loaded monitor into process with pid 2700
2022-05-13 04:27:37,000 [lib.api.process] INFO: Memory dump of process with pid 2700 completed
2022-05-13 04:27:37,092 [analyzer] INFO: Process with pid 2700 has terminated
2022-05-13 04:27:37,092 [analyzer] INFO: Process list is empty, terminating analysis.
2022-05-13 04:27:38,375 [analyzer] INFO: Analysis completed.
