2022-05-15 09:26:12,108 [analyzer] DEBUG: Starting analyzer from: C:\tmpy1hzlw
2022-05-15 09:26:12,108 [analyzer] DEBUG: Pipe server name: \??\PIPE\iBiDEtojeWLMeQnnWTrKMfycXDsw
2022-05-15 09:26:12,108 [analyzer] DEBUG: Log pipe server name: \??\PIPE\HmIFQFfnMvRfsyVGbznLy
2022-05-15 09:26:12,108 [analyzer] DEBUG: No analysis package specified, trying to detect it automagically.
2022-05-15 09:26:12,108 [analyzer] INFO: Automatically selected analysis package "generic"
2022-05-15 09:26:14,546 [analyzer] DEBUG: Started auxiliary module DbgView
2022-05-15 09:26:35,562 [analyzer] DEBUG: Started auxiliary module Disguise
2022-05-15 09:26:36,265 [analyzer] DEBUG: Loaded monitor into process with pid 496
2022-05-15 09:26:36,312 [analyzer] DEBUG: Started auxiliary module DumpTLSMasterSecrets
2022-05-15 09:26:36,312 [analyzer] DEBUG: Started auxiliary module Human
2022-05-15 09:26:36,312 [analyzer] DEBUG: Started auxiliary module InstallCertificate
2022-05-15 09:26:36,312 [analyzer] DEBUG: Started auxiliary module Reboot
2022-05-15 09:26:36,733 [analyzer] DEBUG: Started auxiliary module RecentFiles
2022-05-15 09:26:36,733 [analyzer] DEBUG: Started auxiliary module Screenshots
2022-05-15 09:26:36,733 [analyzer] DEBUG: Started auxiliary module LoadZer0m0n
2022-05-15 09:26:37,280 [lib.api.process] INFO: Successfully executed process from path 'C:\\Windows\\System32\\cmd.exe' with arguments ['/c', 'start', '/wait', '"AffRoExKZmMe"', u'C:\\Users\\ADMINI~1\\AppData\\Local\\Temp\\istockphoto-1188445864-612x612.jpg'] and pid 2764
2022-05-15 09:26:38,171 [analyzer] DEBUG: Loaded monitor into process with pid 2764
2022-05-15 09:27:22,655 [lib.api.process] INFO: Memory dump of process with pid 2764 completed
2022-05-15 09:27:24,812 [analyzer] INFO: Process with pid 2764 has terminated
2022-05-15 09:27:24,812 [analyzer] INFO: Process list is empty, terminating analysis.
2022-05-15 09:27:25,812 [analyzer] INFO: Analysis completed.
