2022-05-15 08:41:22,015 [analyzer] DEBUG: Starting analyzer from: C:\tmpy1hzlw
2022-05-15 08:41:22,030 [analyzer] DEBUG: Pipe server name: \??\PIPE\DjpRiVpBObdPXrlM
2022-05-15 08:41:22,030 [analyzer] DEBUG: Log pipe server name: \??\PIPE\XlzPunoVmKTrhGwD
2022-05-15 08:41:22,030 [analyzer] DEBUG: No analysis package specified, trying to detect it automagically.
2022-05-15 08:41:22,030 [analyzer] INFO: Automatically selected analysis package "generic"
2022-05-15 08:41:24,203 [analyzer] DEBUG: Started auxiliary module DbgView
2022-05-15 08:41:44,265 [analyzer] DEBUG: Started auxiliary module Disguise
2022-05-15 08:41:44,875 [analyzer] DEBUG: Loaded monitor into process with pid 496
2022-05-15 08:41:44,890 [analyzer] DEBUG: Started auxiliary module DumpTLSMasterSecrets
2022-05-15 08:41:44,905 [analyzer] DEBUG: Started auxiliary module Human
2022-05-15 08:41:44,905 [analyzer] DEBUG: Started auxiliary module InstallCertificate
2022-05-15 08:41:44,905 [analyzer] DEBUG: Started auxiliary module Reboot
2022-05-15 08:41:45,296 [analyzer] DEBUG: Started auxiliary module RecentFiles
2022-05-15 08:41:45,296 [analyzer] DEBUG: Started auxiliary module Screenshots
2022-05-15 08:41:45,296 [analyzer] DEBUG: Started auxiliary module LoadZer0m0n
2022-05-15 08:41:46,155 [lib.api.process] INFO: Successfully executed process from path 'C:\\Windows\\System32\\cmd.exe' with arguments ['/c', 'start', '/wait', '"GGwYz"', u'C:\\Users\\ADMINI~1\\AppData\\Local\\Temp\\istockphoto-1188445864-612x612.jpg'] and pid 2760
2022-05-15 08:41:47,171 [analyzer] DEBUG: Loaded monitor into process with pid 2760
2022-05-15 08:42:24,483 [lib.api.process] INFO: Memory dump of process with pid 2760 completed
2022-05-15 08:42:24,562 [analyzer] INFO: Process with pid 2760 has terminated
2022-05-15 08:42:24,562 [analyzer] INFO: Process list is empty, terminating analysis.
2022-05-15 08:42:25,717 [analyzer] INFO: Analysis completed.
