2022-05-16 06:53:38,015 [analyzer] DEBUG: Starting analyzer from: C:\tmpy1hzlw
2022-05-16 06:53:38,030 [analyzer] DEBUG: Pipe server name: \??\PIPE\FCIxCkyzVKlBdIgbeuIkrGRVs
2022-05-16 06:53:38,046 [analyzer] DEBUG: Log pipe server name: \??\PIPE\gYLAzyESoCSibNqEWPZPqFTCcuL
2022-05-16 06:53:38,046 [analyzer] DEBUG: No analysis package specified, trying to detect it automagically.
2022-05-16 06:53:38,046 [analyzer] INFO: Automatically selected analysis package "generic"
2022-05-16 06:53:40,467 [analyzer] DEBUG: Started auxiliary module DbgView
2022-05-16 12:54:19,026 [analyzer] DEBUG: Started auxiliary module Disguise
2022-05-16 12:54:19,589 [analyzer] DEBUG: Loaded monitor into process with pid 496
2022-05-16 12:54:19,605 [analyzer] DEBUG: Started auxiliary module DumpTLSMasterSecrets
2022-05-16 12:54:19,621 [analyzer] DEBUG: Started auxiliary module Human
2022-05-16 12:54:19,621 [analyzer] DEBUG: Started auxiliary module InstallCertificate
2022-05-16 12:54:19,621 [analyzer] DEBUG: Started auxiliary module Reboot
2022-05-16 12:54:20,089 [analyzer] DEBUG: Started auxiliary module RecentFiles
2022-05-16 12:54:20,105 [analyzer] DEBUG: Started auxiliary module Screenshots
2022-05-16 12:54:20,105 [analyzer] DEBUG: Started auxiliary module LoadZer0m0n
2022-05-16 12:54:20,698 [lib.api.process] INFO: Successfully executed process from path 'C:\\Windows\\System32\\cmd.exe' with arguments ['/c', 'start', '/wait', '"ZpsZcmZNwriK"', u'C:\\Users\\ADMINI~1\\AppData\\Local\\Temp\\istockphoto-1188445864-612x612.jpg'] and pid 2804
2022-05-16 12:54:21,730 [analyzer] DEBUG: Loaded monitor into process with pid 2804
2022-05-16 12:55:07,667 [lib.api.process] INFO: Memory dump of process with pid 2804 completed
2022-05-16 12:55:09,526 [analyzer] INFO: Process with pid 2804 has terminated
2022-05-16 12:55:09,542 [analyzer] INFO: Process list is empty, terminating analysis.
2022-05-16 12:55:10,542 [analyzer] INFO: Analysis completed.
