2022-05-16 06:53:39,384 [cuckoo.core.scheduler] INFO: Task #113: acquired machine 192.168.56.102 (label=192.168.56.102)
2022-05-16 06:53:39,384 [cuckoo.core.resultserver] DEBUG: Now tracking machine 192.168.56.101 for task #113
2022-05-16 06:53:39,385 [cuckoo.core.plugins] DEBUG: Started auxiliary module: Replay
2022-05-16 06:53:39,402 [cuckoo.auxiliary.sniffer] INFO: Started sniffer with PID 16446 (interface=vboxnet0, host=192.168.56.101)
2022-05-16 06:53:39,402 [cuckoo.core.plugins] DEBUG: Started auxiliary module: Sniffer
2022-05-16 06:53:39,446 [cuckoo.machinery.virtualbox] DEBUG: Starting vm 192.168.56.102
2022-05-16 06:53:39,761 [cuckoo.machinery.virtualbox] DEBUG: Restoring virtual machine 192.168.56.102 to its current snapshot
2022-05-16 06:53:44,255 [cuckoo.core.guest] INFO: Starting analysis #113 on guest (id=192.168.56.102, ip=192.168.56.101)
2022-05-16 06:53:45,257 [cuckoo.core.guest] DEBUG: 192.168.56.102: not ready yet
2022-05-16 06:53:46,259 [cuckoo.core.guest] DEBUG: 192.168.56.102: not ready yet
2022-05-16 06:53:47,262 [cuckoo.core.guest] DEBUG: 192.168.56.102: not ready yet
2022-05-16 06:53:47,307 [cuckoo.core.guest] DEBUG: 192.168.56.102: not ready yet
2022-05-16 06:53:48,334 [cuckoo.core.guest] INFO: Guest is running Cuckoo Agent 0.10 (id=192.168.56.102, ip=192.168.56.101)
2022-05-16 06:53:48,381 [cuckoo.core.guest] DEBUG: Uploading analyzer to guest (id=192.168.56.102, ip=192.168.56.101, monitor=latest, size=3884763)
2022-05-16 06:53:53,275 [cuckoo.core.resultserver] DEBUG: Task #113: live log analysis.log initialized.
2022-05-16 06:53:56,653 [cuckoo.core.guest] DEBUG: 192.168.56.102: analysis #113 still processing
2022-05-16 06:54:01,740 [cuckoo.core.guest] DEBUG: 192.168.56.102: analysis #113 still processing
2022-05-16 06:54:06,812 [cuckoo.core.guest] DEBUG: 192.168.56.102: analysis #113 still processing
2022-05-16 06:54:11,852 [cuckoo.core.guest] DEBUG: 192.168.56.102: analysis #113 still processing
2022-05-16 06:54:16,914 [cuckoo.core.guest] DEBUG: 192.168.56.102: analysis #113 still processing
2022-05-16 06:54:19,626 [cuckoo.core.resultserver] DEBUG: Task #113 is sending a BSON stream
2022-05-16 06:54:21,267 [cuckoo.core.resultserver] DEBUG: Task #113 is sending a BSON stream
2022-05-16 06:54:21,857 [cuckoo.core.resultserver] DEBUG: Task #113: File upload for 'shots/0001.jpg'
2022-05-16 06:54:21,881 [cuckoo.core.resultserver] DEBUG: Task #113 uploaded file length: 47870
2022-05-16 06:54:21,975 [cuckoo.core.guest] DEBUG: 192.168.56.102: analysis #113 still processing
2022-05-16 06:54:27,026 [cuckoo.core.guest] DEBUG: 192.168.56.102: analysis #113 still processing
2022-05-16 06:54:32,123 [cuckoo.core.guest] DEBUG: 192.168.56.102: analysis #113 still processing
2022-05-16 06:54:37,185 [cuckoo.core.guest] DEBUG: 192.168.56.102: analysis #113 still processing
2022-05-16 06:54:42,877 [cuckoo.core.guest] DEBUG: 192.168.56.102: analysis #113 still processing
2022-05-16 06:54:49,123 [cuckoo.core.guest] DEBUG: 192.168.56.102: analysis #113 still processing
2022-05-16 06:54:54,231 [cuckoo.core.guest] DEBUG: 192.168.56.102: analysis #113 still processing
2022-05-16 06:54:59,273 [cuckoo.core.guest] DEBUG: 192.168.56.102: analysis #113 still processing
2022-05-16 06:55:01,035 [cuckoo.core.resultserver] DEBUG: Task #113: File upload for 'memory/2804-1.dmp'
2022-05-16 06:55:04,334 [cuckoo.core.guest] DEBUG: 192.168.56.102: analysis #113 still processing
2022-05-16 06:55:07,892 [cuckoo.core.resultserver] DEBUG: Task #113 uploaded file length: 70538864
2022-05-16 06:55:09,393 [cuckoo.core.guest] DEBUG: 192.168.56.102: analysis #113 still processing
2022-05-16 06:55:10,574 [cuckoo.core.resultserver] DEBUG: Task #113: File upload for 'shots/0002.jpg'
2022-05-16 06:55:10,671 [cuckoo.core.resultserver] DEBUG: Task #113 uploaded file length: 42864
2022-05-16 06:55:11,417 [cuckoo.core.guest] INFO: 192.168.56.102: analysis completed successfully
2022-05-16 06:55:11,435 [cuckoo.core.plugins] DEBUG: Stopped auxiliary module: Replay
2022-05-16 06:55:11,437 [cuckoo.core.plugins] DEBUG: Stopped auxiliary module: Sniffer
2022-05-16 06:55:11,437 [cuckoo.machinery.virtualbox] DEBUG: Stopping vm 192.168.56.102
2022-05-16 06:55:12,759 [cuckoo.core.resultserver] DEBUG: Stopped tracking machine 192.168.56.101 for task #113
2022-05-16 06:55:12,760 [cuckoo.core.resultserver] DEBUG: Cancel <Context for LOG> for task 113
2022-05-16 06:55:12,765 [cuckoo.core.scheduler] DEBUG: Released database task #113
2022-05-16 06:55:12,794 [cuckoo.core.plugins] DEBUG: Executed processing module "AnalysisInfo" for task #113
2022-05-16 06:55:12,802 [cuckoo.core.plugins] DEBUG: Executed processing module "BehaviorAnalysis" for task #113
2022-05-16 06:55:12,804 [cuckoo.core.plugins] DEBUG: Executed processing module "Dropped" for task #113
2022-05-16 06:55:12,805 [cuckoo.core.plugins] DEBUG: Executed processing module "DroppedBuffer" for task #113
2022-05-16 06:55:13,543 [cuckoo.core.plugins] DEBUG: Executed processing module "MetaInfo" for task #113
2022-05-16 06:55:15,645 [cuckoo.core.plugins] DEBUG: Executed processing module "ProcessMemory" for task #113
2022-05-16 06:55:15,645 [cuckoo.core.plugins] DEBUG: Executed processing module "Procmon" for task #113
2022-05-16 06:55:15,680 [cuckoo.core.plugins] DEBUG: Executed processing module "Screenshots" for task #113
2022-05-16 06:55:15,682 [cuckoo.core.plugins] DEBUG: Executed processing module "Static" for task #113
2022-05-16 06:55:15,687 [cuckoo.core.plugins] DEBUG: Executed processing module "Strings" for task #113
2022-05-16 06:55:15,692 [cuckoo.core.plugins] DEBUG: Executed processing module "TargetInfo" for task #113
2022-05-16 06:55:16,214 [cuckoo.core.plugins] DEBUG: Executed processing module "NetworkAnalysis" for task #113
2022-05-16 06:55:16,215 [cuckoo.core.plugins] DEBUG: Executed processing module "Extracted" for task #113
2022-05-16 06:55:16,215 [cuckoo.core.plugins] DEBUG: Executed processing module "TLSMasterSecrets" for task #113
2022-05-16 06:55:16,219 [cuckoo.core.plugins] DEBUG: Executed processing module "Debug" for task #113
2022-05-16 06:55:16,219 [cuckoo.core.plugins] WARNING: fuck you
2022-05-16 06:55:16,291 [cuckoo.core.plugins] DEBUG: Running 545 signatures
2022-05-16 06:55:16,431 [root] WARNING: FCFF1BD7B7192A78D13467906B4AD0F1
2022-05-16 06:55:16,432 [root] WARNING: 651C46A29276497A5597868502E84A60
2022-05-16 06:55:16,432 [root] WARNING: 23A45C7EB14280668289467ED1251A8F
2022-05-16 06:55:16,432 [root] WARNING: 7C4D35D98B5D78879757DF9948C81F93
2022-05-16 06:55:16,432 [root] WARNING: 3A8E8297E2E25B0ECF80FE75A7F9EF92
2022-05-16 06:55:16,432 [root] WARNING: 4444B83A2350DCFA02B04BFB5A697188
2022-05-16 06:55:16,432 [root] WARNING: A7B18B82ED35C715551F6DE74A985037
2022-05-16 06:55:16,433 [root] WARNING: 68047A8518FF4752FB9EC2E6050535FB
2022-05-16 06:55:16,433 [root] WARNING: 99B83DD96736E20237ABCC1334A4AF04
2022-05-16 06:55:16,433 [root] WARNING: AA054899F7CA53D4055798125F777008
2022-05-16 06:55:16,433 [root] WARNING: 19687A3B847DCEA13F46C97F810AB5DC
2022-05-16 06:55:16,433 [root] WARNING: 661842995F7FDD2E61667DBC2F019FF3
2022-05-16 06:55:16,433 [root] WARNING: E051009B12B37C7EE16E810C135F1FEF
2022-05-16 06:55:16,434 [root] WARNING: DF96269B0242BDB6A06621696F5D31CB
2022-05-16 06:55:16,434 [root] WARNING: 1CB70176BCE5E95E94113B00501A2A2D
2022-05-16 06:55:16,434 [root] WARNING: A34809F26A22E0127E99597FED9169BF
2022-05-16 06:55:16,434 [root] WARNING: 5CB9C0740B8DAF928C5D6DBBC5DA304F
2022-05-16 06:55:16,434 [root] WARNING: B25B24998800DA7B5CF17879F2EB83ED
2022-05-16 06:55:16,435 [root] WARNING: BF10D21E0993182C03867ADC0314E870
2022-05-16 06:55:16,435 [root] WARNING: 74D98F6A1CAC7F87E6555CA6807E4A91
2022-05-16 06:55:16,435 [root] WARNING: 80A0443DF9DC2066B81ACB8C15519E16
2022-05-16 06:55:16,435 [root] WARNING: 4295F12FD4EB5728D47CA7A5A876F118
2022-05-16 06:55:16,435 [root] WARNING: FAFEF0200A8389818E31D693B382F3B5
2022-05-16 06:55:16,435 [root] WARNING: EB8534C9DBA45F1F4C4F69AB994240DF
2022-05-16 06:55:16,436 [root] WARNING: 33B80A574C6441BAF5409A292AAFB1CF
2022-05-16 06:55:16,436 [root] WARNING: 2CC4534B0DD0E1C8D5B89644274A10C1
2022-05-16 06:55:16,436 [root] WARNING: 90B3D46BBAF7B2AF95620C551D22641E
2022-05-16 06:55:16,436 [root] WARNING: 918F5ED6D2FC9F112F00F7787C7D86F2
2022-05-16 06:55:16,436 [root] WARNING: 692B9AF4E5BC94FC0479D215A81952C5
2022-05-16 06:55:16,437 [root] WARNING: 51AAD9D568A5F0F734D185152D041788
2022-05-16 06:55:16,437 [root] WARNING: D68180819BB8EB8207DC6AB74C1A4642
2022-05-16 06:55:16,437 [root] WARNING: F0F32A04E7E02E2AEEE40C48C2718C1C
2022-05-16 06:55:16,437 [root] WARNING: DFDE077682D399160EC78F272E49784F
2022-05-16 06:55:16,437 [root] WARNING: A4F19FBA9A5EC97D3560CD43C4BD5507
2022-05-16 06:55:16,437 [root] WARNING: 79B824BB99B4CC4F5DA880371DE52977
2022-05-16 06:55:16,437 [root] WARNING: B2C2DBC5DC9963C553EC2A9084F4B11A
2022-05-16 06:55:16,438 [root] WARNING: 75A3B83D2B4131132D76D92190F045EC
2022-05-16 06:55:16,438 [root] WARNING: 044E2E7C4813ACCDBE030C49CEF3326B
2022-05-16 06:55:16,438 [root] WARNING: 0B75113F8A78DCC1DEA18D0E9AABC10A
2022-05-16 06:55:16,438 [root] WARNING: 714A3DBD9E68AC506F48FBB2AE5C2F4A
2022-05-16 06:55:16,438 [root] WARNING: AB913C26832CD6E038625E30EBD38EC2
2022-05-16 06:55:16,438 [root] WARNING: 89099235AAD37A29B7ACEDC96FDA0037
2022-05-16 06:55:16,439 [root] WARNING: EA26B825169E39E0F2F3EAA3AB44354F
2022-05-16 06:55:16,439 [root] WARNING: BE02F4E7F839BFCC9A00ACBCBA724BCE
2022-05-16 06:55:16,439 [root] WARNING: BCF76B649B5C6016B4071D197B1CE111
2022-05-16 06:55:16,439 [root] WARNING: 49513B3B8809312D34BB09BD9EA3EB46
2022-05-16 06:55:16,439 [root] WARNING: 8BA4948AC1EF8C0E8B0E2D4099E119A3
2022-05-16 06:55:16,439 [root] WARNING: E1AE060DE3FB0C272E6185BE2929EC1A
2022-05-16 06:55:16,439 [root] WARNING: 2BD8EE514C13A06687B5775E0A9EAF71
2022-05-16 06:55:16,440 [root] WARNING: 928AF377877BAD5684B10581EC791113
2022-05-16 06:55:16,440 [root] WARNING: 6C2F6FBA14F6BADD1C747958F2CD79BF
2022-05-16 06:55:16,440 [root] WARNING: 1379CEADB01916ACBE9EE3E95182C980
2022-05-16 06:55:16,440 [root] WARNING: 426EE09EAA0D8940AC5F730D1C48BE7C
2022-05-16 06:55:16,441 [root] WARNING: F5BE81D841808C9AA7CE5A3EAB3098E2
2022-05-16 06:55:16,441 [root] WARNING: D7F6B09775B8D90D79404EDA715461B7
2022-05-16 06:55:16,441 [root] WARNING: C65A1C8351A6E6C921A47AA60CADDE2B
2022-05-16 06:55:16,441 [root] WARNING: 45C45262B5FD6CB231CCCB8C68E8FC2E
2022-05-16 06:55:16,445 [root] WARNING: FCFF1BD7B7192A78D13467906B4AD0F1
2022-05-16 06:55:16,446 [root] WARNING: 651C46A29276497A5597868502E84A60
2022-05-16 06:55:16,446 [root] WARNING: 23A45C7EB14280668289467ED1251A8F
2022-05-16 06:55:16,446 [root] WARNING: 7C4D35D98B5D78879757DF9948C81F93
2022-05-16 06:55:16,446 [root] WARNING: 3A8E8297E2E25B0ECF80FE75A7F9EF92
2022-05-16 06:55:16,446 [root] WARNING: 4444B83A2350DCFA02B04BFB5A697188
2022-05-16 06:55:16,446 [root] WARNING: A7B18B82ED35C715551F6DE74A985037
2022-05-16 06:55:16,447 [root] WARNING: 68047A8518FF4752FB9EC2E6050535FB
2022-05-16 06:55:16,447 [root] WARNING: 99B83DD96736E20237ABCC1334A4AF04
2022-05-16 06:55:16,447 [root] WARNING: AA054899F7CA53D4055798125F777008
2022-05-16 06:55:16,447 [root] WARNING: 19687A3B847DCEA13F46C97F810AB5DC
2022-05-16 06:55:16,447 [root] WARNING: 661842995F7FDD2E61667DBC2F019FF3
2022-05-16 06:55:16,447 [root] WARNING: E051009B12B37C7EE16E810C135F1FEF
2022-05-16 06:55:16,448 [root] WARNING: DF96269B0242BDB6A06621696F5D31CB
2022-05-16 06:55:16,448 [root] WARNING: 1CB70176BCE5E95E94113B00501A2A2D
2022-05-16 06:55:16,448 [root] WARNING: A34809F26A22E0127E99597FED9169BF
2022-05-16 06:55:16,448 [root] WARNING: 5CB9C0740B8DAF928C5D6DBBC5DA304F
2022-05-16 06:55:16,448 [root] WARNING: B25B24998800DA7B5CF17879F2EB83ED
2022-05-16 06:55:16,448 [root] WARNING: BF10D21E0993182C03867ADC0314E870
2022-05-16 06:55:16,448 [root] WARNING: 74D98F6A1CAC7F87E6555CA6807E4A91
2022-05-16 06:55:16,449 [root] WARNING: 80A0443DF9DC2066B81ACB8C15519E16
2022-05-16 06:55:16,449 [root] WARNING: 4295F12FD4EB5728D47CA7A5A876F118
2022-05-16 06:55:16,449 [root] WARNING: FAFEF0200A8389818E31D693B382F3B5
2022-05-16 06:55:16,449 [root] WARNING: EB8534C9DBA45F1F4C4F69AB994240DF
2022-05-16 06:55:16,449 [root] WARNING: 33B80A574C6441BAF5409A292AAFB1CF
2022-05-16 06:55:16,449 [root] WARNING: 2CC4534B0DD0E1C8D5B89644274A10C1
2022-05-16 06:55:16,450 [root] WARNING: 90B3D46BBAF7B2AF95620C551D22641E
2022-05-16 06:55:16,450 [root] WARNING: 918F5ED6D2FC9F112F00F7787C7D86F2
2022-05-16 06:55:16,450 [root] WARNING: 692B9AF4E5BC94FC0479D215A81952C5
2022-05-16 06:55:16,450 [root] WARNING: 51AAD9D568A5F0F734D185152D041788
2022-05-16 06:55:16,450 [root] WARNING: D68180819BB8EB8207DC6AB74C1A4642
2022-05-16 06:55:16,451 [root] WARNING: F0F32A04E7E02E2AEEE40C48C2718C1C
2022-05-16 06:55:16,451 [root] WARNING: DFDE077682D399160EC78F272E49784F
2022-05-16 06:55:16,451 [root] WARNING: A4F19FBA9A5EC97D3560CD43C4BD5507
2022-05-16 06:55:16,451 [root] WARNING: 79B824BB99B4CC4F5DA880371DE52977
2022-05-16 06:55:16,451 [root] WARNING: B2C2DBC5DC9963C553EC2A9084F4B11A
2022-05-16 06:55:16,451 [root] WARNING: 75A3B83D2B4131132D76D92190F045EC
2022-05-16 06:55:16,452 [root] WARNING: 044E2E7C4813ACCDBE030C49CEF3326B
2022-05-16 06:55:16,452 [root] WARNING: 0B75113F8A78DCC1DEA18D0E9AABC10A
2022-05-16 06:55:16,452 [root] WARNING: 714A3DBD9E68AC506F48FBB2AE5C2F4A
2022-05-16 06:55:16,452 [root] WARNING: AB913C26832CD6E038625E30EBD38EC2
2022-05-16 06:55:16,452 [root] WARNING: 89099235AAD37A29B7ACEDC96FDA0037
2022-05-16 06:55:16,453 [root] WARNING: EA26B825169E39E0F2F3EAA3AB44354F
2022-05-16 06:55:16,453 [root] WARNING: BE02F4E7F839BFCC9A00ACBCBA724BCE
2022-05-16 06:55:16,453 [root] WARNING: BCF76B649B5C6016B4071D197B1CE111
2022-05-16 06:55:16,453 [root] WARNING: 49513B3B8809312D34BB09BD9EA3EB46
2022-05-16 06:55:16,453 [root] WARNING: 8BA4948AC1EF8C0E8B0E2D4099E119A3
2022-05-16 06:55:16,453 [root] WARNING: E1AE060DE3FB0C272E6185BE2929EC1A
2022-05-16 06:55:16,454 [root] WARNING: 2BD8EE514C13A06687B5775E0A9EAF71
2022-05-16 06:55:16,454 [root] WARNING: 928AF377877BAD5684B10581EC791113
2022-05-16 06:55:16,454 [root] WARNING: 6C2F6FBA14F6BADD1C747958F2CD79BF
2022-05-16 06:55:16,454 [root] WARNING: 1379CEADB01916ACBE9EE3E95182C980
2022-05-16 06:55:16,454 [root] WARNING: 426EE09EAA0D8940AC5F730D1C48BE7C
2022-05-16 06:55:16,454 [root] WARNING: F5BE81D841808C9AA7CE5A3EAB3098E2
2022-05-16 06:55:16,454 [root] WARNING: D7F6B09775B8D90D79404EDA715461B7
2022-05-16 06:55:16,455 [root] WARNING: C65A1C8351A6E6C921A47AA60CADDE2B
2022-05-16 06:55:16,455 [root] WARNING: 45C45262B5FD6CB231CCCB8C68E8FC2E
2022-05-16 06:55:16,455 [root] WARNING: FCFF1BD7B7192A78D13467906B4AD0F1
2022-05-16 06:55:16,455 [root] WARNING: 651C46A29276497A5597868502E84A60
2022-05-16 06:55:16,455 [root] WARNING: 23A45C7EB14280668289467ED1251A8F
2022-05-16 06:55:16,455 [root] WARNING: 7C4D35D98B5D78879757DF9948C81F93
2022-05-16 06:55:16,456 [root] WARNING: 3A8E8297E2E25B0ECF80FE75A7F9EF92
2022-05-16 06:55:16,456 [root] WARNING: 4444B83A2350DCFA02B04BFB5A697188
2022-05-16 06:55:16,456 [root] WARNING: A7B18B82ED35C715551F6DE74A985037
2022-05-16 06:55:16,456 [root] WARNING: 68047A8518FF4752FB9EC2E6050535FB
2022-05-16 06:55:16,456 [root] WARNING: 99B83DD96736E20237ABCC1334A4AF04
2022-05-16 06:55:16,456 [root] WARNING: AA054899F7CA53D4055798125F777008
2022-05-16 06:55:16,456 [root] WARNING: 19687A3B847DCEA13F46C97F810AB5DC
2022-05-16 06:55:16,458 [root] WARNING: 661842995F7FDD2E61667DBC2F019FF3
2022-05-16 06:55:16,458 [root] WARNING: E051009B12B37C7EE16E810C135F1FEF
2022-05-16 06:55:16,458 [root] WARNING: DF96269B0242BDB6A06621696F5D31CB
2022-05-16 06:55:16,458 [root] WARNING: 1CB70176BCE5E95E94113B00501A2A2D
2022-05-16 06:55:16,459 [root] WARNING: A34809F26A22E0127E99597FED9169BF
2022-05-16 06:55:16,459 [root] WARNING: 5CB9C0740B8DAF928C5D6DBBC5DA304F
2022-05-16 06:55:16,459 [root] WARNING: B25B24998800DA7B5CF17879F2EB83ED
2022-05-16 06:55:16,459 [root] WARNING: BF10D21E0993182C03867ADC0314E870
2022-05-16 06:55:16,459 [root] WARNING: 74D98F6A1CAC7F87E6555CA6807E4A91
2022-05-16 06:55:16,459 [root] WARNING: 80A0443DF9DC2066B81ACB8C15519E16
2022-05-16 06:55:16,460 [root] WARNING: 4295F12FD4EB5728D47CA7A5A876F118
2022-05-16 06:55:16,460 [root] WARNING: FAFEF0200A8389818E31D693B382F3B5
2022-05-16 06:55:16,460 [root] WARNING: EB8534C9DBA45F1F4C4F69AB994240DF
2022-05-16 06:55:16,460 [root] WARNING: 33B80A574C6441BAF5409A292AAFB1CF
2022-05-16 06:55:16,460 [root] WARNING: 2CC4534B0DD0E1C8D5B89644274A10C1
2022-05-16 06:55:16,466 [root] WARNING: 90B3D46BBAF7B2AF95620C551D22641E
2022-05-16 06:55:16,466 [root] WARNING: 918F5ED6D2FC9F112F00F7787C7D86F2
2022-05-16 06:55:16,466 [root] WARNING: 692B9AF4E5BC94FC0479D215A81952C5
2022-05-16 06:55:16,467 [root] WARNING: 51AAD9D568A5F0F734D185152D041788
2022-05-16 06:55:16,467 [root] WARNING: D68180819BB8EB8207DC6AB74C1A4642
2022-05-16 06:55:16,467 [root] WARNING: F0F32A04E7E02E2AEEE40C48C2718C1C
2022-05-16 06:55:16,467 [root] WARNING: DFDE077682D399160EC78F272E49784F
2022-05-16 06:55:16,467 [root] WARNING: A4F19FBA9A5EC97D3560CD43C4BD5507
2022-05-16 06:55:16,467 [root] WARNING: 79B824BB99B4CC4F5DA880371DE52977
2022-05-16 06:55:16,468 [root] WARNING: B2C2DBC5DC9963C553EC2A9084F4B11A
2022-05-16 06:55:16,468 [root] WARNING: 75A3B83D2B4131132D76D92190F045EC
2022-05-16 06:55:16,468 [root] WARNING: 044E2E7C4813ACCDBE030C49CEF3326B
2022-05-16 06:55:16,468 [root] WARNING: 0B75113F8A78DCC1DEA18D0E9AABC10A
2022-05-16 06:55:16,468 [root] WARNING: 714A3DBD9E68AC506F48FBB2AE5C2F4A
2022-05-16 06:55:16,468 [root] WARNING: AB913C26832CD6E038625E30EBD38EC2
2022-05-16 06:55:16,472 [root] WARNING: 89099235AAD37A29B7ACEDC96FDA0037
2022-05-16 06:55:16,472 [root] WARNING: EA26B825169E39E0F2F3EAA3AB44354F
2022-05-16 06:55:16,472 [root] WARNING: BE02F4E7F839BFCC9A00ACBCBA724BCE
2022-05-16 06:55:16,472 [root] WARNING: BCF76B649B5C6016B4071D197B1CE111
2022-05-16 06:55:16,472 [root] WARNING: 49513B3B8809312D34BB09BD9EA3EB46
2022-05-16 06:55:16,473 [root] WARNING: 8BA4948AC1EF8C0E8B0E2D4099E119A3
2022-05-16 06:55:16,473 [root] WARNING: E1AE060DE3FB0C272E6185BE2929EC1A
2022-05-16 06:55:16,473 [root] WARNING: 2BD8EE514C13A06687B5775E0A9EAF71
2022-05-16 06:55:16,473 [root] WARNING: 928AF377877BAD5684B10581EC791113
2022-05-16 06:55:16,473 [root] WARNING: 6C2F6FBA14F6BADD1C747958F2CD79BF
2022-05-16 06:55:16,473 [root] WARNING: 1379CEADB01916ACBE9EE3E95182C980
2022-05-16 06:55:16,474 [root] WARNING: 426EE09EAA0D8940AC5F730D1C48BE7C
2022-05-16 06:55:16,474 [root] WARNING: F5BE81D841808C9AA7CE5A3EAB3098E2
2022-05-16 06:55:16,474 [root] WARNING: D7F6B09775B8D90D79404EDA715461B7
2022-05-16 06:55:16,474 [root] WARNING: C65A1C8351A6E6C921A47AA60CADDE2B
2022-05-16 06:55:16,474 [root] WARNING: 45C45262B5FD6CB231CCCB8C68E8FC2E
2022-05-16 06:55:16,474 [root] WARNING: B3A8C88297DAECDB9B0AC54A3C107797
2022-05-16 06:55:16,474 [root] WARNING: 9AF397A8BE36C7AB9BD9F98E62F208C5
2022-05-16 06:55:16,475 [root] WARNING: 80C95AD4567E630522B7F073D1A64A78
2022-05-16 06:55:16,475 [root] WARNING: F37CAF1332FE729273767E8839D95ABC
2022-05-16 06:55:16,475 [root] WARNING: 4B1111E3FF64FA9836047ED70F0E93B2
2022-05-16 06:55:16,475 [root] WARNING: DE7A92EF3697DFC0DB3BDBC16D187737
2022-05-16 06:55:16,475 [root] WARNING: 8634A40660D28FD19DF290E33FCB401A
2022-05-16 06:55:16,475 [root] WARNING: AA64D7223561F9BA2D4A96B1755C905A
2022-05-16 06:55:16,475 [root] WARNING: 54277EF245A0B36186E43E25E00F779F
2022-05-16 06:55:16,476 [root] WARNING: DD8EDF3A615595A10AC03B82E9DCDDC2
2022-05-16 06:55:16,476 [root] WARNING: 91D4E3694F7000F4B475784B015AB7EC
2022-05-16 06:55:16,476 [root] WARNING: 2A2F43C126942D6BBBB9EC9D74E3D2AB
2022-05-16 06:55:16,476 [root] WARNING: E35DB5662706E76228D0447CFCC273B3
2022-05-16 06:55:16,476 [root] WARNING: 91625F7F5D590534949EBE08CC728380
2022-05-16 06:55:16,476 [root] WARNING: 82DB4C04F5DCDA3BFCD75357ADF98228
2022-05-16 06:55:16,478 [root] WARNING: 173C4085C23080D9FB19280CC507D28D
2022-05-16 06:55:16,478 [root] WARNING: D6A4BAC40226AA156605F0242806186D
2022-05-16 06:55:16,478 [root] WARNING: 9A2E047B25549531C3356A6CF1B6BD81
2022-05-16 06:55:16,478 [root] WARNING: A6C068CBA84CC1E7C7442B87EC491AB6
2022-05-16 06:55:16,478 [root] WARNING: 9DC7F56D0BB5D7543D0EA4A644110623
2022-05-16 06:55:16,479 [root] WARNING: 53D9AF8829A9C7F6F177178885901C01
2022-05-16 06:55:16,479 [root] WARNING: 1D41FF5434B7FF2759655658D9108C3F
2022-05-16 06:55:16,479 [root] WARNING: 1CA31319721740ECB79F4B9EE74CD9B0
2022-05-16 06:55:16,479 [root] WARNING: 5D43BAF1C9E9E3A939E5DEFD8F8FBD8D
2022-05-16 06:55:16,479 [root] WARNING: 93FB24B55C435C5169D08F48B4A0D944
2022-05-16 06:55:16,481 [root] WARNING: 7F7CCAA16FB15EB1C7399D422F8363E8
2022-05-16 06:55:16,481 [root] WARNING: 2CC4534B0DD0E1C8D5B89644274A10C1
2022-05-16 06:55:16,481 [root] WARNING: 861738DD15EB7FB50568F0E39A69E107
2022-05-16 06:55:16,481 [root] WARNING: 33B80A574C6441BAF5409A292AAFB1CF
2022-05-16 06:55:16,481 [root] WARNING: A3CB3B02A683275F7E0A0F8A9A5C9E07
2022-05-16 06:55:16,481 [root] WARNING: 20855475D20D252DDA21287264A6D860
2022-05-16 06:55:16,482 [root] WARNING: 5E90408CFCAB79C55A6B5760F15D13B5
2022-05-16 06:55:16,482 [root] WARNING: ED5088E6E2FF180AF3DE4319EFEC0C28
2022-05-16 06:55:16,482 [root] WARNING: 8397EA747D2AB50DA4F876A36D673272
2022-05-16 06:55:16,482 [root] WARNING: 6983F7001DE10F4D19FC2D794C3EB534
2022-05-16 06:55:16,482 [root] WARNING: 6CE9EFDAF741827FF06BEC721B2C0845
2022-05-16 06:55:16,483 [root] WARNING: 5EBF98BA06C477CD9DDB82F0A2626D75
2022-05-16 06:55:16,483 [root] WARNING: 573DE60BC27D30023DD5C174F6620681
2022-05-16 06:55:16,485 [root] WARNING: 1AF14638BBE340124F7704C9EA07A897
2022-05-16 06:55:16,485 [root] WARNING: 918F5ED6D2FC9F112F00F7787C7D86F2
2022-05-16 06:55:16,485 [root] WARNING: A53048ACA456528E7303A7968B81DBB8
2022-05-16 06:55:16,485 [root] WARNING: BA95A2F1F1F39A24687EBE3A7A7F7295
2022-05-16 06:55:16,485 [root] WARNING: 12825CA1FE02DBB75D59A27434EB283F
2022-05-16 06:55:16,485 [root] WARNING: DA516BD5D75C0989AB8CE07D43D35C83
2022-05-16 06:55:16,485 [root] WARNING: 9578C2BE6437DCC8517E78A5DE1FA975
2022-05-16 06:55:16,486 [root] WARNING: 156FD24969CFF31EB6B5F8FF264586A2
2022-05-16 06:55:16,486 [root] WARNING: 5379CCD04D56A95250CA9194F7BAEA8A
2022-05-16 06:55:16,486 [root] WARNING: E79715F587F5D97B4FDCD678A8610FCA
2022-05-16 06:55:16,486 [root] WARNING: 817F4BF0B4D0FC327FDFC21EFACDDAEE
2022-05-16 06:55:16,486 [root] WARNING: C480010C08543CADC1A99D4291B974A4
2022-05-16 06:55:16,486 [root] WARNING: 490B090D8935BD3C9103BD19F3909616
2022-05-16 06:55:16,487 [root] WARNING: 5549E26CE513DA5E55523ADF722A81BE
2022-05-16 06:55:16,491 [root] WARNING: 7339A0EFC768310A86B6D4F61D88B910
2022-05-16 06:55:16,491 [root] WARNING: F2B49D31AA5080A55E8F773B53052D76
2022-05-16 06:55:16,491 [root] WARNING: 0413B8B2E506F4F9C37065B03713B2C1
2022-05-16 06:55:16,491 [root] WARNING: AFAF2D4EBB6DC47E79A955DF5AD1FC8A
2022-05-16 06:55:16,491 [root] WARNING: 1982B96A0024FF3F6FC2F8ED2138C62D
2022-05-16 06:55:16,492 [root] WARNING: AD213857A052500F1CB6624836A4FE3C
2022-05-16 06:55:16,492 [root] WARNING: 4002F35EA2785F1A565FEF71B7F126C1
2022-05-16 06:55:16,492 [root] WARNING: 21F1DB0271C69FA4978A85EBCCFA477C
2022-05-16 06:55:16,492 [root] WARNING: 33D7511AC747B3C559B4A6F897D47508
2022-05-16 06:55:16,492 [root] WARNING: 37FB600BF8217DFB5C75FD2C7FCC7D65
2022-05-16 06:55:16,492 [root] WARNING: F4DD330FF093E69A181854ECCAA2432C
2022-05-16 06:55:16,492 [root] WARNING: 31C49B87463F4E4CE6AE4C442319D3A2
2022-05-16 06:55:16,493 [root] WARNING: 8281C73D4DC2E91A928C0D210698BED6
2022-05-16 06:55:16,493 [root] WARNING: 16B9CED590E449446F12C733F3E0B808
2022-05-16 06:55:16,493 [root] WARNING: 1BBB234B56B344222784B95CBAB0FCB2
2022-05-16 06:55:16,493 [root] WARNING: FEEC2E2C4D7A4C837BDF620CF0D78238
2022-05-16 06:55:16,493 [root] WARNING: 9473335EFAD8E3BA312A0416BDC6CFB0
2022-05-16 06:55:16,493 [root] WARNING: A011D869EDEF2CF29100EEAAAB4EC6FD
2022-05-16 06:55:16,494 [root] WARNING: D5C8F8E75F30618EF37BFE999838FF53
2022-05-16 06:55:16,494 [root] WARNING: 2BA380DF5BCAA52A8A93AECACEF443B9
2022-05-16 06:55:16,494 [root] WARNING: EE5DF4CF0516A3AE959AE07F9FFE9992
2022-05-16 06:55:16,494 [root] WARNING: 71BB889ECA55111ED1662FA5FCE2CF80
2022-05-16 06:55:16,494 [root] WARNING: 2B261DBBB7A5F366F28B79238532418F
2022-05-16 06:55:16,494 [root] WARNING: CE178F573523F01C543F8E11C52CB7E1
2022-05-16 06:55:16,494 [root] WARNING: C7B36C5183B25DD3DD29B8A8BF92AF59
2022-05-16 06:55:16,498 [root] WARNING: 8CDBA3166B706885197802A689BE808E
2022-05-16 06:55:16,498 [root] WARNING: 897CD745BEB0A754B7A80A17ADA903B4
2022-05-16 06:55:16,499 [root] WARNING: 95178FB51E3DBB2C69343DE84B986779
2022-05-16 06:55:16,499 [root] WARNING: DE7F1FAE39E740EEAF99938FDA8B429A
2022-05-16 06:55:16,499 [root] WARNING: 8E4FDCE4EF5B4DF450BBD0E2F2A0D507
2022-05-16 06:55:16,499 [root] WARNING: 395AFC633AFAE619490A41EDCF1ADB5A
2022-05-16 06:55:16,499 [root] WARNING: A8EFF031B118ABD5AEDFFF496D429568
2022-05-16 06:55:16,499 [root] WARNING: 1636BCAA175430A4B4B002441464A159
2022-05-16 06:55:16,499 [root] WARNING: 30565E944E4418B9EB64C98A61F01DB8
2022-05-16 06:55:16,500 [root] WARNING: C3A27528E9A9438A36E5A11F441F892E
2022-05-16 06:55:16,500 [root] WARNING: 13BE851DE98E87C17BE821DF41944607
2022-05-16 06:55:16,500 [root] WARNING: 04D5B91A9AD6AC7251D541813DA64B21
2022-05-16 06:55:16,500 [root] WARNING: ED8C9E239E92CD04317AED7BA91BB6EC
2022-05-16 06:55:16,500 [root] WARNING: 0287B38F8240A025B30C0A231EA403FC
2022-05-16 06:55:16,500 [root] WARNING: 52DEB1B800C7B8342317B86C373A32DF
2022-05-16 06:55:16,500 [root] WARNING: 4B46D09DF93CBA98CD395AF8C5BCC8B2
2022-05-16 06:55:16,501 [root] WARNING: 6C335DDD4E12621FECD7467978E14E81
2022-05-16 06:55:16,501 [root] WARNING: 3F221F12DF0339AB5A9BD2632CE19816
2022-05-16 06:55:16,501 [root] WARNING: 4F5D779F1948A772ACEC25D783B88CD3
2022-05-16 06:55:16,501 [root] WARNING: E8395C21AF4B7F66C6E339588EA2EDA0
2022-05-16 06:55:16,501 [root] WARNING: 79B8BECFD68FB2359C25506D392CAB63
2022-05-16 06:55:16,501 [root] WARNING: 1C2A360D2DD0B79535DD72E1B03D65AA
2022-05-16 06:55:16,502 [root] WARNING: 4E7FB5831E076BC03CED8C62AD217C98
2022-05-16 06:55:16,502 [root] WARNING: 3E0AACC3203F2C96052001E563A497AA
2022-05-16 06:55:16,502 [root] WARNING: C427B3B0628DDB287266E4D975517BFA
2022-05-16 06:55:16,502 [root] WARNING: D72CDF335E2CAF17E4A5AF5E81817D65
2022-05-16 06:55:16,502 [root] WARNING: 7B1BD294F05A2843EF2989D407C394A5
2022-05-16 06:55:16,502 [root] WARNING: BC50541AF8FE6239F0FAA7C57A44D119
2022-05-16 06:55:16,502 [root] WARNING: 8CE271DA8A84CD3D42552547A8BBAF5B
2022-05-16 06:55:16,503 [root] WARNING: ACA03B883DEC39DCFB98B166CD5062B0
2022-05-16 06:55:16,503 [root] WARNING: D9E83F778C93DC250D94C905215A1E29
2022-05-16 06:55:16,503 [root] WARNING: 0B991ACA7E5124DF471CF8FB9E301673
2022-05-16 06:55:16,503 [root] WARNING: 2FDF4CBD59430CA96FCC2149DCC1483C
2022-05-16 06:55:16,508 [root] WARNING: 2CC4534B0DD0E1C8D5B89644274A10C1
2022-05-16 06:55:16,508 [root] WARNING: 33B80A574C6441BAF5409A292AAFB1CF
2022-05-16 06:55:16,508 [root] WARNING: AAF1D0E2C431AC3DED7A7AB24A20ED70
2022-05-16 06:55:16,508 [root] WARNING: 009A12D9942BCDC6D6028664AFC0D5D7
2022-05-16 06:55:16,509 [root] WARNING: A5CB611676E0D0D442E3D73B374C3E43
2022-05-16 06:55:16,509 [root] WARNING: 6BB610D7CD0C53E2E026D4AA772D5C23
2022-05-16 06:55:16,509 [root] WARNING: 70F5E0FAFF031FDF9048EC0DD2547B41
2022-05-16 06:55:16,509 [root] WARNING: C65DB6EBF0AFFFEAE5CED989FE30F93F
2022-05-16 06:55:16,509 [root] WARNING: 73B637D7343BC22591C5950D19AC221D
2022-05-16 06:55:16,509 [root] WARNING: 4CC6EFE7001344A9202DB31A2A9DA699
2022-05-16 06:55:16,509 [root] WARNING: 122CB55F1352B9A1AEAFC83A85BFB165
2022-05-16 06:55:16,510 [root] WARNING: 377158A30E515DA0CA1093A7F6257289
2022-05-16 06:55:16,510 [root] WARNING: 1FC89ECE03929425DE3ECD437FE74C39
2022-05-16 06:55:16,510 [root] WARNING: E8C629383FE4B2C0CBF57B0D335FC53F
2022-05-16 06:55:16,510 [root] WARNING: 066B0F54D239B815AD4CC201D5820FE2
2022-05-16 06:55:16,510 [root] WARNING: 8A9396F9C30A6928AA96DE3C6563E2D7
2022-05-16 06:55:16,510 [root] WARNING: 623890489D896BFB39E17ED88F670656
2022-05-16 06:55:16,511 [root] WARNING: 0f20af4410e84c79a6b0dc6dcc599015
2022-05-16 06:55:16,511 [root] WARNING: 05e56636062937e27699d5c05d2d575d
2022-05-16 06:55:16,511 [root] WARNING: 8a5d98ff6545c6d084870a7a345595b4
2022-05-16 06:55:16,511 [root] WARNING: nan
2022-05-16 06:55:16,511 [cuckoo.core.plugins] ERROR: Failed to run 'on_complete' of the hash_match signature
Traceback (most recent call last):
  File "/home/cuckoo/cuckoo/local/lib/python2.7/site-packages/cuckoo/core/plugins.py", line 475, in call_signature
    if not signature.matched and handler(*args, **kwargs):
  File "/home/cuckoo/.cuckoo/signatures/cross/hash_match.py", line 42, in on_complete
    if self.check_hash(pattern=row[3]):
  File "/home/cuckoo/cuckoo/local/lib/python2.7/site-packages/cuckoo/common/abstracts.py", line 1194, in check_hash
    all=all)
  File "/home/cuckoo/cuckoo/local/lib/python2.7/site-packages/cuckoo/common/abstracts.py", line 888, in _check_value
    if item.lower() == pattern.lower():
AttributeError: 'float' object has no attribute 'lower'
2022-05-16 06:55:16,949 [cuckoo.core.plugins] DEBUG: Analysis matched signature: ip_match
2022-05-16 06:55:16,950 [cuckoo.core.plugins] DEBUG: Analysis matched signature: network_icmp
2022-05-16 06:55:16,950 [cuckoo.core.plugins] DEBUG: Analysis matched signature: memdump_urls
2022-05-16 06:55:17,017 [cuckoo.core.plugins] DEBUG: Executed reporting module "JsonDump"
2022-05-16 06:55:17,084 [cuckoo.core.plugins] DEBUG: Executed reporting module "MongoDB"
2022-05-16 06:55:17,087 [cuckoo.core.scheduler] INFO: Task #113: reports generation completed
2022-05-16 06:55:17,103 [cuckoo.core.scheduler] INFO: Task #113: analysis procedure completed
