2022-05-15 11:00:52,015 [analyzer] DEBUG: Starting analyzer from: C:\tmpy1hzlw
2022-05-15 11:00:52,030 [analyzer] DEBUG: Pipe server name: \??\PIPE\AjKyWrJUYFcHRoAlvK
2022-05-15 11:00:52,030 [analyzer] DEBUG: Log pipe server name: \??\PIPE\lqrJIMttenfXXIlfgZBtbE
2022-05-15 11:00:52,030 [analyzer] DEBUG: No analysis package specified, trying to detect it automagically.
2022-05-15 11:00:52,030 [analyzer] INFO: Automatically selected analysis package "generic"
2022-05-15 11:00:55,233 [analyzer] DEBUG: Started auxiliary module DbgView
2022-05-15 11:01:14,030 [analyzer] DEBUG: Started auxiliary module Disguise
2022-05-15 11:01:14,796 [analyzer] DEBUG: Loaded monitor into process with pid 496
2022-05-15 11:01:14,828 [analyzer] DEBUG: Started auxiliary module DumpTLSMasterSecrets
2022-05-15 11:01:14,828 [analyzer] DEBUG: Started auxiliary module Human
2022-05-15 11:01:14,828 [analyzer] DEBUG: Started auxiliary module InstallCertificate
2022-05-15 11:01:14,828 [analyzer] DEBUG: Started auxiliary module Reboot
2022-05-15 11:01:15,312 [analyzer] DEBUG: Started auxiliary module RecentFiles
2022-05-15 11:01:15,342 [analyzer] DEBUG: Started auxiliary module Screenshots
2022-05-15 11:01:15,342 [analyzer] DEBUG: Started auxiliary module LoadZer0m0n
2022-05-15 11:01:15,937 [lib.api.process] INFO: Successfully executed process from path 'C:\\Windows\\System32\\cmd.exe' with arguments ['/c', 'start', '/wait', '"IWoaEfqusSsTvAuM"', u'C:\\Users\\ADMINI~1\\AppData\\Local\\Temp\\istockphoto-1188445864-612x612.jpg'] and pid 2752
2022-05-15 11:01:16,890 [analyzer] DEBUG: Loaded monitor into process with pid 2752
2022-05-15 11:01:50,967 [lib.api.process] INFO: Memory dump of process with pid 2752 completed
2022-05-15 11:01:51,092 [analyzer] INFO: Process with pid 2752 has terminated
2022-05-15 11:01:51,092 [analyzer] INFO: Process list is empty, terminating analysis.
2022-05-15 11:01:52,171 [analyzer] INFO: Analysis completed.
