2022-05-15 22:32:24,015 [analyzer] DEBUG: Starting analyzer from: C:\tmpy1hzlw
2022-05-15 22:32:24,015 [analyzer] DEBUG: Pipe server name: \??\PIPE\ngcYQmxNFbuLZMlsxQVaEMJeFBy
2022-05-15 22:32:24,015 [analyzer] DEBUG: Log pipe server name: \??\PIPE\iEVBOCEudDfiwKpYCeJG
2022-05-15 22:32:24,015 [analyzer] DEBUG: No analysis package specified, trying to detect it automagically.
2022-05-15 22:32:24,015 [analyzer] INFO: Automatically selected analysis package "generic"
2022-05-15 22:32:26,546 [analyzer] DEBUG: Started auxiliary module DbgView
2022-05-15 22:32:45,640 [analyzer] DEBUG: Started auxiliary module Disguise
2022-05-15 22:32:46,265 [analyzer] DEBUG: Loaded monitor into process with pid 496
2022-05-15 22:32:46,312 [analyzer] DEBUG: Started auxiliary module DumpTLSMasterSecrets
2022-05-15 22:32:46,328 [analyzer] DEBUG: Started auxiliary module Human
2022-05-15 22:32:46,328 [analyzer] DEBUG: Started auxiliary module InstallCertificate
2022-05-15 22:32:46,328 [analyzer] DEBUG: Started auxiliary module Reboot
2022-05-15 22:32:46,717 [analyzer] DEBUG: Started auxiliary module RecentFiles
2022-05-15 22:32:46,717 [analyzer] DEBUG: Started auxiliary module Screenshots
2022-05-15 22:32:46,717 [analyzer] DEBUG: Started auxiliary module LoadZer0m0n
2022-05-15 22:32:47,328 [lib.api.process] INFO: Successfully executed process from path 'C:\\Windows\\System32\\cmd.exe' with arguments ['/c', 'start', '/wait', '"vqapwH"', u'C:\\Users\\ADMINI~1\\AppData\\Local\\Temp\\istockphoto-1188445864-612x612.jpg'] and pid 2764
2022-05-15 22:32:48,250 [analyzer] DEBUG: Loaded monitor into process with pid 2764
2022-05-15 22:33:23,155 [lib.api.process] INFO: Memory dump of process with pid 2764 completed
2022-05-15 22:33:23,217 [analyzer] INFO: Process with pid 2764 has terminated
2022-05-15 22:33:23,217 [analyzer] INFO: Process list is empty, terminating analysis.
2022-05-15 22:33:24,375 [analyzer] INFO: Analysis completed.
