2022-05-14 04:04:10,062 [analyzer] DEBUG: Starting analyzer from: C:\tmpy1hzlw
2022-05-14 04:04:10,078 [analyzer] DEBUG: Pipe server name: \??\PIPE\tZqzHWeEDhejkSHhOnPIqvKUx
2022-05-14 04:04:10,078 [analyzer] DEBUG: Log pipe server name: \??\PIPE\JDXoIerunfNRoPqtxvYzGpKvRgyHZHVG
2022-05-14 04:04:10,078 [analyzer] DEBUG: No analysis package specified, trying to detect it automagically.
2022-05-14 04:04:10,078 [analyzer] INFO: Automatically selected analysis package "generic"
2022-05-14 04:04:12,155 [analyzer] DEBUG: Started auxiliary module DbgView
2022-05-14 04:04:31,890 [analyzer] DEBUG: Started auxiliary module Disguise
2022-05-14 04:04:32,453 [analyzer] DEBUG: Loaded monitor into process with pid 496
2022-05-14 04:04:32,467 [analyzer] DEBUG: Started auxiliary module DumpTLSMasterSecrets
2022-05-14 04:04:32,467 [analyzer] DEBUG: Started auxiliary module Human
2022-05-14 04:04:32,483 [analyzer] DEBUG: Started auxiliary module InstallCertificate
2022-05-14 04:04:32,483 [analyzer] DEBUG: Started auxiliary module Reboot
2022-05-14 04:04:32,921 [analyzer] DEBUG: Started auxiliary module RecentFiles
2022-05-14 04:04:32,921 [analyzer] DEBUG: Started auxiliary module Screenshots
2022-05-14 04:04:32,937 [analyzer] DEBUG: Started auxiliary module LoadZer0m0n
2022-05-14 04:04:33,608 [lib.api.process] INFO: Successfully executed process from path 'C:\\Windows\\System32\\cmd.exe' with arguments ['/c', 'start', '/wait', '"arALxooJtyrzqnW"', u'C:\\Users\\ADMINI~1\\AppData\\Local\\Temp\\istockphoto-1188445864-612x612.jpg'] and pid 2728
2022-05-14 04:04:34,890 [analyzer] DEBUG: Loaded monitor into process with pid 2728
2022-05-14 04:05:09,421 [lib.api.process] INFO: Memory dump of process with pid 2728 completed
2022-05-14 04:05:09,562 [analyzer] INFO: Process with pid 2728 has terminated
2022-05-14 04:05:09,562 [analyzer] INFO: Process list is empty, terminating analysis.
2022-05-14 04:05:10,578 [analyzer] INFO: Analysis completed.
