2022-05-15 04:49:39,015 [analyzer] DEBUG: Starting analyzer from: C:\tmpy1hzlw
2022-05-15 04:49:39,046 [analyzer] DEBUG: Pipe server name: \??\PIPE\hQCpNDoIGhobDWsMjByqWzB
2022-05-15 04:49:39,046 [analyzer] DEBUG: Log pipe server name: \??\PIPE\PsOWHZjoukpHoPgYEYCGpoy
2022-05-15 04:49:39,046 [analyzer] DEBUG: No analysis package specified, trying to detect it automagically.
2022-05-15 04:49:39,046 [analyzer] INFO: Automatically selected analysis package "generic"
2022-05-15 04:49:40,842 [analyzer] DEBUG: Started auxiliary module DbgView
2022-05-15 04:50:00,030 [analyzer] DEBUG: Started auxiliary module Disguise
2022-05-15 04:50:00,578 [analyzer] DEBUG: Loaded monitor into process with pid 496
2022-05-15 04:50:00,608 [analyzer] DEBUG: Started auxiliary module DumpTLSMasterSecrets
2022-05-15 04:50:00,608 [analyzer] DEBUG: Started auxiliary module Human
2022-05-15 04:50:00,608 [analyzer] DEBUG: Started auxiliary module InstallCertificate
2022-05-15 04:50:00,608 [analyzer] DEBUG: Started auxiliary module Reboot
2022-05-15 04:50:01,217 [analyzer] DEBUG: Started auxiliary module RecentFiles
2022-05-15 04:50:01,233 [analyzer] DEBUG: Started auxiliary module Screenshots
2022-05-15 04:50:01,233 [analyzer] DEBUG: Started auxiliary module LoadZer0m0n
2022-05-15 04:50:01,796 [lib.api.process] INFO: Successfully executed process from path 'C:\\Windows\\System32\\cmd.exe' with arguments ['/c', 'start', '/wait', '"dEhQ"', u'C:\\Users\\ADMINI~1\\AppData\\Local\\Temp\\istockphoto-1188445864-612x612.jpg'] and pid 2772
2022-05-15 04:50:02,717 [analyzer] DEBUG: Loaded monitor into process with pid 2772
2022-05-15 04:50:38,500 [lib.api.process] INFO: Memory dump of process with pid 2772 completed
2022-05-15 04:50:39,000 [analyzer] INFO: Process with pid 2772 has terminated
2022-05-15 04:50:39,000 [analyzer] INFO: Process list is empty, terminating analysis.
2022-05-15 04:50:40,030 [analyzer] INFO: Analysis completed.
