2022-05-15 02:50:04,046 [analyzer] DEBUG: Starting analyzer from: C:\tmpy1hzlw
2022-05-15 02:50:04,046 [analyzer] DEBUG: Pipe server name: \??\PIPE\GKdCnbOUJxVlAMMIplXOMHsG
2022-05-15 02:50:04,046 [analyzer] DEBUG: Log pipe server name: \??\PIPE\lUUPgAbXNTJcJifHCZVkzn
2022-05-15 02:50:04,046 [analyzer] DEBUG: No analysis package specified, trying to detect it automagically.
2022-05-15 02:50:04,046 [analyzer] INFO: Automatically selected analysis package "generic"
2022-05-15 02:50:05,546 [analyzer] DEBUG: Started auxiliary module DbgView
2022-05-15 02:50:23,983 [analyzer] DEBUG: Started auxiliary module Disguise
2022-05-15 02:50:24,530 [analyzer] DEBUG: Loaded monitor into process with pid 496
2022-05-15 02:50:24,546 [analyzer] DEBUG: Started auxiliary module DumpTLSMasterSecrets
2022-05-15 02:50:24,546 [analyzer] DEBUG: Started auxiliary module Human
2022-05-15 02:50:24,562 [analyzer] DEBUG: Started auxiliary module InstallCertificate
2022-05-15 02:50:24,562 [analyzer] DEBUG: Started auxiliary module Reboot
2022-05-15 02:50:25,046 [analyzer] DEBUG: Started auxiliary module RecentFiles
2022-05-15 02:50:25,046 [analyzer] DEBUG: Started auxiliary module Screenshots
2022-05-15 02:50:25,046 [analyzer] DEBUG: Started auxiliary module LoadZer0m0n
2022-05-15 02:50:25,578 [lib.api.process] INFO: Successfully executed process from path 'C:\\Windows\\System32\\cmd.exe' with arguments ['/c', 'start', '/wait', '"EHAmPcej"', u'C:\\Users\\ADMINI~1\\AppData\\Local\\Temp\\istockphoto-1188445864-612x612.jpg'] and pid 2768
2022-05-15 02:50:26,592 [analyzer] DEBUG: Loaded monitor into process with pid 2768
2022-05-15 02:51:00,671 [lib.api.process] INFO: Memory dump of process with pid 2768 completed
2022-05-15 02:51:00,937 [analyzer] INFO: Process with pid 2768 has terminated
2022-05-15 02:51:00,937 [analyzer] INFO: Process list is empty, terminating analysis.
2022-05-15 02:51:01,983 [analyzer] INFO: Analysis completed.
