2022-05-15 05:08:18,046 [analyzer] DEBUG: Starting analyzer from: C:\tmpy1hzlw
2022-05-15 05:08:18,078 [analyzer] DEBUG: Pipe server name: \??\PIPE\zZgCyoPKgQxDIGwU
2022-05-15 05:08:18,078 [analyzer] DEBUG: Log pipe server name: \??\PIPE\tCbNoiEmrQrLdzBEepcBNExEzckGi
2022-05-15 05:08:18,078 [analyzer] DEBUG: No analysis package specified, trying to detect it automagically.
2022-05-15 05:08:18,078 [analyzer] INFO: Automatically selected analysis package "generic"
2022-05-15 05:08:20,280 [analyzer] DEBUG: Started auxiliary module DbgView
2022-05-15 05:08:39,905 [analyzer] DEBUG: Started auxiliary module Disguise
2022-05-15 05:08:40,500 [analyzer] DEBUG: Loaded monitor into process with pid 496
2022-05-15 05:08:40,530 [analyzer] DEBUG: Started auxiliary module DumpTLSMasterSecrets
2022-05-15 05:08:40,546 [analyzer] DEBUG: Started auxiliary module Human
2022-05-15 05:08:40,546 [analyzer] DEBUG: Started auxiliary module InstallCertificate
2022-05-15 05:08:40,546 [analyzer] DEBUG: Started auxiliary module Reboot
2022-05-15 05:08:41,187 [analyzer] DEBUG: Started auxiliary module RecentFiles
2022-05-15 05:08:41,203 [analyzer] DEBUG: Started auxiliary module Screenshots
2022-05-15 05:08:41,203 [analyzer] DEBUG: Started auxiliary module LoadZer0m0n
2022-05-15 05:08:41,953 [lib.api.process] INFO: Successfully executed process from path 'C:\\Windows\\System32\\cmd.exe' with arguments ['/c', 'start', '/wait', '"cMpxPKhRBy"', u'C:\\Users\\ADMINI~1\\AppData\\Local\\Temp\\istockphoto-1188445864-612x612.jpg'] and pid 2760
2022-05-15 05:08:42,890 [analyzer] DEBUG: Loaded monitor into process with pid 2760
2022-05-15 05:09:20,062 [lib.api.process] INFO: Memory dump of process with pid 2760 completed
2022-05-15 05:09:20,203 [analyzer] INFO: Process with pid 2760 has terminated
2022-05-15 05:09:20,203 [analyzer] INFO: Process list is empty, terminating analysis.
2022-05-15 05:09:21,203 [analyzer] INFO: Analysis completed.
