2022-05-16 05:30:34,078 [analyzer] DEBUG: Starting analyzer from: C:\tmpy1hzlw
2022-05-16 05:30:34,092 [analyzer] DEBUG: Pipe server name: \??\PIPE\EYkPmyJpYwudFXDncHVhLU
2022-05-16 05:30:34,092 [analyzer] DEBUG: Log pipe server name: \??\PIPE\BJpglgPwTLWtDpJqgONxB
2022-05-16 05:30:34,092 [analyzer] DEBUG: No analysis package specified, trying to detect it automagically.
2022-05-16 05:30:34,092 [analyzer] INFO: Automatically selected analysis package "generic"
2022-05-16 05:30:36,092 [analyzer] DEBUG: Started auxiliary module DbgView
2022-05-16 11:31:11,315 [analyzer] DEBUG: Started auxiliary module Disguise
2022-05-16 11:31:11,971 [analyzer] DEBUG: Loaded monitor into process with pid 496
2022-05-16 11:31:12,019 [analyzer] DEBUG: Started auxiliary module DumpTLSMasterSecrets
2022-05-16 11:31:12,033 [analyzer] DEBUG: Started auxiliary module Human
2022-05-16 11:31:12,033 [analyzer] DEBUG: Started auxiliary module InstallCertificate
2022-05-16 11:31:12,033 [analyzer] DEBUG: Started auxiliary module Reboot
2022-05-16 11:31:12,440 [analyzer] DEBUG: Started auxiliary module RecentFiles
2022-05-16 11:31:12,440 [analyzer] DEBUG: Started auxiliary module Screenshots
2022-05-16 11:31:12,440 [analyzer] DEBUG: Started auxiliary module LoadZer0m0n
2022-05-16 11:31:13,049 [lib.api.process] INFO: Successfully executed process from path 'C:\\Windows\\System32\\cmd.exe' with arguments ['/c', 'start', '/wait', '"DUbWbvpKXyElEiN"', u'C:\\Users\\ADMINI~1\\AppData\\Local\\Temp\\istockphoto-1188445864-612x612.jpg'] and pid 2808
2022-05-16 11:31:14,081 [analyzer] DEBUG: Loaded monitor into process with pid 2808
2022-05-16 11:31:48,144 [lib.api.process] INFO: Memory dump of process with pid 2808 completed
2022-05-16 11:31:50,440 [analyzer] INFO: Process with pid 2808 has terminated
2022-05-16 11:31:50,456 [analyzer] INFO: Process list is empty, terminating analysis.
2022-05-16 11:31:51,486 [analyzer] INFO: Analysis completed.
