2022-05-12 23:35:51,062 [analyzer] DEBUG: Starting analyzer from: C:\tmpy1hzlw
2022-05-12 23:35:51,062 [analyzer] DEBUG: Pipe server name: \??\PIPE\XVaFtXTwLPofhDtINKIVl
2022-05-12 23:35:51,062 [analyzer] DEBUG: Log pipe server name: \??\PIPE\PMLiBJgSePTsnfVbslfkCWVzaguspd
2022-05-12 23:35:51,062 [analyzer] DEBUG: No analysis package specified, trying to detect it automagically.
2022-05-12 23:35:51,062 [analyzer] INFO: Automatically selected analysis package "generic"
2022-05-12 23:35:52,905 [analyzer] DEBUG: Started auxiliary module DbgView
2022-05-12 23:36:11,937 [analyzer] DEBUG: Started auxiliary module Disguise
2022-05-12 23:36:12,515 [analyzer] DEBUG: Loaded monitor into process with pid 496
2022-05-12 23:36:12,578 [analyzer] DEBUG: Started auxiliary module DumpTLSMasterSecrets
2022-05-12 23:36:12,578 [analyzer] DEBUG: Started auxiliary module Human
2022-05-12 23:36:12,578 [analyzer] DEBUG: Started auxiliary module InstallCertificate
2022-05-12 23:36:12,578 [analyzer] DEBUG: Started auxiliary module Reboot
2022-05-12 23:36:13,000 [analyzer] DEBUG: Started auxiliary module RecentFiles
2022-05-12 23:36:13,000 [analyzer] DEBUG: Started auxiliary module Screenshots
2022-05-12 23:36:13,000 [analyzer] DEBUG: Started auxiliary module LoadZer0m0n
2022-05-12 23:36:13,717 [lib.api.process] INFO: Successfully executed process from path 'C:\\Windows\\System32\\cmd.exe' with arguments ['/c', 'start', '/wait', '"DPvPtoWStkPeiHyg"', u'C:\\Users\\ADMINI~1\\AppData\\Local\\Temp\\istockphoto-1188445864-612x612.jpg'] and pid 2712
2022-05-12 23:36:14,875 [analyzer] DEBUG: Loaded monitor into process with pid 2712
2022-05-12 23:36:48,890 [lib.api.process] INFO: Memory dump of process with pid 2712 completed
2022-05-12 23:36:51,187 [analyzer] INFO: Process with pid 2712 has terminated
2022-05-12 23:36:51,203 [analyzer] INFO: Process list is empty, terminating analysis.
2022-05-12 23:36:52,203 [analyzer] INFO: Analysis completed.
