2022-05-16 05:11:26,046 [analyzer] DEBUG: Starting analyzer from: C:\tmpy1hzlw
2022-05-16 05:11:26,046 [analyzer] DEBUG: Pipe server name: \??\PIPE\TbSNYaYVBjbQbPNyH
2022-05-16 05:11:26,062 [analyzer] DEBUG: Log pipe server name: \??\PIPE\KbQejAZXkDZPBagDSojeV
2022-05-16 05:11:26,062 [analyzer] DEBUG: No analysis package specified, trying to detect it automagically.
2022-05-16 05:11:26,062 [analyzer] INFO: Automatically selected analysis package "generic"
2022-05-16 05:11:27,905 [analyzer] DEBUG: Started auxiliary module DbgView
2022-05-16 11:12:03,618 [analyzer] DEBUG: Started auxiliary module Disguise
2022-05-16 11:12:04,197 [analyzer] DEBUG: Loaded monitor into process with pid 496
2022-05-16 11:12:04,243 [analyzer] DEBUG: Started auxiliary module DumpTLSMasterSecrets
2022-05-16 11:12:04,243 [analyzer] DEBUG: Started auxiliary module Human
2022-05-16 11:12:04,243 [analyzer] DEBUG: Started auxiliary module InstallCertificate
2022-05-16 11:12:04,243 [analyzer] DEBUG: Started auxiliary module Reboot
2022-05-16 11:12:04,618 [analyzer] DEBUG: Started auxiliary module RecentFiles
2022-05-16 11:12:04,618 [analyzer] DEBUG: Started auxiliary module Screenshots
2022-05-16 11:12:04,618 [analyzer] DEBUG: Started auxiliary module LoadZer0m0n
2022-05-16 11:12:05,338 [lib.api.process] INFO: Successfully executed process from path 'C:\\Windows\\System32\\cmd.exe' with arguments ['/c', 'start', '/wait', '"RtKZshDVOSf"', u'C:\\Users\\ADMINI~1\\AppData\\Local\\Temp\\istockphoto-1188445864-612x612.jpg'] and pid 2808
2022-05-16 11:12:06,384 [analyzer] DEBUG: Loaded monitor into process with pid 2808
2022-05-16 11:12:39,915 [lib.api.process] INFO: Memory dump of process with pid 2808 completed
2022-05-16 11:12:42,180 [analyzer] INFO: Process with pid 2808 has terminated
2022-05-16 11:12:42,197 [analyzer] INFO: Process list is empty, terminating analysis.
2022-05-16 11:12:43,259 [analyzer] INFO: Analysis completed.
