2022-05-12 22:50:51,062 [analyzer] DEBUG: Starting analyzer from: C:\tmpy1hzlw
2022-05-12 22:50:51,092 [analyzer] DEBUG: Pipe server name: \??\PIPE\EOcNeEgFJnJjPWjTkM
2022-05-12 22:50:51,092 [analyzer] DEBUG: Log pipe server name: \??\PIPE\SZcUolbNiWvdKoDYKdg
2022-05-12 22:50:51,092 [analyzer] DEBUG: No analysis package specified, trying to detect it automagically.
2022-05-12 22:50:51,092 [analyzer] INFO: Automatically selected analysis package "generic"
2022-05-12 22:50:53,592 [analyzer] DEBUG: Started auxiliary module DbgView
2022-05-12 22:51:14,765 [analyzer] DEBUG: Started auxiliary module Disguise
2022-05-12 22:51:15,421 [analyzer] DEBUG: Loaded monitor into process with pid 496
2022-05-12 22:51:15,453 [analyzer] DEBUG: Started auxiliary module DumpTLSMasterSecrets
2022-05-12 22:51:15,453 [analyzer] DEBUG: Started auxiliary module Human
2022-05-12 22:51:15,453 [analyzer] DEBUG: Started auxiliary module InstallCertificate
2022-05-12 22:51:15,453 [analyzer] DEBUG: Started auxiliary module Reboot
2022-05-12 22:51:15,921 [analyzer] DEBUG: Started auxiliary module RecentFiles
2022-05-12 22:51:15,921 [analyzer] DEBUG: Started auxiliary module Screenshots
2022-05-12 22:51:15,937 [analyzer] DEBUG: Started auxiliary module LoadZer0m0n
2022-05-12 22:51:16,467 [lib.api.process] INFO: Successfully executed process from path 'C:\\Windows\\System32\\cmd.exe' with arguments ['/c', 'start', '/wait', '"NTHWbeYjttfHgcI"', u'C:\\Users\\ADMINI~1\\AppData\\Local\\Temp\\istockphoto-1188445864-612x612.jpg'] and pid 2724
2022-05-12 22:51:17,453 [analyzer] DEBUG: Loaded monitor into process with pid 2724
2022-05-12 22:51:52,750 [lib.api.process] INFO: Memory dump of process with pid 2724 completed
2022-05-12 22:51:54,921 [analyzer] INFO: Process with pid 2724 has terminated
2022-05-12 22:51:54,921 [analyzer] INFO: Process list is empty, terminating analysis.
2022-05-12 22:51:55,921 [analyzer] INFO: Analysis completed.
