2022-05-12 22:33:21,015 [analyzer] DEBUG: Starting analyzer from: C:\tmpy1hzlw
2022-05-12 22:33:21,030 [analyzer] DEBUG: Pipe server name: \??\PIPE\AXDPoPDARSvsAWHClInAXZC
2022-05-12 22:33:21,030 [analyzer] DEBUG: Log pipe server name: \??\PIPE\MTwzdhAYxoseqarLCpoPytY
2022-05-12 22:33:21,030 [analyzer] DEBUG: No analysis package specified, trying to detect it automagically.
2022-05-12 22:33:21,030 [analyzer] INFO: Automatically selected analysis package "generic"
2022-05-12 22:33:23,500 [analyzer] DEBUG: Started auxiliary module DbgView
2022-05-12 22:33:41,562 [analyzer] DEBUG: Started auxiliary module Disguise
2022-05-12 22:33:42,125 [analyzer] DEBUG: Loaded monitor into process with pid 496
2022-05-12 22:33:42,140 [analyzer] DEBUG: Started auxiliary module DumpTLSMasterSecrets
2022-05-12 22:33:42,140 [analyzer] DEBUG: Started auxiliary module Human
2022-05-12 22:33:42,155 [analyzer] DEBUG: Started auxiliary module InstallCertificate
2022-05-12 22:33:42,155 [analyzer] DEBUG: Started auxiliary module Reboot
2022-05-12 22:33:42,562 [analyzer] DEBUG: Started auxiliary module RecentFiles
2022-05-12 22:33:42,562 [analyzer] DEBUG: Started auxiliary module Screenshots
2022-05-12 22:33:42,562 [analyzer] DEBUG: Started auxiliary module LoadZer0m0n
2022-05-12 22:33:43,265 [lib.api.process] INFO: Successfully executed process from path 'C:\\Windows\\System32\\cmd.exe' with arguments ['/c', 'start', '/wait', '"eynrAnjHPSTkt"', u'C:\\Users\\ADMINI~1\\AppData\\Local\\Temp\\istockphoto-1188445864-612x612.jpg'] and pid 2712
2022-05-12 22:33:44,296 [analyzer] DEBUG: Loaded monitor into process with pid 2712
2022-05-12 22:34:17,967 [lib.api.process] INFO: Memory dump of process with pid 2712 completed
2022-05-12 22:34:20,155 [analyzer] INFO: Process with pid 2712 has terminated
2022-05-12 22:34:20,280 [analyzer] INFO: Process list is empty, terminating analysis.
2022-05-12 22:34:21,358 [analyzer] INFO: Analysis completed.
