2022-05-15 07:48:37,015 [analyzer] DEBUG: Starting analyzer from: C:\tmpy1hzlw
2022-05-15 07:48:37,015 [analyzer] DEBUG: Pipe server name: \??\PIPE\VfqSLfKXCQLydimumFmdMfwtGwgff
2022-05-15 07:48:37,015 [analyzer] DEBUG: Log pipe server name: \??\PIPE\OGVxifudxkMZIARtljVefx
2022-05-15 07:48:37,015 [analyzer] DEBUG: No analysis package specified, trying to detect it automagically.
2022-05-15 07:48:37,015 [analyzer] INFO: Automatically selected analysis package "generic"
2022-05-15 07:48:38,921 [analyzer] DEBUG: Started auxiliary module DbgView
2022-05-15 07:48:57,703 [analyzer] DEBUG: Started auxiliary module Disguise
2022-05-15 07:48:58,265 [analyzer] DEBUG: Loaded monitor into process with pid 496
2022-05-15 07:48:58,296 [analyzer] DEBUG: Started auxiliary module DumpTLSMasterSecrets
2022-05-15 07:48:58,312 [analyzer] DEBUG: Started auxiliary module Human
2022-05-15 07:48:58,312 [analyzer] DEBUG: Started auxiliary module InstallCertificate
2022-05-15 07:48:58,312 [analyzer] DEBUG: Started auxiliary module Reboot
2022-05-15 07:48:58,717 [analyzer] DEBUG: Started auxiliary module RecentFiles
2022-05-15 07:48:58,717 [analyzer] DEBUG: Started auxiliary module Screenshots
2022-05-15 07:48:58,717 [analyzer] DEBUG: Started auxiliary module LoadZer0m0n
2022-05-15 07:48:59,296 [lib.api.process] INFO: Successfully executed process from path 'C:\\Windows\\System32\\cmd.exe' with arguments ['/c', 'start', '/wait', '"lsVNNSXEgPymi"', u'C:\\Users\\ADMINI~1\\AppData\\Local\\Temp\\istockphoto-1188445864-612x612.jpg'] and pid 2772
2022-05-15 07:49:00,280 [analyzer] DEBUG: Loaded monitor into process with pid 2772
2022-05-15 07:49:35,640 [lib.api.process] INFO: Memory dump of process with pid 2772 completed
2022-05-15 07:49:37,937 [analyzer] INFO: Process with pid 2772 has terminated
2022-05-15 07:49:37,937 [analyzer] INFO: Process list is empty, terminating analysis.
2022-05-15 07:49:38,937 [analyzer] INFO: Analysis completed.
