2022-05-15 01:49:24,015 [analyzer] DEBUG: Starting analyzer from: C:\tmpy1hzlw
2022-05-15 01:49:24,015 [analyzer] DEBUG: Pipe server name: \??\PIPE\FAeZiFQDedgKzmjotwHP
2022-05-15 01:49:24,015 [analyzer] DEBUG: Log pipe server name: \??\PIPE\qauAHqKNmrhdFyTLBLW
2022-05-15 01:49:24,015 [analyzer] DEBUG: No analysis package specified, trying to detect it automagically.
2022-05-15 01:49:24,015 [analyzer] INFO: Automatically selected analysis package "generic"
2022-05-15 01:49:26,265 [analyzer] DEBUG: Started auxiliary module DbgView
2022-05-15 01:49:44,796 [analyzer] DEBUG: Started auxiliary module Disguise
2022-05-15 01:49:45,453 [analyzer] DEBUG: Loaded monitor into process with pid 496
2022-05-15 01:49:45,467 [analyzer] DEBUG: Started auxiliary module DumpTLSMasterSecrets
2022-05-15 01:49:45,483 [analyzer] DEBUG: Started auxiliary module Human
2022-05-15 01:49:45,483 [analyzer] DEBUG: Started auxiliary module InstallCertificate
2022-05-15 01:49:45,483 [analyzer] DEBUG: Started auxiliary module Reboot
2022-05-15 01:49:46,265 [analyzer] DEBUG: Started auxiliary module RecentFiles
2022-05-15 01:49:46,265 [analyzer] DEBUG: Started auxiliary module Screenshots
2022-05-15 01:49:46,265 [analyzer] DEBUG: Started auxiliary module LoadZer0m0n
2022-05-15 01:49:46,875 [lib.api.process] INFO: Successfully executed process from path 'C:\\Windows\\System32\\cmd.exe' with arguments ['/c', 'start', '/wait', '"stxXNv"', u'C:\\Users\\ADMINI~1\\AppData\\Local\\Temp\\istockphoto-1188445864-612x612.jpg'] and pid 2748
2022-05-15 01:49:47,905 [analyzer] DEBUG: Loaded monitor into process with pid 2748
2022-05-15 01:50:20,828 [lib.api.process] INFO: Memory dump of process with pid 2748 completed
2022-05-15 01:50:22,671 [analyzer] INFO: Process with pid 2748 has terminated
2022-05-15 01:50:22,671 [analyzer] INFO: Process list is empty, terminating analysis.
2022-05-15 01:50:23,671 [analyzer] INFO: Analysis completed.
