2022-05-12 22:25:35,030 [analyzer] DEBUG: Starting analyzer from: C:\tmpy1hzlw
2022-05-12 22:25:35,030 [analyzer] DEBUG: Pipe server name: \??\PIPE\TCSZiRAUSiwAwgxtZ
2022-05-12 22:25:35,030 [analyzer] DEBUG: Log pipe server name: \??\PIPE\CsbphROQzWJKMkBIufpVvXokgg
2022-05-12 22:25:35,030 [analyzer] DEBUG: No analysis package specified, trying to detect it automagically.
2022-05-12 22:25:35,030 [analyzer] INFO: Automatically selected analysis package "generic"
2022-05-12 22:25:36,921 [analyzer] DEBUG: Started auxiliary module DbgView
2022-05-12 22:25:56,000 [analyzer] DEBUG: Started auxiliary module Disguise
2022-05-12 22:25:56,562 [analyzer] DEBUG: Loaded monitor into process with pid 496
2022-05-12 22:25:56,592 [analyzer] DEBUG: Started auxiliary module DumpTLSMasterSecrets
2022-05-12 22:25:56,608 [analyzer] DEBUG: Started auxiliary module Human
2022-05-12 22:25:56,608 [analyzer] DEBUG: Started auxiliary module InstallCertificate
2022-05-12 22:25:56,608 [analyzer] DEBUG: Started auxiliary module Reboot
2022-05-12 22:25:57,078 [analyzer] DEBUG: Started auxiliary module RecentFiles
2022-05-12 22:25:57,078 [analyzer] DEBUG: Started auxiliary module Screenshots
2022-05-12 22:25:57,078 [analyzer] DEBUG: Started auxiliary module LoadZer0m0n
2022-05-12 22:25:57,733 [lib.api.process] INFO: Successfully executed process from path 'C:\\Windows\\System32\\cmd.exe' with arguments ['/c', 'start', '/wait', '"EVHPLHNlbOdO"', u'C:\\Users\\ADMINI~1\\AppData\\Local\\Temp\\istockphoto-1188445864-612x612.jpg'] and pid 2704
2022-05-12 22:25:59,015 [analyzer] DEBUG: Loaded monitor into process with pid 2704
2022-05-12 22:26:36,733 [lib.api.process] INFO: Memory dump of process with pid 2704 completed
2022-05-12 22:26:37,140 [analyzer] INFO: Process with pid 2704 has terminated
2022-05-12 22:26:37,140 [analyzer] INFO: Process list is empty, terminating analysis.
2022-05-12 22:26:38,171 [analyzer] INFO: Analysis completed.
