2022-05-13 01:34:30,030 [analyzer] DEBUG: Starting analyzer from: C:\tmpy1hzlw
2022-05-13 01:34:30,030 [analyzer] DEBUG: Pipe server name: \??\PIPE\bpLXrstLFFJxPNcVKMOa
2022-05-13 01:34:30,030 [analyzer] DEBUG: Log pipe server name: \??\PIPE\ablFvMDlmkuXeFVsr
2022-05-13 01:34:30,030 [analyzer] DEBUG: No analysis package specified, trying to detect it automagically.
2022-05-13 01:34:30,030 [analyzer] INFO: Automatically selected analysis package "generic"
2022-05-13 01:34:32,437 [analyzer] DEBUG: Started auxiliary module DbgView
2022-05-13 01:34:54,108 [analyzer] DEBUG: Started auxiliary module Disguise
2022-05-13 01:34:54,717 [analyzer] DEBUG: Loaded monitor into process with pid 496
2022-05-13 01:34:54,750 [analyzer] DEBUG: Started auxiliary module DumpTLSMasterSecrets
2022-05-13 01:34:54,750 [analyzer] DEBUG: Started auxiliary module Human
2022-05-13 01:34:54,765 [analyzer] DEBUG: Started auxiliary module InstallCertificate
2022-05-13 01:34:54,765 [analyzer] DEBUG: Started auxiliary module Reboot
2022-05-13 01:34:55,375 [analyzer] DEBUG: Started auxiliary module RecentFiles
2022-05-13 01:34:55,375 [analyzer] DEBUG: Started auxiliary module Screenshots
2022-05-13 01:34:55,375 [analyzer] DEBUG: Started auxiliary module LoadZer0m0n
2022-05-13 01:34:56,078 [lib.api.process] INFO: Successfully executed process from path 'C:\\Windows\\System32\\cmd.exe' with arguments ['/c', 'start', '/wait', '"isOmFsQh"', u'C:\\Users\\ADMINI~1\\AppData\\Local\\Temp\\istockphoto-1188445864-612x612.jpg'] and pid 2700
2022-05-13 01:34:57,125 [analyzer] DEBUG: Loaded monitor into process with pid 2700
2022-05-13 01:35:35,092 [lib.api.process] INFO: Memory dump of process with pid 2700 completed
2022-05-13 01:35:35,250 [analyzer] INFO: Process with pid 2700 has terminated
2022-05-13 01:35:35,250 [analyzer] INFO: Process list is empty, terminating analysis.
2022-05-13 01:35:36,358 [analyzer] INFO: Analysis completed.
