2022-05-11 22:01:15,062 [analyzer] DEBUG: Starting analyzer from: C:\tmpy1hzlw
2022-05-11 22:01:15,108 [analyzer] DEBUG: Pipe server name: \??\PIPE\dwWdQDwLMFAPkDNoiEu
2022-05-11 22:01:15,108 [analyzer] DEBUG: Log pipe server name: \??\PIPE\OimezszObObEUEcKTXjv
2022-05-11 22:01:15,108 [analyzer] DEBUG: No analysis package specified, trying to detect it automagically.
2022-05-11 22:01:15,108 [analyzer] INFO: Automatically selected analysis package "generic"
2022-05-11 22:01:17,187 [analyzer] DEBUG: Started auxiliary module DbgView
2022-05-11 22:01:36,937 [analyzer] DEBUG: Started auxiliary module Disguise
2022-05-11 22:01:37,546 [analyzer] DEBUG: Loaded monitor into process with pid 496
2022-05-11 22:01:37,578 [analyzer] DEBUG: Started auxiliary module DumpTLSMasterSecrets
2022-05-11 22:01:37,592 [analyzer] DEBUG: Started auxiliary module Human
2022-05-11 22:01:37,592 [analyzer] DEBUG: Started auxiliary module InstallCertificate
2022-05-11 22:01:37,592 [analyzer] DEBUG: Started auxiliary module Reboot
2022-05-11 22:01:38,030 [analyzer] DEBUG: Started auxiliary module RecentFiles
2022-05-11 22:01:38,046 [analyzer] DEBUG: Started auxiliary module Screenshots
2022-05-11 22:01:38,046 [analyzer] DEBUG: Started auxiliary module LoadZer0m0n
2022-05-11 22:01:38,703 [lib.api.process] INFO: Successfully executed process from path 'C:\\Windows\\System32\\cmd.exe' with arguments ['/c', 'start', '/wait', '"afEyADzlUF"', u'C:\\Users\\ADMINI~1\\AppData\\Local\\Temp\\istockphoto-1188445864-612x612.jpg'] and pid 2700
2022-05-11 22:01:39,703 [analyzer] DEBUG: Loaded monitor into process with pid 2700
2022-05-11 22:02:17,203 [lib.api.process] INFO: Memory dump of process with pid 2700 completed
2022-05-11 22:02:17,546 [analyzer] INFO: Process with pid 2700 has terminated
2022-05-11 22:02:17,546 [analyzer] INFO: Process list is empty, terminating analysis.
2022-05-11 22:02:18,640 [analyzer] INFO: Analysis completed.
