2022-05-15 10:30:06,062 [analyzer] DEBUG: Starting analyzer from: C:\tmpy1hzlw
2022-05-15 10:30:06,062 [analyzer] DEBUG: Pipe server name: \??\PIPE\lBlybVxBUNsspMCvxHr
2022-05-15 10:30:06,062 [analyzer] DEBUG: Log pipe server name: \??\PIPE\ilwHfLXknRlboJcKodcqn
2022-05-15 10:30:06,062 [analyzer] DEBUG: No analysis package specified, trying to detect it automagically.
2022-05-15 10:30:06,062 [analyzer] INFO: Automatically selected analysis package "generic"
2022-05-15 10:30:07,937 [analyzer] DEBUG: Started auxiliary module DbgView
2022-05-15 10:30:30,108 [analyzer] DEBUG: Started auxiliary module Disguise
2022-05-15 10:30:30,671 [analyzer] DEBUG: Loaded monitor into process with pid 496
2022-05-15 10:30:30,703 [analyzer] DEBUG: Started auxiliary module DumpTLSMasterSecrets
2022-05-15 10:30:30,703 [analyzer] DEBUG: Started auxiliary module Human
2022-05-15 10:30:30,703 [analyzer] DEBUG: Started auxiliary module InstallCertificate
2022-05-15 10:30:30,703 [analyzer] DEBUG: Started auxiliary module Reboot
2022-05-15 10:30:31,062 [analyzer] DEBUG: Started auxiliary module RecentFiles
2022-05-15 10:30:31,062 [analyzer] DEBUG: Started auxiliary module Screenshots
2022-05-15 10:30:31,062 [analyzer] DEBUG: Started auxiliary module LoadZer0m0n
2022-05-15 10:30:31,671 [lib.api.process] INFO: Successfully executed process from path 'C:\\Windows\\System32\\cmd.exe' with arguments ['/c', 'start', '/wait', '"FDwdkARfsyrHWa"', u'C:\\Users\\ADMINI~1\\AppData\\Local\\Temp\\istockphoto-1188445864-612x612.jpg'] and pid 2756
2022-05-15 10:30:32,562 [analyzer] DEBUG: Loaded monitor into process with pid 2756
2022-05-15 10:31:06,108 [lib.api.process] INFO: Memory dump of process with pid 2756 completed
2022-05-15 10:31:08,421 [analyzer] INFO: Process with pid 2756 has terminated
2022-05-15 10:31:08,437 [analyzer] INFO: Process list is empty, terminating analysis.
2022-05-15 10:31:09,437 [analyzer] INFO: Analysis completed.
