2022-05-08 11:28:03,015 [analyzer] DEBUG: Starting analyzer from: C:\tmpijiehg
2022-05-08 11:28:03,030 [analyzer] DEBUG: Pipe server name: \??\PIPE\CjSxuDthhwwllpNKfbpMehnd
2022-05-08 11:28:03,046 [analyzer] DEBUG: Log pipe server name: \??\PIPE\DwgZPWnDLNuqvnRa
2022-05-08 11:28:03,046 [analyzer] DEBUG: No analysis package specified, trying to detect it automagically.
2022-05-08 11:28:03,046 [analyzer] INFO: Automatically selected analysis package "generic"
2022-05-08 11:28:04,062 [analyzer] DEBUG: Started auxiliary module DbgView
2022-05-08 11:28:21,405 [analyzer] DEBUG: Started auxiliary module Disguise
2022-05-08 11:28:21,875 [analyzer] DEBUG: Loaded monitor into process with pid 516
2022-05-08 11:28:21,905 [analyzer] DEBUG: Started auxiliary module DumpTLSMasterSecrets
2022-05-08 11:28:21,921 [analyzer] DEBUG: Started auxiliary module Human
2022-05-08 11:28:21,921 [analyzer] DEBUG: Started auxiliary module InstallCertificate
2022-05-08 11:28:21,921 [analyzer] DEBUG: Started auxiliary module Reboot
2022-05-08 11:28:22,265 [analyzer] DEBUG: Started auxiliary module RecentFiles
2022-05-08 11:28:22,265 [modules.auxiliary.screenshots] INFO: Python Image Library (either PIL or Pillow) is not installed, screenshots are disabled.
2022-05-08 11:28:22,265 [analyzer] DEBUG: Started auxiliary module Screenshots
2022-05-08 11:28:22,265 [analyzer] DEBUG: Started auxiliary module LoadZer0m0n
2022-05-08 11:28:22,796 [lib.api.process] INFO: Successfully executed process from path 'C:\\Windows\\System32\\cmd.exe' with arguments ['/c', 'start', '/wait', '"mBJcMcOJc"', u'C:\\Users\\ADMINI~1\\AppData\\Local\\Temp\\istockphoto-1188445864-612x612.jpg'] and pid 2236
2022-05-08 11:28:23,703 [analyzer] DEBUG: Loaded monitor into process with pid 2236
2022-05-08 11:28:46,312 [lib.api.process] INFO: Memory dump of process with pid 2236 completed
2022-05-08 11:28:46,812 [analyzer] INFO: Process with pid 2236 has terminated
2022-05-08 11:28:46,812 [analyzer] INFO: Process list is empty, terminating analysis.
2022-05-08 11:28:47,812 [analyzer] INFO: Analysis completed.
