2022-05-15 08:32:31,046 [analyzer] DEBUG: Starting analyzer from: C:\tmpy1hzlw
2022-05-15 08:32:31,046 [analyzer] DEBUG: Pipe server name: \??\PIPE\NAWGyFGtTsvkDbPUWAFf
2022-05-15 08:32:31,046 [analyzer] DEBUG: Log pipe server name: \??\PIPE\gjMscoqAsYfACecvdkShCleDqGNdd
2022-05-15 08:32:31,046 [analyzer] DEBUG: No analysis package specified, trying to detect it automagically.
2022-05-15 08:32:31,046 [analyzer] INFO: Automatically selected analysis package "generic"
2022-05-15 08:32:33,108 [analyzer] DEBUG: Started auxiliary module DbgView
2022-05-15 08:32:52,390 [analyzer] DEBUG: Started auxiliary module Disguise
2022-05-15 08:32:53,030 [analyzer] DEBUG: Loaded monitor into process with pid 496
2022-05-15 08:32:53,046 [analyzer] DEBUG: Started auxiliary module DumpTLSMasterSecrets
2022-05-15 08:32:53,062 [analyzer] DEBUG: Started auxiliary module Human
2022-05-15 08:32:53,062 [analyzer] DEBUG: Started auxiliary module InstallCertificate
2022-05-15 08:32:53,062 [analyzer] DEBUG: Started auxiliary module Reboot
2022-05-15 08:32:53,483 [analyzer] DEBUG: Started auxiliary module RecentFiles
2022-05-15 08:32:53,483 [analyzer] DEBUG: Started auxiliary module Screenshots
2022-05-15 08:32:53,483 [analyzer] DEBUG: Started auxiliary module LoadZer0m0n
2022-05-15 08:32:54,062 [lib.api.process] INFO: Successfully executed process from path 'C:\\Windows\\System32\\cmd.exe' with arguments ['/c', 'start', '/wait', '"UPhf"', u'C:\\Users\\ADMINI~1\\AppData\\Local\\Temp\\istockphoto-1188445864-612x612.jpg'] and pid 2772
2022-05-15 08:32:55,203 [analyzer] DEBUG: Loaded monitor into process with pid 2772
2022-05-15 08:33:30,905 [lib.api.process] INFO: Memory dump of process with pid 2772 completed
2022-05-15 08:33:32,875 [analyzer] INFO: Process with pid 2772 has terminated
2022-05-15 08:33:32,890 [analyzer] INFO: Process list is empty, terminating analysis.
2022-05-15 08:33:33,890 [analyzer] INFO: Analysis completed.
