2022-05-12 23:32:54,030 [analyzer] DEBUG: Starting analyzer from: C:\tmpy1hzlw
2022-05-12 23:32:54,046 [analyzer] DEBUG: Pipe server name: \??\PIPE\AXRKKiZdkJchaCwWlXMyrTjf
2022-05-12 23:32:54,046 [analyzer] DEBUG: Log pipe server name: \??\PIPE\yibOJzjmVUufrtvkdgxTPRg
2022-05-12 23:32:54,046 [analyzer] DEBUG: No analysis package specified, trying to detect it automagically.
2022-05-12 23:32:54,046 [analyzer] INFO: Automatically selected analysis package "generic"
2022-05-12 23:32:56,000 [analyzer] DEBUG: Started auxiliary module DbgView
2022-05-12 23:33:16,671 [analyzer] DEBUG: Started auxiliary module Disguise
2022-05-12 23:33:17,233 [analyzer] DEBUG: Loaded monitor into process with pid 496
2022-05-12 23:33:17,265 [analyzer] DEBUG: Started auxiliary module DumpTLSMasterSecrets
2022-05-12 23:33:17,280 [analyzer] DEBUG: Started auxiliary module Human
2022-05-12 23:33:17,280 [analyzer] DEBUG: Started auxiliary module InstallCertificate
2022-05-12 23:33:17,280 [analyzer] DEBUG: Started auxiliary module Reboot
2022-05-12 23:33:17,875 [analyzer] DEBUG: Started auxiliary module RecentFiles
2022-05-12 23:33:17,875 [analyzer] DEBUG: Started auxiliary module Screenshots
2022-05-12 23:33:17,875 [analyzer] DEBUG: Started auxiliary module LoadZer0m0n
2022-05-12 23:33:18,483 [lib.api.process] INFO: Successfully executed process from path 'C:\\Windows\\System32\\cmd.exe' with arguments ['/c', 'start', '/wait', '"QDBZuiwrPXLslC"', u'C:\\Users\\ADMINI~1\\AppData\\Local\\Temp\\istockphoto-1188445864-612x612.jpg'] and pid 2704
2022-05-12 23:33:19,608 [analyzer] DEBUG: Loaded monitor into process with pid 2704
2022-05-12 23:33:54,265 [lib.api.process] INFO: Memory dump of process with pid 2704 completed
2022-05-12 23:33:54,515 [analyzer] INFO: Process with pid 2704 has terminated
2022-05-12 23:33:54,515 [analyzer] INFO: Process list is empty, terminating analysis.
2022-05-12 23:33:55,515 [analyzer] INFO: Analysis completed.
