2022-05-17 07:23:40,030 [analyzer] DEBUG: Starting analyzer from: C:\tmpy1hzlw
2022-05-17 07:23:40,030 [analyzer] DEBUG: Pipe server name: \??\PIPE\cQYZRmQiLHAldeVshAaElWxJcm
2022-05-17 07:23:40,030 [analyzer] DEBUG: Log pipe server name: \??\PIPE\cPearMULgLBhhKNhxuX
2022-05-17 07:23:40,030 [analyzer] DEBUG: No analysis package specified, trying to detect it automagically.
2022-05-17 07:23:40,030 [analyzer] INFO: Automatically selected analysis package "generic"
2022-05-17 07:23:43,640 [analyzer] DEBUG: Started auxiliary module DbgView
2022-05-17 13:26:11,673 [analyzer] DEBUG: Started auxiliary module Disguise
2022-05-17 13:26:12,250 [analyzer] DEBUG: Loaded monitor into process with pid 496
2022-05-17 13:26:12,282 [analyzer] DEBUG: Started auxiliary module DumpTLSMasterSecrets
2022-05-17 13:26:12,282 [analyzer] DEBUG: Started auxiliary module Human
2022-05-17 13:26:12,282 [analyzer] DEBUG: Started auxiliary module InstallCertificate
2022-05-17 13:26:12,282 [analyzer] DEBUG: Started auxiliary module Reboot
2022-05-17 13:26:12,673 [analyzer] DEBUG: Started auxiliary module RecentFiles
2022-05-17 13:26:12,688 [analyzer] DEBUG: Started auxiliary module Screenshots
2022-05-17 13:26:12,688 [analyzer] DEBUG: Started auxiliary module LoadZer0m0n
2022-05-17 13:26:13,313 [lib.api.process] INFO: Successfully executed process from path 'C:\\Windows\\System32\\cmd.exe' with arguments ['/c', 'start', '/wait', '"EMcTseiaC"', u'C:\\Users\\ADMINI~1\\AppData\\Local\\Temp\\istockphoto-1188445864-612x612.jpg'] and pid 2788
2022-05-17 13:26:14,345 [analyzer] DEBUG: Loaded monitor into process with pid 2788
2022-05-17 13:27:05,032 [lib.api.process] INFO: Memory dump of process with pid 2788 completed
2022-05-17 13:27:05,361 [analyzer] INFO: Process with pid 2788 has terminated
2022-05-17 13:27:05,361 [analyzer] INFO: Process list is empty, terminating analysis.
2022-05-17 13:27:06,361 [analyzer] INFO: Analysis completed.
