2022-05-15 11:17:07,030 [analyzer] DEBUG: Starting analyzer from: C:\tmpy1hzlw
2022-05-15 11:17:07,046 [analyzer] DEBUG: Pipe server name: \??\PIPE\vNGgTROeszxdlUiVQRNesDrSZfKwKWW
2022-05-15 11:17:07,046 [analyzer] DEBUG: Log pipe server name: \??\PIPE\SHuWGXBjdFpdkyVRmMtCfUnUrNlL
2022-05-15 11:17:07,046 [analyzer] DEBUG: No analysis package specified, trying to detect it automagically.
2022-05-15 11:17:07,046 [analyzer] INFO: Automatically selected analysis package "generic"
2022-05-15 11:17:09,342 [analyzer] DEBUG: Started auxiliary module DbgView
2022-05-15 11:17:27,890 [analyzer] DEBUG: Started auxiliary module Disguise
2022-05-15 11:17:28,467 [analyzer] DEBUG: Loaded monitor into process with pid 496
2022-05-15 11:17:28,500 [analyzer] DEBUG: Started auxiliary module DumpTLSMasterSecrets
2022-05-15 11:17:28,500 [analyzer] DEBUG: Started auxiliary module Human
2022-05-15 11:17:28,500 [analyzer] DEBUG: Started auxiliary module InstallCertificate
2022-05-15 11:17:28,500 [analyzer] DEBUG: Started auxiliary module Reboot
2022-05-15 11:17:28,717 [analyzer] DEBUG: Started auxiliary module RecentFiles
2022-05-15 11:17:28,717 [analyzer] DEBUG: Started auxiliary module Screenshots
2022-05-15 11:17:28,717 [analyzer] DEBUG: Started auxiliary module LoadZer0m0n
2022-05-15 11:17:29,405 [lib.api.process] INFO: Successfully executed process from path 'C:\\Windows\\System32\\cmd.exe' with arguments ['/c', 'start', '/wait', '"usLOvV"', u'C:\\Users\\ADMINI~1\\AppData\\Local\\Temp\\istockphoto-1188445864-612x612.jpg'] and pid 2772
2022-05-15 11:17:30,265 [analyzer] DEBUG: Loaded monitor into process with pid 2772
2022-05-15 11:18:03,858 [lib.api.process] INFO: Memory dump of process with pid 2772 completed
2022-05-15 11:18:04,203 [analyzer] INFO: Process with pid 2772 has terminated
2022-05-15 11:18:04,203 [analyzer] INFO: Process list is empty, terminating analysis.
2022-05-15 11:18:05,483 [analyzer] INFO: Analysis completed.
