2022-05-16 06:11:38,030 [analyzer] DEBUG: Starting analyzer from: C:\tmpy1hzlw
2022-05-16 06:11:38,046 [analyzer] DEBUG: Pipe server name: \??\PIPE\qjfzIHbSidKYmAjWCQrMFhMrdMBtV
2022-05-16 06:11:38,046 [analyzer] DEBUG: Log pipe server name: \??\PIPE\NgHkaugyXRmXFGBgNbeLkB
2022-05-16 06:11:40,233 [analyzer] DEBUG: Started auxiliary module DbgView
2022-05-16 12:12:14,220 [analyzer] DEBUG: Started auxiliary module Disguise
2022-05-16 12:12:14,829 [analyzer] DEBUG: Loaded monitor into process with pid 496
2022-05-16 12:12:14,891 [analyzer] DEBUG: Started auxiliary module DumpTLSMasterSecrets
2022-05-16 12:12:14,891 [analyzer] DEBUG: Started auxiliary module Human
2022-05-16 12:12:14,891 [analyzer] DEBUG: Started auxiliary module InstallCertificate
2022-05-16 12:12:14,891 [analyzer] DEBUG: Started auxiliary module Reboot
2022-05-16 12:12:15,204 [analyzer] DEBUG: Started auxiliary module RecentFiles
2022-05-16 12:12:15,204 [analyzer] DEBUG: Started auxiliary module Screenshots
2022-05-16 12:12:15,204 [analyzer] DEBUG: Started auxiliary module LoadZer0m0n
2022-05-16 12:12:16,516 [lib.api.process] INFO: Successfully executed process from path 'C:\\Program Files\\Internet Explorer\\iexplore.exe' with arguments ['http://www.facebook.com'] and pid 2812
2022-05-16 12:12:16,877 [analyzer] DEBUG: Loaded monitor into process with pid 2812
2022-05-16 12:12:16,986 [analyzer] DEBUG: Ignoring process "C:\Windows\System32\ie4uinit.exe" -ShowQLIcon!
2022-05-16 12:12:21,002 [analyzer] DEBUG: Following legitimate IE8 process: "C:\Program Files\Internet Explorer\iexplore.exe" SCODEF:2812 CREDAT:79873!
2022-05-16 12:12:21,361 [analyzer] INFO: Injected into process with pid 2928 and name u'iexplore.exe'
2022-05-16 12:12:22,391 [lib.api.process] INFO: Memory dump of process with pid 2928 completed
2022-05-16 12:12:22,907 [analyzer] DEBUG: Loaded monitor into process with pid 2928
2022-05-16 12:12:23,423 [analyzer] INFO: Added new file to list with pid 2812 and path C:\Users\Administrator\AppData\Local\Microsoft\Internet Explorer\Recovery\High\Active\RecoveryStore.{AA1580DB-D500-11EC-84C7-840F0C3BD90C}.dat
2022-05-16 12:12:23,470 [analyzer] INFO: Added new file to list with pid 2812 and path C:\Users\Administrator\AppData\Local\Temp\~DFF1AB5B1BF0B63F6F.TMP
2022-05-16 12:12:26,502 [analyzer] INFO: Added new file to list with pid 2812 and path C:\Users\Administrator\Favorites\Links\desktop.ini
2022-05-16 12:12:29,377 [analyzer] INFO: Added new file to list with pid 2812 and path C:\Users\Administrator\AppData\Local\Microsoft\Internet Explorer\Recovery\High\Active\{B08C20D4-D500-11EC-84C7-840F0C3BD90C}.dat
2022-05-16 12:12:30,298 [analyzer] INFO: Added new file to list with pid 2812 and path C:\Users\Administrator\AppData\Local\Temp\~DF312937EEB7E6E7EA.TMP
2022-05-16 12:12:40,877 [analyzer] INFO: Added new file to list with pid 2928 and path C:\Users\Administrator\AppData\LocalLow\Microsoft\CryptnetUrlCache\MetaData\94308059B57B3142E455B38A6EB92015
2022-05-16 12:12:40,907 [analyzer] INFO: Added new file to list with pid 2928 and path C:\Users\Administrator\AppData\LocalLow\Microsoft\CryptnetUrlCache\Content\94308059B57B3142E455B38A6EB92015
2022-05-16 12:12:41,063 [analyzer] INFO: Added new file to list with pid 2928 and path C:\Users\Administrator\AppData\Local\Temp\Cab1EA5.tmp
2022-05-16 12:12:41,204 [analyzer] INFO: Added new file to list with pid 2928 and path C:\Users\Administrator\AppData\Local\Temp\Tar1EA6.tmp
2022-05-16 12:12:53,548 [analyzer] INFO: Added new file to list with pid 2928 and path C:\Users\Administrator\AppData\LocalLow\Microsoft\CryptnetUrlCache\MetaData\F0ACCF77CDCBFF39F6191887F6D2D357
2022-05-16 12:12:53,563 [analyzer] INFO: Added new file to list with pid 2928 and path C:\Users\Administrator\AppData\LocalLow\Microsoft\CryptnetUrlCache\Content\F0ACCF77CDCBFF39F6191887F6D2D357
2022-05-16 12:12:53,720 [analyzer] INFO: Added new file to list with pid 2928 and path C:\Users\Administrator\AppData\Local\Temp\Cab5046.tmp
2022-05-16 12:12:53,766 [analyzer] INFO: Added new file to list with pid 2928 and path C:\Users\Administrator\AppData\Local\Temp\Tar5056.tmp
2022-05-16 12:12:59,282 [analyzer] INFO: Added new file to list with pid 2928 and path C:\Users\Administrator\AppData\Local\Temp\Cab6602.tmp
2022-05-16 12:12:59,486 [analyzer] INFO: Added new file to list with pid 2928 and path C:\Users\Administrator\AppData\Local\Temp\Tar6603.tmp
2022-05-16 12:13:05,704 [analyzer] INFO: Added new file to list with pid 2928 and path C:\Users\Administrator\AppData\LocalLow\Microsoft\CryptnetUrlCache\MetaData\EDC238BFF48A31D55A97E1E93892934B_C20E0DA2D0F89FE526E1490F4A2EE5AB
2022-05-16 12:13:05,720 [analyzer] INFO: Added new file to list with pid 2928 and path C:\Users\Administrator\AppData\LocalLow\Microsoft\CryptnetUrlCache\Content\EDC238BFF48A31D55A97E1E93892934B_C20E0DA2D0F89FE526E1490F4A2EE5AB
2022-05-16 12:13:11,345 [analyzer] INFO: Added new file to list with pid 2928 and path C:\Users\Administrator\AppData\LocalLow\Microsoft\CryptnetUrlCache\MetaData\35DDEDF268117918D1D277A171D8DF7B_B5DBB5EF8E68B56BB47EAFC5DE10B09A
2022-05-16 12:13:11,377 [analyzer] INFO: Added new file to list with pid 2928 and path C:\Users\Administrator\AppData\LocalLow\Microsoft\CryptnetUrlCache\Content\35DDEDF268117918D1D277A171D8DF7B_B5DBB5EF8E68B56BB47EAFC5DE10B09A
2022-05-16 12:13:11,470 [analyzer] INFO: Added new file to list with pid 2928 and path C:\Users\Administrator\AppData\Local\Temp\Cab95AF.tmp
2022-05-16 12:13:11,502 [analyzer] INFO: Added new file to list with pid 2928 and path C:\Users\Administrator\AppData\Local\Temp\Tar95B0.tmp
2022-05-16 12:13:12,173 [analyzer] INFO: Added new file to list with pid 2928 and path C:\Users\Administrator\AppData\Local\Microsoft\Windows\Temporary Internet Files\Content.IE5\A3UO8RD8\facebook_com[1].txt
2022-05-16 12:13:13,938 [analyzer] INFO: Added new file to list with pid 2928 and path C:\Users\Administrator\AppData\Roaming\Microsoft\Windows\Cookies\administrator@facebook[1].txt
2022-05-16 12:13:13,986 [analyzer] INFO: Added new file to list with pid 2928 and path C:\Users\Administrator\AppData\Roaming\Microsoft\Windows\Cookies\administrator@facebook[2].txt
2022-05-16 12:13:14,032 [analyzer] INFO: Added new file to list with pid 2928 and path C:\Users\Administrator\AppData\Local\Microsoft\Windows\Temporary Internet Files\Content.IE5\A3UO8RD8\m_facebook_com[1].txt
2022-05-16 12:13:14,048 [analyzer] INFO: Added new file to list with pid 2928 and path C:\Users\Administrator\AppData\Local\Microsoft\Windows\Temporary Internet Files\Content.IE5\A3UO8RD8\m_facebook_com[1].htm
2022-05-16 12:13:15,532 [analyzer] INFO: Added new file to list with pid 2928 and path C:\Users\Administrator\AppData\Local\Microsoft\Windows\Temporary Internet Files\Content.IE5\A3UO8RD8\k97pj8-or6s[1].png
2022-05-16 12:13:15,563 [analyzer] INFO: Added new file to list with pid 2928 and path C:\Users\Administrator\AppData\Local\Microsoft\Windows\Temporary Internet Files\Content.IE5\A3UO8RD8\hrb0H7k9FkC[1].png
2022-05-16 12:13:16,579 [analyzer] INFO: Added new file to list with pid 2928 and path C:\Users\Administrator\AppData\LocalLow\Microsoft\CryptnetUrlCache\MetaData\35DDEDF268117918D1D277A171D8DF7B_9287A1C3D986BA90ED0906FDBF1E4E4F
2022-05-16 12:13:16,673 [analyzer] INFO: Added new file to list with pid 2928 and path C:\Users\Administrator\AppData\LocalLow\Microsoft\CryptnetUrlCache\Content\35DDEDF268117918D1D277A171D8DF7B_9287A1C3D986BA90ED0906FDBF1E4E4F
2022-05-16 12:13:18,111 [analyzer] INFO: Added new file to list with pid 2928 and path C:\Users\Administrator\AppData\Local\Microsoft\Windows\Temporary Internet Files\Content.IE5\IBBL5OJZ\hsts-pixel[1].gif
2022-05-16 12:13:18,627 [analyzer] INFO: Added new file to list with pid 2928 and path C:\Users\Administrator\AppData\Local\Microsoft\Windows\Temporary Internet Files\Content.IE5\1930N1EX\favicon[1].png
2022-05-16 12:13:23,877 [analyzer] INFO: Added new file to list with pid 2812 and path C:\Users\Administrator\AppData\LocalLow\Microsoft\Internet Explorer\Services\search_{0633EE93-D776-472f-A0FF-E1416B8B2E3A}.ico
2022-05-16 12:14:20,798 [analyzer] INFO: Analysis timeout hit, terminating analysis.
