2022-05-16 02:18:09,030 [analyzer] DEBUG: Starting analyzer from: C:\tmpy1hzlw
2022-05-16 02:18:09,030 [analyzer] DEBUG: Pipe server name: \??\PIPE\dZjtniHMhDPiDvlYg
2022-05-16 02:18:09,030 [analyzer] DEBUG: Log pipe server name: \??\PIPE\RNvrKJHyhQLnLEdYA
2022-05-16 02:18:09,030 [analyzer] DEBUG: No analysis package specified, trying to detect it automagically.
2022-05-16 02:18:09,030 [analyzer] INFO: Automatically selected analysis package "generic"
2022-05-16 02:18:11,375 [analyzer] DEBUG: Started auxiliary module DbgView
2022-05-16 02:18:30,671 [analyzer] DEBUG: Started auxiliary module Disguise
2022-05-16 02:18:31,187 [analyzer] DEBUG: Loaded monitor into process with pid 496
2022-05-16 02:18:31,217 [analyzer] DEBUG: Started auxiliary module DumpTLSMasterSecrets
2022-05-16 02:18:31,233 [analyzer] DEBUG: Started auxiliary module Human
2022-05-16 02:18:31,233 [analyzer] DEBUG: Started auxiliary module InstallCertificate
2022-05-16 02:18:31,233 [analyzer] DEBUG: Started auxiliary module Reboot
2022-05-16 02:18:31,750 [analyzer] DEBUG: Started auxiliary module RecentFiles
2022-05-16 02:18:31,750 [analyzer] DEBUG: Started auxiliary module Screenshots
2022-05-16 02:18:31,750 [analyzer] DEBUG: Started auxiliary module LoadZer0m0n
2022-05-16 02:18:32,328 [lib.api.process] INFO: Successfully executed process from path 'C:\\Windows\\System32\\cmd.exe' with arguments ['/c', 'start', '/wait', '"OcDKsZg"', u'C:\\Users\\ADMINI~1\\AppData\\Local\\Temp\\istockphoto-1188445864-612x612.jpg'] and pid 2756
2022-05-16 02:18:33,375 [analyzer] DEBUG: Loaded monitor into process with pid 2756
2022-05-16 02:19:07,842 [lib.api.process] INFO: Memory dump of process with pid 2756 completed
2022-05-16 02:19:08,405 [analyzer] INFO: Process with pid 2756 has terminated
2022-05-16 02:19:08,405 [analyzer] INFO: Process list is empty, terminating analysis.
2022-05-16 02:19:09,405 [analyzer] INFO: Analysis completed.
