2022-05-13 04:06:09,000 [analyzer] DEBUG: Starting analyzer from: C:\tmpy1hzlw
2022-05-13 04:06:09,015 [analyzer] DEBUG: Pipe server name: \??\PIPE\qxMzSWVdUsfqdePEqa
2022-05-13 04:06:09,015 [analyzer] DEBUG: Log pipe server name: \??\PIPE\yTTGriEzRFkjhSTOTnlP
2022-05-13 04:06:09,015 [analyzer] DEBUG: No analysis package specified, trying to detect it automagically.
2022-05-13 04:06:09,015 [analyzer] INFO: Automatically selected analysis package "generic"
2022-05-13 04:06:11,203 [analyzer] DEBUG: Started auxiliary module DbgView
2022-05-13 04:06:29,967 [analyzer] DEBUG: Started auxiliary module Disguise
2022-05-13 04:06:30,578 [analyzer] DEBUG: Loaded monitor into process with pid 496
2022-05-13 04:06:30,592 [analyzer] DEBUG: Started auxiliary module DumpTLSMasterSecrets
2022-05-13 04:06:30,608 [analyzer] DEBUG: Started auxiliary module Human
2022-05-13 04:06:30,608 [analyzer] DEBUG: Started auxiliary module InstallCertificate
2022-05-13 04:06:30,608 [analyzer] DEBUG: Started auxiliary module Reboot
2022-05-13 04:06:31,171 [analyzer] DEBUG: Started auxiliary module RecentFiles
2022-05-13 04:06:31,171 [analyzer] DEBUG: Started auxiliary module Screenshots
2022-05-13 04:06:31,171 [analyzer] DEBUG: Started auxiliary module LoadZer0m0n
2022-05-13 04:06:31,812 [lib.api.process] INFO: Successfully executed process from path 'C:\\Windows\\System32\\cmd.exe' with arguments ['/c', 'start', '/wait', '"psnaAHPXhzcQJVGC"', u'C:\\Users\\ADMINI~1\\AppData\\Local\\Temp\\istockphoto-1188445864-612x612.jpg'] and pid 2720
2022-05-13 04:06:32,717 [analyzer] DEBUG: Loaded monitor into process with pid 2720
2022-05-13 04:07:08,530 [lib.api.process] INFO: Memory dump of process with pid 2720 completed
2022-05-13 04:07:10,625 [analyzer] INFO: Process with pid 2720 has terminated
2022-05-13 04:07:10,625 [analyzer] INFO: Process list is empty, terminating analysis.
2022-05-13 04:07:11,780 [analyzer] INFO: Analysis completed.
