2022-05-09 01:59:06,108 [analyzer] DEBUG: Starting analyzer from: C:\tmpijiehg
2022-05-09 01:59:06,108 [analyzer] DEBUG: Pipe server name: \??\PIPE\PMTJRLYOasGJqubdOiKnsmDnusjtLoM
2022-05-09 01:59:06,108 [analyzer] DEBUG: Log pipe server name: \??\PIPE\LVtBkBFTcocqnhSXOaSDmeIzMYkqOFm
2022-05-09 01:59:06,108 [analyzer] DEBUG: No analysis package specified, trying to detect it automagically.
2022-05-09 01:59:06,108 [analyzer] INFO: Automatically selected analysis package "generic"
2022-05-09 01:59:07,000 [analyzer] DEBUG: Started auxiliary module DbgView
2022-05-09 01:59:24,280 [analyzer] DEBUG: Started auxiliary module Disguise
2022-05-09 01:59:24,842 [analyzer] DEBUG: Loaded monitor into process with pid 516
2022-05-09 01:59:24,875 [analyzer] DEBUG: Started auxiliary module DumpTLSMasterSecrets
2022-05-09 01:59:24,875 [analyzer] DEBUG: Started auxiliary module Human
2022-05-09 01:59:24,875 [analyzer] DEBUG: Started auxiliary module InstallCertificate
2022-05-09 01:59:24,875 [analyzer] DEBUG: Started auxiliary module Reboot
2022-05-09 01:59:25,375 [analyzer] DEBUG: Started auxiliary module RecentFiles
2022-05-09 01:59:25,375 [analyzer] DEBUG: Started auxiliary module Screenshots
2022-05-09 01:59:25,375 [analyzer] DEBUG: Started auxiliary module LoadZer0m0n
2022-05-09 01:59:25,375 [modules.auxiliary.screenshots] INFO: Python Image Library (either PIL or Pillow) is not installed, screenshots are disabled.
2022-05-09 01:59:25,921 [lib.api.process] INFO: Successfully executed process from path 'C:\\Windows\\System32\\cmd.exe' with arguments ['/c', 'start', '/wait', '"KQxhyWdsbRAaquHi"', u'C:\\Users\\ADMINI~1\\AppData\\Local\\Temp\\istockphoto-1188445864-612x612.jpg'] and pid 2284
2022-05-09 01:59:26,717 [analyzer] DEBUG: Loaded monitor into process with pid 2284
2022-05-09 01:59:54,421 [lib.api.process] INFO: Memory dump of process with pid 2284 completed
2022-05-09 01:59:54,937 [analyzer] INFO: Process with pid 2284 has terminated
2022-05-09 01:59:54,953 [analyzer] INFO: Process list is empty, terminating analysis.
2022-05-09 01:59:55,983 [analyzer] INFO: Analysis completed.
