2022-05-15 08:23:37,015 [analyzer] DEBUG: Starting analyzer from: C:\tmpy1hzlw
2022-05-15 08:23:37,108 [analyzer] DEBUG: Pipe server name: \??\PIPE\rEgrrNKlOPlIeIPKZacXh
2022-05-15 08:23:37,108 [analyzer] DEBUG: Log pipe server name: \??\PIPE\DREnMwHxetOfhqzfyodahYsKPnhxD
2022-05-15 08:23:37,108 [analyzer] DEBUG: No analysis package specified, trying to detect it automagically.
2022-05-15 08:23:37,108 [analyzer] INFO: Automatically selected analysis package "generic"
2022-05-15 08:23:38,858 [analyzer] DEBUG: Started auxiliary module DbgView
2022-05-15 08:23:57,015 [analyzer] DEBUG: Started auxiliary module Disguise
2022-05-15 08:23:57,578 [analyzer] DEBUG: Loaded monitor into process with pid 496
2022-05-15 08:23:57,592 [analyzer] DEBUG: Started auxiliary module DumpTLSMasterSecrets
2022-05-15 08:23:57,608 [analyzer] DEBUG: Started auxiliary module Human
2022-05-15 08:23:57,608 [analyzer] DEBUG: Started auxiliary module InstallCertificate
2022-05-15 08:23:57,608 [analyzer] DEBUG: Started auxiliary module Reboot
2022-05-15 08:23:58,062 [analyzer] DEBUG: Started auxiliary module RecentFiles
2022-05-15 08:23:58,078 [analyzer] DEBUG: Started auxiliary module Screenshots
2022-05-15 08:23:58,078 [analyzer] DEBUG: Started auxiliary module LoadZer0m0n
2022-05-15 08:23:58,640 [lib.api.process] INFO: Successfully executed process from path 'C:\\Windows\\System32\\cmd.exe' with arguments ['/c', 'start', '/wait', '"zzgnnQNoE"', u'C:\\Users\\ADMINI~1\\AppData\\Local\\Temp\\istockphoto-1188445864-612x612.jpg'] and pid 2776
2022-05-15 08:23:59,562 [analyzer] DEBUG: Loaded monitor into process with pid 2776
2022-05-15 08:24:34,078 [lib.api.process] INFO: Memory dump of process with pid 2776 completed
2022-05-15 08:24:34,437 [analyzer] INFO: Process with pid 2776 has terminated
2022-05-15 08:24:34,437 [analyzer] INFO: Process list is empty, terminating analysis.
2022-05-15 08:24:35,453 [analyzer] INFO: Analysis completed.
