2022-05-16 07:13:27,015 [analyzer] DEBUG: Starting analyzer from: C:\tmpy1hzlw
2022-05-16 07:13:27,015 [analyzer] DEBUG: Pipe server name: \??\PIPE\PKxIvtaOpEqMQhIXaxfB
2022-05-16 07:13:27,015 [analyzer] DEBUG: Log pipe server name: \??\PIPE\atditThApZkVVFSBNBKeDnqwgUw
2022-05-16 07:13:27,015 [analyzer] DEBUG: No analysis package specified, trying to detect it automagically.
2022-05-16 07:13:27,046 [analyzer] INFO: Automatically selected analysis package "generic"
2022-05-16 07:13:28,828 [analyzer] DEBUG: Started auxiliary module DbgView
2022-05-16 13:14:02,776 [analyzer] DEBUG: Started auxiliary module Disguise
2022-05-16 13:14:03,526 [analyzer] DEBUG: Loaded monitor into process with pid 496
2022-05-16 13:14:03,542 [analyzer] DEBUG: Started auxiliary module DumpTLSMasterSecrets
2022-05-16 13:14:03,558 [analyzer] DEBUG: Started auxiliary module Human
2022-05-16 13:14:03,558 [analyzer] DEBUG: Started auxiliary module InstallCertificate
2022-05-16 13:14:03,558 [analyzer] DEBUG: Started auxiliary module Reboot
2022-05-16 13:14:04,121 [analyzer] DEBUG: Started auxiliary module RecentFiles
2022-05-16 13:14:04,121 [analyzer] DEBUG: Started auxiliary module Screenshots
2022-05-16 13:14:04,121 [analyzer] DEBUG: Started auxiliary module LoadZer0m0n
2022-05-16 13:14:04,746 [lib.api.process] INFO: Successfully executed process from path 'C:\\Windows\\System32\\cmd.exe' with arguments ['/c', 'start', '/wait', '"BYFTUlUHpcJY"', u'C:\\Users\\ADMINI~1\\AppData\\Local\\Temp\\istockphoto-1188445864-612x612.jpg'] and pid 2804
2022-05-16 13:14:05,621 [analyzer] DEBUG: Loaded monitor into process with pid 2804
2022-05-16 13:14:42,246 [lib.api.process] INFO: Memory dump of process with pid 2804 completed
2022-05-16 13:14:42,480 [analyzer] INFO: Process with pid 2804 has terminated
2022-05-16 13:14:42,526 [analyzer] INFO: Process list is empty, terminating analysis.
2022-05-16 13:14:43,730 [analyzer] INFO: Analysis completed.
