2022-05-15 04:54:34,015 [analyzer] DEBUG: Starting analyzer from: C:\tmpy1hzlw
2022-05-15 04:54:34,015 [analyzer] DEBUG: Pipe server name: \??\PIPE\ovmrmcAIhIYLgRkfQjbdaL
2022-05-15 04:54:34,015 [analyzer] DEBUG: Log pipe server name: \??\PIPE\fQpPvisbPfzkJnWnHoTrfOhbzOgFx
2022-05-15 04:54:34,015 [analyzer] DEBUG: No analysis package specified, trying to detect it automagically.
2022-05-15 04:54:34,015 [analyzer] INFO: Automatically selected analysis package "generic"
2022-05-15 04:54:36,328 [analyzer] DEBUG: Started auxiliary module DbgView
2022-05-15 04:54:55,296 [analyzer] DEBUG: Started auxiliary module Disguise
2022-05-15 04:54:55,842 [analyzer] DEBUG: Loaded monitor into process with pid 496
2022-05-15 04:54:55,875 [analyzer] DEBUG: Started auxiliary module DumpTLSMasterSecrets
2022-05-15 04:54:55,890 [analyzer] DEBUG: Started auxiliary module Human
2022-05-15 04:54:55,890 [analyzer] DEBUG: Started auxiliary module InstallCertificate
2022-05-15 04:54:55,890 [analyzer] DEBUG: Started auxiliary module Reboot
2022-05-15 04:54:56,390 [analyzer] DEBUG: Started auxiliary module RecentFiles
2022-05-15 04:54:56,390 [analyzer] DEBUG: Started auxiliary module Screenshots
2022-05-15 04:54:56,390 [analyzer] DEBUG: Started auxiliary module LoadZer0m0n
2022-05-15 04:54:57,187 [lib.api.process] INFO: Successfully executed process from path 'C:\\Windows\\System32\\cmd.exe' with arguments ['/c', 'start', '/wait', '"cQuqSgFlPHYcZLP"', u'C:\\Users\\ADMINI~1\\AppData\\Local\\Temp\\istockphoto-1188445864-612x612.jpg'] and pid 2748
2022-05-15 04:54:58,217 [analyzer] DEBUG: Loaded monitor into process with pid 2748
2022-05-15 04:55:34,358 [lib.api.process] INFO: Memory dump of process with pid 2748 completed
2022-05-15 04:55:36,421 [analyzer] INFO: Process with pid 2748 has terminated
2022-05-15 04:55:36,421 [analyzer] INFO: Process list is empty, terminating analysis.
2022-05-15 04:55:37,515 [analyzer] INFO: Analysis completed.
