2022-05-15 11:04:51,015 [analyzer] DEBUG: Starting analyzer from: C:\tmpy1hzlw
2022-05-15 11:04:51,015 [analyzer] DEBUG: Pipe server name: \??\PIPE\pwMEEysDSjhtitvpwhsNtEeZncswSOV
2022-05-15 11:04:51,015 [analyzer] DEBUG: Log pipe server name: \??\PIPE\pzqQsQLJBtmsQimhq
2022-05-15 11:04:51,015 [analyzer] DEBUG: No analysis package specified, trying to detect it automagically.
2022-05-15 11:04:51,015 [analyzer] INFO: Automatically selected analysis package "generic"
2022-05-15 11:04:53,155 [analyzer] DEBUG: Started auxiliary module DbgView
2022-05-15 11:05:14,125 [analyzer] DEBUG: Started auxiliary module Disguise
2022-05-15 11:05:14,905 [analyzer] DEBUG: Loaded monitor into process with pid 496
2022-05-15 11:05:14,967 [analyzer] DEBUG: Started auxiliary module DumpTLSMasterSecrets
2022-05-15 11:05:14,983 [analyzer] DEBUG: Started auxiliary module Human
2022-05-15 11:05:14,983 [analyzer] DEBUG: Started auxiliary module InstallCertificate
2022-05-15 11:05:14,983 [analyzer] DEBUG: Started auxiliary module Reboot
2022-05-15 11:05:15,796 [analyzer] DEBUG: Started auxiliary module RecentFiles
2022-05-15 11:05:15,796 [analyzer] DEBUG: Started auxiliary module Screenshots
2022-05-15 11:05:15,796 [analyzer] DEBUG: Started auxiliary module LoadZer0m0n
2022-05-15 11:05:16,421 [lib.api.process] INFO: Successfully executed process from path 'C:\\Windows\\System32\\cmd.exe' with arguments ['/c', 'start', '/wait', '"VEPUShesX"', u'C:\\Users\\ADMINI~1\\AppData\\Local\\Temp\\istockphoto-1188445864-612x612.jpg'] and pid 2752
2022-05-15 11:05:17,375 [analyzer] DEBUG: Loaded monitor into process with pid 2752
2022-05-15 11:05:54,812 [lib.api.process] INFO: Memory dump of process with pid 2752 completed
2022-05-15 11:05:54,858 [analyzer] INFO: Process with pid 2752 has terminated
2022-05-15 11:05:54,858 [analyzer] INFO: Process list is empty, terminating analysis.
2022-05-15 11:05:55,937 [analyzer] INFO: Analysis completed.
