2022-05-15 11:35:46,046 [analyzer] DEBUG: Starting analyzer from: C:\tmpy1hzlw
2022-05-15 11:35:46,092 [analyzer] DEBUG: Pipe server name: \??\PIPE\XNtyNNIiUpYekrEkjIj
2022-05-15 11:35:46,092 [analyzer] DEBUG: Log pipe server name: \??\PIPE\XsbsRiBMwCOqkYIuEXnImyCgWAHqW
2022-05-15 11:35:46,092 [analyzer] DEBUG: No analysis package specified, trying to detect it automagically.
2022-05-15 11:35:46,092 [analyzer] INFO: Automatically selected analysis package "generic"
2022-05-15 11:35:48,250 [analyzer] DEBUG: Started auxiliary module DbgView
2022-05-15 11:36:06,812 [analyzer] DEBUG: Started auxiliary module Disguise
2022-05-15 11:36:07,358 [analyzer] DEBUG: Loaded monitor into process with pid 496
2022-05-15 11:36:07,405 [analyzer] DEBUG: Started auxiliary module DumpTLSMasterSecrets
2022-05-15 11:36:07,405 [analyzer] DEBUG: Started auxiliary module Human
2022-05-15 11:36:07,405 [analyzer] DEBUG: Started auxiliary module InstallCertificate
2022-05-15 11:36:07,405 [analyzer] DEBUG: Started auxiliary module Reboot
2022-05-15 11:36:07,967 [analyzer] DEBUG: Started auxiliary module RecentFiles
2022-05-15 11:36:07,967 [analyzer] DEBUG: Started auxiliary module Screenshots
2022-05-15 11:36:07,967 [analyzer] DEBUG: Started auxiliary module LoadZer0m0n
2022-05-15 11:36:08,733 [lib.api.process] INFO: Successfully executed process from path 'C:\\Windows\\System32\\cmd.exe' with arguments ['/c', 'start', '/wait', '"OrxcssXh"', u'C:\\Users\\ADMINI~1\\AppData\\Local\\Temp\\istockphoto-1188445864-612x612.jpg'] and pid 2756
2022-05-15 11:36:09,625 [analyzer] DEBUG: Loaded monitor into process with pid 2756
2022-05-15 11:36:43,578 [lib.api.process] INFO: Memory dump of process with pid 2756 completed
2022-05-15 11:36:46,030 [analyzer] INFO: Process with pid 2756 has terminated
2022-05-15 11:36:46,030 [analyzer] INFO: Process list is empty, terminating analysis.
2022-05-15 11:36:47,030 [analyzer] INFO: Analysis completed.
