2022-05-17 07:22:34,030 [analyzer] DEBUG: Starting analyzer from: C:\tmpy1hzlw
2022-05-17 07:22:34,030 [analyzer] DEBUG: Pipe server name: \??\PIPE\ocJZEfbqpzDsFmei
2022-05-17 07:22:34,030 [analyzer] DEBUG: Log pipe server name: \??\PIPE\cjVHoDNDCTTOBVRzTxIAPR
2022-05-17 07:22:34,030 [analyzer] DEBUG: No analysis package specified, trying to detect it automagically.
2022-05-17 07:22:34,030 [analyzer] INFO: Automatically selected analysis package "generic"
2022-05-17 07:22:36,000 [analyzer] DEBUG: Started auxiliary module DbgView
2022-05-17 13:24:17,197 [analyzer] DEBUG: Started auxiliary module Disguise
2022-05-17 13:24:17,947 [analyzer] DEBUG: Loaded monitor into process with pid 496
2022-05-17 13:24:17,979 [analyzer] DEBUG: Started auxiliary module DumpTLSMasterSecrets
2022-05-17 13:24:17,979 [analyzer] DEBUG: Started auxiliary module Human
2022-05-17 13:24:17,979 [analyzer] DEBUG: Started auxiliary module InstallCertificate
2022-05-17 13:24:17,979 [analyzer] DEBUG: Started auxiliary module Reboot
2022-05-17 13:24:18,493 [analyzer] DEBUG: Started auxiliary module RecentFiles
2022-05-17 13:24:18,509 [analyzer] DEBUG: Started auxiliary module Screenshots
2022-05-17 13:24:18,509 [analyzer] DEBUG: Started auxiliary module LoadZer0m0n
2022-05-17 13:24:19,338 [lib.api.process] INFO: Successfully executed process from path 'C:\\Windows\\System32\\cmd.exe' with arguments ['/c', 'start', '/wait', '"JSsscVlBQ"', u'C:\\Users\\ADMINI~1\\AppData\\Local\\Temp\\istockphoto-1188445864-612x612.jpg'] and pid 2756
2022-05-17 13:24:20,665 [analyzer] DEBUG: Loaded monitor into process with pid 2756
2022-05-17 13:25:21,276 [lib.api.process] INFO: Memory dump of process with pid 2756 completed
2022-05-17 13:25:23,634 [analyzer] INFO: Process with pid 2756 has terminated
2022-05-17 13:25:23,634 [analyzer] INFO: Process list is empty, terminating analysis.
2022-05-17 13:25:24,651 [analyzer] INFO: Analysis completed.
