2022-05-16 11:08:59,078 [analyzer] DEBUG: Starting analyzer from: C:\tmpy1hzlw
2022-05-16 11:08:59,171 [analyzer] DEBUG: Pipe server name: \??\PIPE\GdYZezWDpiPYLwMbef
2022-05-16 11:08:59,171 [analyzer] DEBUG: Log pipe server name: \??\PIPE\umvMYRzAbDSBlSYkCesgbEwt
2022-05-16 11:08:59,171 [analyzer] DEBUG: No analysis package specified, trying to detect it automagically.
2022-05-16 11:08:59,171 [analyzer] INFO: Automatically selected analysis package "generic"
2022-05-16 11:09:01,187 [analyzer] DEBUG: Started auxiliary module DbgView
2022-05-16 17:09:37,871 [analyzer] DEBUG: Started auxiliary module Disguise
2022-05-16 17:09:38,653 [analyzer] DEBUG: Loaded monitor into process with pid 496
2022-05-16 17:09:38,714 [analyzer] DEBUG: Started auxiliary module DumpTLSMasterSecrets
2022-05-16 17:09:38,714 [analyzer] DEBUG: Started auxiliary module Human
2022-05-16 17:09:38,730 [analyzer] DEBUG: Started auxiliary module InstallCertificate
2022-05-16 17:09:38,730 [analyzer] DEBUG: Started auxiliary module Reboot
2022-05-16 17:09:39,450 [analyzer] DEBUG: Started auxiliary module RecentFiles
2022-05-16 17:09:39,450 [analyzer] DEBUG: Started auxiliary module Screenshots
2022-05-16 17:09:39,450 [analyzer] DEBUG: Started auxiliary module LoadZer0m0n
2022-05-16 17:09:40,075 [lib.api.process] INFO: Successfully executed process from path 'C:\\Windows\\System32\\cmd.exe' with arguments ['/c', 'start', '/wait', '"bWrwDVbZSCISg"', u'C:\\Users\\ADMINI~1\\AppData\\Local\\Temp\\istockphoto-1188445864-612x612.jpg'] and pid 2752
2022-05-16 17:09:41,230 [analyzer] DEBUG: Loaded monitor into process with pid 2752
2022-05-16 17:10:21,012 [lib.api.process] INFO: Memory dump of process with pid 2752 completed
2022-05-16 17:10:23,621 [analyzer] INFO: Process with pid 2752 has terminated
2022-05-16 17:10:23,637 [analyzer] INFO: Process list is empty, terminating analysis.
2022-05-16 17:10:24,762 [analyzer] INFO: Analysis completed.
