2022-05-16 04:45:43,108 [analyzer] DEBUG: Starting analyzer from: C:\tmpy1hzlw
2022-05-16 04:45:43,125 [analyzer] DEBUG: Pipe server name: \??\PIPE\xFJHiRKpLhFXiSogF
2022-05-16 04:45:43,125 [analyzer] DEBUG: Log pipe server name: \??\PIPE\FzDwNzpFNPxhwUkfWsBhcDebqrb
2022-05-16 04:45:45,358 [analyzer] DEBUG: Started auxiliary module DbgView
2022-05-16 10:46:19,865 [analyzer] DEBUG: Started auxiliary module Disguise
2022-05-16 10:46:20,536 [analyzer] DEBUG: Loaded monitor into process with pid 496
2022-05-16 10:46:20,599 [analyzer] DEBUG: Started auxiliary module DumpTLSMasterSecrets
2022-05-16 10:46:20,599 [analyzer] DEBUG: Started auxiliary module Human
2022-05-16 10:46:20,599 [analyzer] DEBUG: Started auxiliary module InstallCertificate
2022-05-16 10:46:20,599 [analyzer] DEBUG: Started auxiliary module Reboot
2022-05-16 10:46:21,286 [analyzer] DEBUG: Started auxiliary module RecentFiles
2022-05-16 10:46:21,286 [analyzer] DEBUG: Started auxiliary module Screenshots
2022-05-16 10:46:21,286 [analyzer] DEBUG: Started auxiliary module LoadZer0m0n
2022-05-16 10:46:22,084 [lib.api.process] INFO: Successfully executed process from path 'C:\\Program Files\\Internet Explorer\\iexplore.exe' with arguments ['http://www.facebook.com'] and pid 2812
2022-05-16 10:46:22,522 [analyzer] DEBUG: Loaded monitor into process with pid 2812
2022-05-16 10:46:22,693 [analyzer] DEBUG: Ignoring process "C:\Windows\System32\ie4uinit.exe" -ShowQLIcon!
2022-05-16 10:46:26,522 [analyzer] DEBUG: Following legitimate IE8 process: "C:\Program Files\Internet Explorer\iexplore.exe" SCODEF:2812 CREDAT:79873!
2022-05-16 10:46:26,897 [analyzer] INFO: Injected into process with pid 2924 and name u'iexplore.exe'
2022-05-16 10:46:27,943 [lib.api.process] INFO: Memory dump of process with pid 2924 completed
2022-05-16 10:46:28,647 [analyzer] DEBUG: Loaded monitor into process with pid 2924
2022-05-16 10:46:29,084 [analyzer] INFO: Added new file to list with pid 2812 and path C:\Users\Administrator\AppData\Local\Microsoft\Internet Explorer\Recovery\High\Active\RecoveryStore.{A9D958AB-D4F4-11EC-84C7-840F0C3BD90C}.dat
2022-05-16 10:46:29,161 [analyzer] INFO: Added new file to list with pid 2812 and path C:\Users\Administrator\AppData\Local\Temp\~DF94AEE07F280F0890.TMP
2022-05-16 10:46:30,661 [analyzer] INFO: Added new file to list with pid 2812 and path C:\Users\Administrator\Favorites\Links\desktop.ini
2022-05-16 10:46:32,177 [analyzer] INFO: Added new file to list with pid 2812 and path C:\Users\Administrator\AppData\Local\Microsoft\Internet Explorer\Recovery\High\Active\{A9D958AC-D4F4-11EC-84C7-840F0C3BD90C}.dat
2022-05-16 10:46:32,224 [analyzer] INFO: Added new file to list with pid 2812 and path C:\Users\Administrator\AppData\Local\Temp\~DF979606CB41DD5D49.TMP
2022-05-16 10:46:43,584 [analyzer] INFO: Added new file to list with pid 2924 and path C:\Users\Administrator\AppData\LocalLow\Microsoft\CryptnetUrlCache\MetaData\94308059B57B3142E455B38A6EB92015
2022-05-16 10:46:43,647 [analyzer] INFO: Added new file to list with pid 2924 and path C:\Users\Administrator\AppData\LocalLow\Microsoft\CryptnetUrlCache\Content\94308059B57B3142E455B38A6EB92015
2022-05-16 10:46:43,974 [analyzer] INFO: Added new file to list with pid 2924 and path C:\Users\Administrator\AppData\Local\Temp\Cab16E4.tmp
2022-05-16 10:46:44,115 [analyzer] INFO: Added new file to list with pid 2924 and path C:\Users\Administrator\AppData\Local\Temp\Tar16F5.tmp
2022-05-16 10:46:56,631 [analyzer] INFO: Added new file to list with pid 2924 and path C:\Users\Administrator\AppData\LocalLow\Microsoft\CryptnetUrlCache\MetaData\F0ACCF77CDCBFF39F6191887F6D2D357
2022-05-16 10:46:56,647 [analyzer] INFO: Added new file to list with pid 2924 and path C:\Users\Administrator\AppData\LocalLow\Microsoft\CryptnetUrlCache\Content\F0ACCF77CDCBFF39F6191887F6D2D357
2022-05-16 10:46:56,849 [analyzer] INFO: Added new file to list with pid 2924 and path C:\Users\Administrator\AppData\Local\Temp\Cab498F.tmp
2022-05-16 10:46:56,897 [analyzer] INFO: Added new file to list with pid 2924 and path C:\Users\Administrator\AppData\Local\Temp\Tar49A0.tmp
2022-05-16 10:47:02,411 [analyzer] INFO: Added new file to list with pid 2924 and path C:\Users\Administrator\AppData\Local\Temp\Cab5F6B.tmp
2022-05-16 10:47:02,459 [analyzer] INFO: Added new file to list with pid 2924 and path C:\Users\Administrator\AppData\Local\Temp\Tar5F7B.tmp
2022-05-16 10:47:08,724 [analyzer] INFO: Added new file to list with pid 2924 and path C:\Users\Administrator\AppData\LocalLow\Microsoft\CryptnetUrlCache\MetaData\EDC238BFF48A31D55A97E1E93892934B_C20E0DA2D0F89FE526E1490F4A2EE5AB
2022-05-16 10:47:08,740 [analyzer] INFO: Added new file to list with pid 2924 and path C:\Users\Administrator\AppData\LocalLow\Microsoft\CryptnetUrlCache\Content\EDC238BFF48A31D55A97E1E93892934B_C20E0DA2D0F89FE526E1490F4A2EE5AB
2022-05-16 10:47:14,536 [analyzer] INFO: Added new file to list with pid 2924 and path C:\Users\Administrator\AppData\LocalLow\Microsoft\CryptnetUrlCache\MetaData\35DDEDF268117918D1D277A171D8DF7B_B5DBB5EF8E68B56BB47EAFC5DE10B09A
2022-05-16 10:47:14,552 [analyzer] INFO: Added new file to list with pid 2924 and path C:\Users\Administrator\AppData\LocalLow\Microsoft\CryptnetUrlCache\Content\35DDEDF268117918D1D277A171D8DF7B_B5DBB5EF8E68B56BB47EAFC5DE10B09A
2022-05-16 10:47:14,647 [analyzer] INFO: Added new file to list with pid 2924 and path C:\Users\Administrator\AppData\Local\Temp\Cab8F47.tmp
2022-05-16 10:47:14,677 [analyzer] INFO: Added new file to list with pid 2924 and path C:\Users\Administrator\AppData\Local\Temp\Tar8F48.tmp
2022-05-16 10:47:15,161 [analyzer] INFO: Added new file to list with pid 2924 and path C:\Users\Administrator\AppData\Local\Microsoft\Windows\Temporary Internet Files\Content.IE5\A3UO8RD8\facebook_com[1].txt
2022-05-16 10:47:17,302 [analyzer] INFO: Added new file to list with pid 2924 and path C:\Users\Administrator\AppData\Roaming\Microsoft\Windows\Cookies\administrator@facebook[1].txt
2022-05-16 10:47:17,522 [analyzer] INFO: Added new file to list with pid 2924 and path C:\Users\Administrator\AppData\Roaming\Microsoft\Windows\Cookies\administrator@facebook[2].txt
2022-05-16 10:47:17,661 [analyzer] INFO: Added new file to list with pid 2924 and path C:\Users\Administrator\AppData\Local\Microsoft\Windows\Temporary Internet Files\Content.IE5\A3UO8RD8\m_facebook_com[1].txt
2022-05-16 10:47:17,756 [analyzer] INFO: Added new file to list with pid 2924 and path C:\Users\Administrator\AppData\Local\Microsoft\Windows\Temporary Internet Files\Content.IE5\A3UO8RD8\m_facebook_com[1].htm
2022-05-16 10:47:19,099 [analyzer] INFO: Added new file to list with pid 2924 and path C:\Users\Administrator\AppData\Local\Microsoft\Windows\Temporary Internet Files\Content.IE5\A3UO8RD8\k97pj8-or6s[1].png
2022-05-16 10:47:19,286 [analyzer] INFO: Added new file to list with pid 2924 and path C:\Users\Administrator\AppData\Local\Microsoft\Windows\Temporary Internet Files\Content.IE5\A3UO8RD8\hrb0H7k9FkC[1].png
2022-05-16 10:47:20,147 [analyzer] INFO: Added new file to list with pid 2924 and path C:\Users\Administrator\AppData\LocalLow\Microsoft\CryptnetUrlCache\MetaData\35DDEDF268117918D1D277A171D8DF7B_9287A1C3D986BA90ED0906FDBF1E4E4F
2022-05-16 10:47:20,209 [analyzer] INFO: Added new file to list with pid 2924 and path C:\Users\Administrator\AppData\LocalLow\Microsoft\CryptnetUrlCache\Content\35DDEDF268117918D1D277A171D8DF7B_9287A1C3D986BA90ED0906FDBF1E4E4F
2022-05-16 10:47:21,349 [analyzer] INFO: Added new file to list with pid 2924 and path C:\Users\Administrator\AppData\Local\Microsoft\Windows\Temporary Internet Files\Content.IE5\IBBL5OJZ\hsts-pixel[1].gif
2022-05-16 10:47:21,786 [analyzer] INFO: Added new file to list with pid 2924 and path C:\Users\Administrator\AppData\Local\Microsoft\Windows\Temporary Internet Files\Content.IE5\1930N1EX\favicon[1].png
2022-05-16 10:47:27,272 [analyzer] INFO: Added new file to list with pid 2812 and path C:\Users\Administrator\AppData\LocalLow\Microsoft\Internet Explorer\Services\search_{0633EE93-D776-472f-A0FF-E1416B8B2E3A}.ico
2022-05-16 10:48:24,052 [analyzer] INFO: Analysis timeout hit, terminating analysis.
