2022-05-15 21:08:48,015 [analyzer] DEBUG: Starting analyzer from: C:\tmpy1hzlw
2022-05-15 21:08:48,015 [analyzer] DEBUG: Pipe server name: \??\PIPE\xpXHBREIpylCLtrzbKsHsGdH
2022-05-15 21:08:48,015 [analyzer] DEBUG: Log pipe server name: \??\PIPE\BHeNrViLXUMpSMXqbCS
2022-05-15 21:08:48,015 [analyzer] DEBUG: No analysis package specified, trying to detect it automagically.
2022-05-15 21:08:48,015 [analyzer] INFO: Automatically selected analysis package "generic"
2022-05-15 21:08:50,171 [analyzer] DEBUG: Started auxiliary module DbgView
2022-05-15 21:09:10,437 [analyzer] DEBUG: Started auxiliary module Disguise
2022-05-15 21:09:11,312 [analyzer] DEBUG: Loaded monitor into process with pid 496
2022-05-15 21:09:11,358 [analyzer] DEBUG: Started auxiliary module DumpTLSMasterSecrets
2022-05-15 21:09:11,358 [analyzer] DEBUG: Started auxiliary module Human
2022-05-15 21:09:11,358 [analyzer] DEBUG: Started auxiliary module InstallCertificate
2022-05-15 21:09:11,358 [analyzer] DEBUG: Started auxiliary module Reboot
2022-05-15 21:09:11,937 [analyzer] DEBUG: Started auxiliary module RecentFiles
2022-05-15 21:09:11,937 [analyzer] DEBUG: Started auxiliary module Screenshots
2022-05-15 21:09:11,937 [analyzer] DEBUG: Started auxiliary module LoadZer0m0n
2022-05-15 21:09:12,703 [lib.api.process] INFO: Successfully executed process from path 'C:\\Windows\\System32\\cmd.exe' with arguments ['/c', 'start', '/wait', '"XPAwsi"', u'C:\\Users\\ADMINI~1\\AppData\\Local\\Temp\\istockphoto-1188445864-612x612.jpg'] and pid 2772
2022-05-15 21:09:13,717 [analyzer] DEBUG: Loaded monitor into process with pid 2772
2022-05-15 21:09:51,092 [lib.api.process] INFO: Memory dump of process with pid 2772 completed
2022-05-15 21:09:51,187 [analyzer] INFO: Process with pid 2772 has terminated
2022-05-15 21:09:51,187 [analyzer] INFO: Process list is empty, terminating analysis.
2022-05-15 21:09:52,187 [analyzer] INFO: Analysis completed.
