2022-05-16 06:46:49,046 [analyzer] DEBUG: Starting analyzer from: C:\tmpy1hzlw
2022-05-16 06:46:49,062 [analyzer] DEBUG: Pipe server name: \??\PIPE\olzdQlhWCOzuBiXLAbVOEwtdUhRKgvI
2022-05-16 06:46:49,078 [analyzer] DEBUG: Log pipe server name: \??\PIPE\LBLZREnHgAlzAEWetOBORoMVntuc
2022-05-16 06:46:49,078 [analyzer] DEBUG: No analysis package specified, trying to detect it automagically.
2022-05-16 06:46:49,078 [analyzer] INFO: Automatically selected analysis package "generic"
2022-05-16 06:46:51,015 [analyzer] DEBUG: Started auxiliary module DbgView
2022-05-16 12:47:26,717 [analyzer] DEBUG: Started auxiliary module Disguise
2022-05-16 12:47:27,530 [analyzer] DEBUG: Loaded monitor into process with pid 496
2022-05-16 12:47:27,578 [analyzer] DEBUG: Started auxiliary module DumpTLSMasterSecrets
2022-05-16 12:47:27,578 [analyzer] DEBUG: Started auxiliary module Human
2022-05-16 12:47:27,578 [analyzer] DEBUG: Started auxiliary module InstallCertificate
2022-05-16 12:47:27,578 [analyzer] DEBUG: Started auxiliary module Reboot
2022-05-16 12:47:28,000 [analyzer] DEBUG: Started auxiliary module RecentFiles
2022-05-16 12:47:28,000 [analyzer] DEBUG: Started auxiliary module Screenshots
2022-05-16 12:47:28,000 [analyzer] DEBUG: Started auxiliary module LoadZer0m0n
2022-05-16 12:47:28,592 [lib.api.process] INFO: Successfully executed process from path 'C:\\Windows\\System32\\cmd.exe' with arguments ['/c', 'start', '/wait', '"TDWI"', u'C:\\Users\\ADMINI~1\\AppData\\Local\\Temp\\istockphoto-1188445864-612x612.jpg'] and pid 2800
2022-05-16 12:47:29,608 [analyzer] DEBUG: Loaded monitor into process with pid 2800
2022-05-16 12:48:03,140 [lib.api.process] INFO: Memory dump of process with pid 2800 completed
2022-05-16 12:48:05,467 [analyzer] INFO: Process with pid 2800 has terminated
2022-05-16 12:48:05,592 [analyzer] INFO: Process list is empty, terminating analysis.
2022-05-16 12:48:06,592 [analyzer] INFO: Analysis completed.
