2022-05-15 05:04:42,062 [analyzer] DEBUG: Starting analyzer from: C:\tmpy1hzlw
2022-05-15 05:04:42,078 [analyzer] DEBUG: Pipe server name: \??\PIPE\zxbnklYZGMIOHTMk
2022-05-15 05:04:42,078 [analyzer] DEBUG: Log pipe server name: \??\PIPE\KvXMAccOjzaQRBTM
2022-05-15 05:04:42,078 [analyzer] DEBUG: No analysis package specified, trying to detect it automagically.
2022-05-15 05:04:42,078 [analyzer] INFO: Automatically selected analysis package "generic"
2022-05-15 05:04:44,500 [analyzer] DEBUG: Started auxiliary module DbgView
2022-05-15 05:05:04,515 [analyzer] DEBUG: Started auxiliary module Disguise
2022-05-15 05:05:05,046 [analyzer] DEBUG: Loaded monitor into process with pid 496
2022-05-15 05:05:05,092 [analyzer] DEBUG: Started auxiliary module DumpTLSMasterSecrets
2022-05-15 05:05:05,108 [analyzer] DEBUG: Started auxiliary module Human
2022-05-15 05:05:05,108 [analyzer] DEBUG: Started auxiliary module InstallCertificate
2022-05-15 05:05:05,108 [analyzer] DEBUG: Started auxiliary module Reboot
2022-05-15 05:05:05,780 [analyzer] DEBUG: Started auxiliary module RecentFiles
2022-05-15 05:05:05,780 [analyzer] DEBUG: Started auxiliary module Screenshots
2022-05-15 05:05:05,780 [analyzer] DEBUG: Started auxiliary module LoadZer0m0n
2022-05-15 05:05:06,390 [lib.api.process] INFO: Successfully executed process from path 'C:\\Windows\\System32\\cmd.exe' with arguments ['/c', 'start', '/wait', '"cBUSkezHtyd"', u'C:\\Users\\ADMINI~1\\AppData\\Local\\Temp\\istockphoto-1188445864-612x612.jpg'] and pid 2760
2022-05-15 05:05:07,358 [analyzer] DEBUG: Loaded monitor into process with pid 2760
2022-05-15 05:05:42,030 [lib.api.process] INFO: Memory dump of process with pid 2760 completed
2022-05-15 05:05:43,953 [analyzer] INFO: Process with pid 2760 has terminated
2022-05-15 05:05:43,953 [analyzer] INFO: Process list is empty, terminating analysis.
2022-05-15 05:05:44,953 [analyzer] INFO: Analysis completed.
