2022-05-13 01:37:24,030 [analyzer] DEBUG: Starting analyzer from: C:\tmpy1hzlw
2022-05-13 01:37:24,030 [analyzer] DEBUG: Pipe server name: \??\PIPE\QuAwHlPkJDPVBwsKBEgyWNkOG
2022-05-13 01:37:24,030 [analyzer] DEBUG: Log pipe server name: \??\PIPE\qAcXhyHOQAyYIctbDlKrB
2022-05-13 01:37:24,030 [analyzer] DEBUG: No analysis package specified, trying to detect it automagically.
2022-05-13 01:37:24,030 [analyzer] INFO: Automatically selected analysis package "generic"
2022-05-13 01:37:26,250 [analyzer] DEBUG: Started auxiliary module DbgView
2022-05-13 01:37:47,203 [analyzer] DEBUG: Started auxiliary module Disguise
2022-05-13 01:37:47,733 [analyzer] DEBUG: Loaded monitor into process with pid 496
2022-05-13 01:37:47,780 [analyzer] DEBUG: Started auxiliary module DumpTLSMasterSecrets
2022-05-13 01:37:47,796 [analyzer] DEBUG: Started auxiliary module Human
2022-05-13 01:37:47,796 [analyzer] DEBUG: Started auxiliary module InstallCertificate
2022-05-13 01:37:47,796 [analyzer] DEBUG: Started auxiliary module Reboot
2022-05-13 01:37:48,312 [analyzer] DEBUG: Started auxiliary module RecentFiles
2022-05-13 01:37:48,312 [analyzer] DEBUG: Started auxiliary module Screenshots
2022-05-13 01:37:48,328 [analyzer] DEBUG: Started auxiliary module LoadZer0m0n
2022-05-13 01:37:48,905 [lib.api.process] INFO: Successfully executed process from path 'C:\\Windows\\System32\\cmd.exe' with arguments ['/c', 'start', '/wait', '"EsYNXKB"', u'C:\\Users\\ADMINI~1\\AppData\\Local\\Temp\\istockphoto-1188445864-612x612.jpg'] and pid 2704
2022-05-13 01:37:49,858 [analyzer] DEBUG: Loaded monitor into process with pid 2704
2022-05-13 01:38:31,140 [lib.api.process] INFO: Memory dump of process with pid 2704 completed
2022-05-13 01:38:33,640 [analyzer] INFO: Process with pid 2704 has terminated
2022-05-13 01:38:33,640 [analyzer] INFO: Process list is empty, terminating analysis.
2022-05-13 01:38:34,796 [analyzer] INFO: Analysis completed.
