2022-05-15 04:57:14,030 [analyzer] DEBUG: Starting analyzer from: C:\tmpy1hzlw
2022-05-15 04:57:14,046 [analyzer] DEBUG: Pipe server name: \??\PIPE\shhGXjvnyovPHmApRTsqILpUra
2022-05-15 04:57:14,062 [analyzer] DEBUG: Log pipe server name: \??\PIPE\GHtTEghWiVSIpvRpmeHdwhjzIwZiA
2022-05-15 04:57:14,062 [analyzer] DEBUG: No analysis package specified, trying to detect it automagically.
2022-05-15 04:57:14,062 [analyzer] INFO: Automatically selected analysis package "generic"
2022-05-15 04:57:15,530 [analyzer] DEBUG: Started auxiliary module DbgView
2022-05-15 04:57:35,062 [analyzer] DEBUG: Started auxiliary module Disguise
2022-05-15 04:57:35,671 [analyzer] DEBUG: Loaded monitor into process with pid 496
2022-05-15 04:57:35,703 [analyzer] DEBUG: Started auxiliary module DumpTLSMasterSecrets
2022-05-15 04:57:35,717 [analyzer] DEBUG: Started auxiliary module Human
2022-05-15 04:57:35,717 [analyzer] DEBUG: Started auxiliary module InstallCertificate
2022-05-15 04:57:35,717 [analyzer] DEBUG: Started auxiliary module Reboot
2022-05-15 04:57:36,203 [analyzer] DEBUG: Started auxiliary module RecentFiles
2022-05-15 04:57:36,203 [analyzer] DEBUG: Started auxiliary module Screenshots
2022-05-15 04:57:36,203 [analyzer] DEBUG: Started auxiliary module LoadZer0m0n
2022-05-15 04:57:36,875 [lib.api.process] INFO: Successfully executed process from path 'C:\\Windows\\System32\\cmd.exe' with arguments ['/c', 'start', '/wait', '"lBLRGzKY"', u'C:\\Users\\ADMINI~1\\AppData\\Local\\Temp\\istockphoto-1188445864-612x612.jpg'] and pid 2752
2022-05-15 04:57:37,828 [analyzer] DEBUG: Loaded monitor into process with pid 2752
2022-05-15 04:58:12,858 [lib.api.process] INFO: Memory dump of process with pid 2752 completed
2022-05-15 04:58:13,092 [analyzer] INFO: Process with pid 2752 has terminated
2022-05-15 04:58:13,092 [analyzer] INFO: Process list is empty, terminating analysis.
2022-05-15 04:58:14,108 [analyzer] INFO: Analysis completed.
