2022-05-13 04:19:35,046 [analyzer] DEBUG: Starting analyzer from: C:\tmpy1hzlw
2022-05-13 04:19:35,046 [analyzer] DEBUG: Pipe server name: \??\PIPE\xsGEDPhOGdTIVGVmzxmMfrXOb
2022-05-13 04:19:35,046 [analyzer] DEBUG: Log pipe server name: \??\PIPE\AVIKpDdZwoRZKrzkQNxOsZRwNbIrMbz
2022-05-13 04:19:35,046 [analyzer] DEBUG: No analysis package specified, trying to detect it automagically.
2022-05-13 04:19:35,046 [analyzer] INFO: Automatically selected analysis package "generic"
2022-05-13 04:19:37,217 [analyzer] DEBUG: Started auxiliary module DbgView
2022-05-13 04:19:56,765 [analyzer] DEBUG: Started auxiliary module Disguise
2022-05-13 04:19:57,421 [analyzer] DEBUG: Loaded monitor into process with pid 496
2022-05-13 04:19:57,467 [analyzer] DEBUG: Started auxiliary module DumpTLSMasterSecrets
2022-05-13 04:19:57,467 [analyzer] DEBUG: Started auxiliary module Human
2022-05-13 04:19:57,467 [analyzer] DEBUG: Started auxiliary module InstallCertificate
2022-05-13 04:19:57,467 [analyzer] DEBUG: Started auxiliary module Reboot
2022-05-13 04:19:58,015 [analyzer] DEBUG: Started auxiliary module RecentFiles
2022-05-13 04:19:58,015 [analyzer] DEBUG: Started auxiliary module Screenshots
2022-05-13 04:19:58,030 [analyzer] DEBUG: Started auxiliary module LoadZer0m0n
2022-05-13 04:19:58,640 [lib.api.process] INFO: Successfully executed process from path 'C:\\Windows\\System32\\cmd.exe' with arguments ['/c', 'start', '/wait', '"zmFcMvcqupr"', u'C:\\Users\\ADMINI~1\\AppData\\Local\\Temp\\istockphoto-1188445864-612x612.jpg'] and pid 2704
2022-05-13 04:19:59,562 [analyzer] DEBUG: Loaded monitor into process with pid 2704
2022-05-13 04:20:34,983 [lib.api.process] INFO: Memory dump of process with pid 2704 completed
2022-05-13 04:20:35,608 [analyzer] INFO: Process with pid 2704 has terminated
2022-05-13 04:20:35,625 [analyzer] INFO: Process list is empty, terminating analysis.
2022-05-13 04:20:36,625 [analyzer] INFO: Analysis completed.
