2022-05-15 05:45:30,030 [analyzer] DEBUG: Starting analyzer from: C:\tmpy1hzlw
2022-05-15 05:45:30,046 [analyzer] DEBUG: Pipe server name: \??\PIPE\ULgLoHyQwxkWSiVyGLggCvPbejJawcEO
2022-05-15 05:45:30,046 [analyzer] DEBUG: Log pipe server name: \??\PIPE\SrcIxfoQSLipeONwJr
2022-05-15 05:45:30,046 [analyzer] DEBUG: No analysis package specified, trying to detect it automagically.
2022-05-15 05:45:30,046 [analyzer] INFO: Automatically selected analysis package "generic"
2022-05-15 05:45:32,108 [analyzer] DEBUG: Started auxiliary module DbgView
2022-05-15 05:45:50,750 [analyzer] DEBUG: Started auxiliary module Disguise
2022-05-15 05:45:51,265 [analyzer] DEBUG: Loaded monitor into process with pid 496
2022-05-15 05:45:51,312 [analyzer] DEBUG: Started auxiliary module DumpTLSMasterSecrets
2022-05-15 05:45:51,312 [analyzer] DEBUG: Started auxiliary module Human
2022-05-15 05:45:51,312 [analyzer] DEBUG: Started auxiliary module InstallCertificate
2022-05-15 05:45:51,312 [analyzer] DEBUG: Started auxiliary module Reboot
2022-05-15 05:45:51,780 [analyzer] DEBUG: Started auxiliary module RecentFiles
2022-05-15 05:45:51,780 [analyzer] DEBUG: Started auxiliary module Screenshots
2022-05-15 05:45:51,796 [analyzer] DEBUG: Started auxiliary module LoadZer0m0n
2022-05-15 05:45:52,390 [lib.api.process] INFO: Successfully executed process from path 'C:\\Windows\\System32\\cmd.exe' with arguments ['/c', 'start', '/wait', '"GEarytcKSdY"', u'C:\\Users\\ADMINI~1\\AppData\\Local\\Temp\\istockphoto-1188445864-612x612.jpg'] and pid 2752
2022-05-15 05:45:53,405 [analyzer] DEBUG: Loaded monitor into process with pid 2752
2022-05-15 05:46:24,296 [lib.api.process] INFO: Memory dump of process with pid 2752 completed
2022-05-15 05:46:26,921 [analyzer] INFO: Process with pid 2752 has terminated
2022-05-15 05:46:26,921 [analyzer] INFO: Process list is empty, terminating analysis.
2022-05-15 05:46:27,921 [analyzer] INFO: Analysis completed.
