2022-05-09 03:14:01,015 [analyzer] DEBUG: Starting analyzer from: C:\tmpy1hzlw
2022-05-09 03:14:01,015 [analyzer] DEBUG: Pipe server name: \??\PIPE\umxvIFzNnUoVMQIO
2022-05-09 03:14:01,015 [analyzer] DEBUG: Log pipe server name: \??\PIPE\nFteAaWPWXeahRRYuigtIzBKzWWsmI
2022-05-09 03:14:01,015 [analyzer] DEBUG: No analysis package specified, trying to detect it automagically.
2022-05-09 03:14:01,015 [analyzer] INFO: Automatically selected analysis package "generic"
2022-05-09 03:14:01,921 [analyzer] DEBUG: Started auxiliary module DbgView
2022-05-09 03:14:19,592 [analyzer] DEBUG: Started auxiliary module Disguise
2022-05-09 03:14:20,296 [analyzer] DEBUG: Loaded monitor into process with pid 496
2022-05-09 03:14:20,358 [analyzer] DEBUG: Started auxiliary module DumpTLSMasterSecrets
2022-05-09 03:14:20,375 [analyzer] DEBUG: Started auxiliary module Human
2022-05-09 03:14:20,375 [analyzer] DEBUG: Started auxiliary module InstallCertificate
2022-05-09 03:14:20,375 [analyzer] DEBUG: Started auxiliary module Reboot
2022-05-09 03:14:20,796 [analyzer] DEBUG: Started auxiliary module RecentFiles
2022-05-09 03:14:20,796 [analyzer] DEBUG: Started auxiliary module Screenshots
2022-05-09 03:14:20,796 [analyzer] DEBUG: Started auxiliary module LoadZer0m0n
2022-05-09 03:14:21,562 [lib.api.process] INFO: Successfully executed process from path 'C:\\Windows\\System32\\cmd.exe' with arguments ['/c', 'start', '/wait', '"myxP"', u'C:\\Users\\ADMINI~1\\AppData\\Local\\Temp\\istockphoto-1188445864-612x612.jpg'] and pid 2448
2022-05-09 03:14:22,717 [analyzer] DEBUG: Loaded monitor into process with pid 2448
2022-05-09 03:14:58,640 [lib.api.process] INFO: Memory dump of process with pid 2448 completed
2022-05-09 03:15:00,812 [analyzer] INFO: Process with pid 2448 has terminated
2022-05-09 03:15:00,828 [analyzer] INFO: Process list is empty, terminating analysis.
2022-05-09 03:15:01,828 [analyzer] INFO: Analysis completed.
