2022-05-15 02:17:47,062 [analyzer] DEBUG: Starting analyzer from: C:\tmpy1hzlw
2022-05-15 02:17:47,062 [analyzer] DEBUG: Pipe server name: \??\PIPE\BwDYbYfjMgTRXUZLYEUTbUoxp
2022-05-15 02:17:47,062 [analyzer] DEBUG: Log pipe server name: \??\PIPE\UhljiXIHVORCdktbesiQpIXqskXURIz
2022-05-15 02:17:47,062 [analyzer] DEBUG: No analysis package specified, trying to detect it automagically.
2022-05-15 02:17:47,062 [analyzer] INFO: Automatically selected analysis package "generic"
2022-05-15 02:17:49,437 [analyzer] DEBUG: Started auxiliary module DbgView
2022-05-15 02:18:08,280 [analyzer] DEBUG: Started auxiliary module Disguise
2022-05-15 02:18:08,953 [analyzer] DEBUG: Loaded monitor into process with pid 496
2022-05-15 02:18:08,983 [analyzer] DEBUG: Started auxiliary module DumpTLSMasterSecrets
2022-05-15 02:18:09,000 [analyzer] DEBUG: Started auxiliary module Human
2022-05-15 02:18:09,000 [analyzer] DEBUG: Started auxiliary module InstallCertificate
2022-05-15 02:18:09,000 [analyzer] DEBUG: Started auxiliary module Reboot
2022-05-15 02:18:09,390 [analyzer] DEBUG: Started auxiliary module RecentFiles
2022-05-15 02:18:09,390 [analyzer] DEBUG: Started auxiliary module Screenshots
2022-05-15 02:18:09,390 [analyzer] DEBUG: Started auxiliary module LoadZer0m0n
2022-05-15 02:18:10,062 [lib.api.process] INFO: Successfully executed process from path 'C:\\Windows\\System32\\cmd.exe' with arguments ['/c', 'start', '/wait', '"SeSprQznpvbD"', u'C:\\Users\\ADMINI~1\\AppData\\Local\\Temp\\istockphoto-1188445864-612x612.jpg'] and pid 2752
2022-05-15 02:18:11,078 [analyzer] DEBUG: Loaded monitor into process with pid 2752
2022-05-15 02:18:47,015 [lib.api.process] INFO: Memory dump of process with pid 2752 completed
2022-05-15 02:18:48,796 [analyzer] INFO: Process with pid 2752 has terminated
2022-05-15 02:18:48,905 [analyzer] INFO: Process list is empty, terminating analysis.
2022-05-15 02:18:49,983 [analyzer] INFO: Analysis completed.
