2022-05-15 07:58:26,015 [analyzer] DEBUG: Starting analyzer from: C:\tmpy1hzlw
2022-05-15 07:58:26,015 [analyzer] DEBUG: Pipe server name: \??\PIPE\ePbJNgEIqtqpAFYJOxkReLgxmkf
2022-05-15 07:58:26,015 [analyzer] DEBUG: Log pipe server name: \??\PIPE\wOcHpKOZJUgKKlsMpjZ
2022-05-15 07:58:26,015 [analyzer] DEBUG: No analysis package specified, trying to detect it automagically.
2022-05-15 07:58:26,015 [analyzer] INFO: Automatically selected analysis package "generic"
2022-05-15 07:58:28,546 [analyzer] DEBUG: Started auxiliary module DbgView
2022-05-15 07:58:47,967 [analyzer] DEBUG: Started auxiliary module Disguise
2022-05-15 07:58:48,765 [analyzer] DEBUG: Loaded monitor into process with pid 496
2022-05-15 07:58:48,796 [analyzer] DEBUG: Started auxiliary module DumpTLSMasterSecrets
2022-05-15 07:58:48,796 [analyzer] DEBUG: Started auxiliary module Human
2022-05-15 07:58:48,796 [analyzer] DEBUG: Started auxiliary module InstallCertificate
2022-05-15 07:58:48,796 [analyzer] DEBUG: Started auxiliary module Reboot
2022-05-15 07:58:49,421 [analyzer] DEBUG: Started auxiliary module RecentFiles
2022-05-15 07:58:49,421 [analyzer] DEBUG: Started auxiliary module Screenshots
2022-05-15 07:58:49,421 [analyzer] DEBUG: Started auxiliary module LoadZer0m0n
2022-05-15 07:58:49,983 [lib.api.process] INFO: Successfully executed process from path 'C:\\Windows\\System32\\cmd.exe' with arguments ['/c', 'start', '/wait', '"IbSiYQxarEL"', u'C:\\Users\\ADMINI~1\\AppData\\Local\\Temp\\istockphoto-1188445864-612x612.jpg'] and pid 2756
2022-05-15 07:58:51,030 [analyzer] DEBUG: Loaded monitor into process with pid 2756
2022-05-15 07:59:25,358 [lib.api.process] INFO: Memory dump of process with pid 2756 completed
2022-05-15 07:59:27,483 [analyzer] INFO: Process with pid 2756 has terminated
2022-05-15 07:59:27,483 [analyzer] INFO: Process list is empty, terminating analysis.
2022-05-15 07:59:28,483 [analyzer] INFO: Analysis completed.
