2022-05-16 10:41:37,062 [analyzer] DEBUG: Starting analyzer from: C:\tmpy1hzlw
2022-05-16 10:41:37,078 [analyzer] DEBUG: Pipe server name: \??\PIPE\UOuKltwtJDxVcCvmiAcpG
2022-05-16 10:41:37,078 [analyzer] DEBUG: Log pipe server name: \??\PIPE\BAONVnWlIgSRGRPfOwblmiUDS
2022-05-16 10:41:37,078 [analyzer] DEBUG: No analysis package specified, trying to detect it automagically.
2022-05-16 10:41:37,078 [analyzer] INFO: Automatically selected analysis package "generic"
2022-05-16 10:41:39,828 [analyzer] DEBUG: Started auxiliary module DbgView
2022-05-16 16:42:15,673 [analyzer] DEBUG: Started auxiliary module Disguise
2022-05-16 16:42:16,438 [analyzer] DEBUG: Loaded monitor into process with pid 496
2022-05-16 16:42:16,486 [analyzer] DEBUG: Started auxiliary module DumpTLSMasterSecrets
2022-05-16 16:42:16,486 [analyzer] DEBUG: Started auxiliary module Human
2022-05-16 16:42:16,486 [analyzer] DEBUG: Started auxiliary module InstallCertificate
2022-05-16 16:42:16,486 [analyzer] DEBUG: Started auxiliary module Reboot
2022-05-16 16:42:17,032 [analyzer] DEBUG: Started auxiliary module RecentFiles
2022-05-16 16:42:17,032 [analyzer] DEBUG: Started auxiliary module Screenshots
2022-05-16 16:42:17,048 [analyzer] DEBUG: Started auxiliary module LoadZer0m0n
2022-05-16 16:42:17,703 [lib.api.process] INFO: Successfully executed process from path 'C:\\Windows\\System32\\cmd.exe' with arguments ['/c', 'start', '/wait', '"OHYCB"', u'C:\\Users\\ADMINI~1\\AppData\\Local\\Temp\\istockphoto-1188445864-612x612.jpg'] and pid 2792
2022-05-16 16:42:18,766 [analyzer] DEBUG: Loaded monitor into process with pid 2792
2022-05-16 16:42:54,453 [lib.api.process] INFO: Memory dump of process with pid 2792 completed
2022-05-16 16:42:55,111 [analyzer] INFO: Process with pid 2792 has terminated
2022-05-16 16:42:55,111 [analyzer] INFO: Process list is empty, terminating analysis.
2022-05-16 16:42:56,188 [analyzer] INFO: Analysis completed.
