2022-05-13 05:26:54,015 [analyzer] DEBUG: Starting analyzer from: C:\tmpy1hzlw
2022-05-13 05:26:54,030 [analyzer] DEBUG: Pipe server name: \??\PIPE\eNtJRfpVGPexbUUWsO
2022-05-13 05:26:54,030 [analyzer] DEBUG: Log pipe server name: \??\PIPE\LFBXTpGYhRyoQTCLwaPWGPOrZ
2022-05-13 05:26:54,030 [analyzer] DEBUG: No analysis package specified, trying to detect it automagically.
2022-05-13 05:26:54,030 [analyzer] INFO: Automatically selected analysis package "generic"
2022-05-13 05:26:55,842 [analyzer] DEBUG: Started auxiliary module DbgView
2022-05-13 05:27:15,233 [analyzer] DEBUG: Started auxiliary module Disguise
2022-05-13 05:27:15,842 [analyzer] DEBUG: Loaded monitor into process with pid 496
2022-05-13 05:27:15,890 [analyzer] DEBUG: Started auxiliary module DumpTLSMasterSecrets
2022-05-13 05:27:15,890 [analyzer] DEBUG: Started auxiliary module Human
2022-05-13 05:27:15,890 [analyzer] DEBUG: Started auxiliary module InstallCertificate
2022-05-13 05:27:15,890 [analyzer] DEBUG: Started auxiliary module Reboot
2022-05-13 05:27:16,265 [analyzer] DEBUG: Started auxiliary module RecentFiles
2022-05-13 05:27:16,280 [analyzer] DEBUG: Started auxiliary module Screenshots
2022-05-13 05:27:16,280 [analyzer] DEBUG: Started auxiliary module LoadZer0m0n
2022-05-13 05:27:16,921 [lib.api.process] INFO: Successfully executed process from path 'C:\\Windows\\System32\\cmd.exe' with arguments ['/c', 'start', '/wait', '"wNsZlnENfaqiB"', u'C:\\Users\\ADMINI~1\\AppData\\Local\\Temp\\istockphoto-1188445864-612x612.jpg'] and pid 2696
2022-05-13 05:27:17,842 [analyzer] DEBUG: Loaded monitor into process with pid 2696
2022-05-13 05:27:52,250 [lib.api.process] INFO: Memory dump of process with pid 2696 completed
2022-05-13 05:27:54,546 [analyzer] INFO: Process with pid 2696 has terminated
2022-05-13 05:27:54,546 [analyzer] INFO: Process list is empty, terminating analysis.
2022-05-13 05:27:55,546 [analyzer] INFO: Analysis completed.
