2022-05-16 11:29:42,030 [analyzer] DEBUG: Starting analyzer from: C:\tmpy1hzlw
2022-05-16 11:29:42,046 [analyzer] DEBUG: Pipe server name: \??\PIPE\UtzReBAeBXqyQeGFzQehlWUamLA
2022-05-16 11:29:42,046 [analyzer] DEBUG: Log pipe server name: \??\PIPE\doWFfJTMYqMdplkKlSYINgOQNKgZBMr
2022-05-16 11:29:42,046 [analyzer] DEBUG: No analysis package specified, trying to detect it automagically.
2022-05-16 11:29:42,046 [analyzer] INFO: Automatically selected analysis package "generic"
2022-05-16 11:29:44,015 [analyzer] DEBUG: Started auxiliary module DbgView
2022-05-16 17:30:20,068 [analyzer] DEBUG: Started auxiliary module Disguise
2022-05-16 17:30:20,755 [analyzer] DEBUG: Loaded monitor into process with pid 496
2022-05-16 17:30:20,802 [analyzer] DEBUG: Started auxiliary module DumpTLSMasterSecrets
2022-05-16 17:30:20,802 [analyzer] DEBUG: Started auxiliary module Human
2022-05-16 17:30:20,802 [analyzer] DEBUG: Started auxiliary module InstallCertificate
2022-05-16 17:30:20,802 [analyzer] DEBUG: Started auxiliary module Reboot
2022-05-16 17:30:21,395 [analyzer] DEBUG: Started auxiliary module RecentFiles
2022-05-16 17:30:21,395 [analyzer] DEBUG: Started auxiliary module Screenshots
2022-05-16 17:30:21,395 [analyzer] DEBUG: Started auxiliary module LoadZer0m0n
2022-05-16 17:30:22,036 [lib.api.process] INFO: Successfully executed process from path 'C:\\Windows\\System32\\cmd.exe' with arguments ['/c', 'start', '/wait', '"hNyQ"', u'C:\\Users\\ADMINI~1\\AppData\\Local\\Temp\\istockphoto-1188445864-612x612.jpg'] and pid 2760
2022-05-16 17:30:23,005 [analyzer] DEBUG: Loaded monitor into process with pid 2760
2022-05-16 17:31:02,661 [lib.api.process] INFO: Memory dump of process with pid 2760 completed
2022-05-16 17:31:03,457 [analyzer] INFO: Process with pid 2760 has terminated
2022-05-16 17:31:03,457 [analyzer] INFO: Process list is empty, terminating analysis.
2022-05-16 17:31:04,473 [analyzer] INFO: Analysis completed.
