2022-05-12 23:39:20,108 [analyzer] DEBUG: Starting analyzer from: C:\tmpy1hzlw
2022-05-12 23:39:20,108 [analyzer] DEBUG: Pipe server name: \??\PIPE\VARFKbAnrBiXjsBDzakhskXG
2022-05-12 23:39:20,108 [analyzer] DEBUG: Log pipe server name: \??\PIPE\XypaLCayiFoUGnUAUWHHkXNRWmQ
2022-05-12 23:39:20,108 [analyzer] DEBUG: No analysis package specified, trying to detect it automagically.
2022-05-12 23:39:20,108 [analyzer] INFO: Automatically selected analysis package "generic"
2022-05-12 23:39:22,030 [analyzer] DEBUG: Started auxiliary module DbgView
2022-05-12 23:39:42,375 [analyzer] DEBUG: Started auxiliary module Disguise
2022-05-12 23:39:42,937 [analyzer] DEBUG: Loaded monitor into process with pid 496
2022-05-12 23:39:42,967 [analyzer] DEBUG: Started auxiliary module DumpTLSMasterSecrets
2022-05-12 23:39:42,983 [analyzer] DEBUG: Started auxiliary module Human
2022-05-12 23:39:42,983 [analyzer] DEBUG: Started auxiliary module InstallCertificate
2022-05-12 23:39:42,983 [analyzer] DEBUG: Started auxiliary module Reboot
2022-05-12 23:39:43,375 [analyzer] DEBUG: Started auxiliary module RecentFiles
2022-05-12 23:39:43,375 [analyzer] DEBUG: Started auxiliary module Screenshots
2022-05-12 23:39:43,390 [analyzer] DEBUG: Started auxiliary module LoadZer0m0n
2022-05-12 23:39:43,890 [lib.api.process] INFO: Successfully executed process from path 'C:\\Windows\\System32\\cmd.exe' with arguments ['/c', 'start', '/wait', '"ixTdw"', u'C:\\Users\\ADMINI~1\\AppData\\Local\\Temp\\istockphoto-1188445864-612x612.jpg'] and pid 2704
2022-05-12 23:39:44,983 [analyzer] DEBUG: Loaded monitor into process with pid 2704
2022-05-12 23:40:19,983 [lib.api.process] INFO: Memory dump of process with pid 2704 completed
2022-05-12 23:40:22,280 [analyzer] INFO: Process with pid 2704 has terminated
2022-05-12 23:40:22,296 [analyzer] INFO: Process list is empty, terminating analysis.
2022-05-12 23:40:23,296 [analyzer] INFO: Analysis completed.
