2022-05-15 08:56:41,000 [analyzer] DEBUG: Starting analyzer from: C:\tmpy1hzlw
2022-05-15 08:56:41,015 [analyzer] DEBUG: Pipe server name: \??\PIPE\ISMzhcrEiHWTZraieyUvwZHoLZlhvk
2022-05-15 08:56:41,015 [analyzer] DEBUG: Log pipe server name: \??\PIPE\epVGXqJbxoTDXodvthdyNJ
2022-05-15 08:56:41,015 [analyzer] DEBUG: No analysis package specified, trying to detect it automagically.
2022-05-15 08:56:41,015 [analyzer] INFO: Automatically selected analysis package "generic"
2022-05-15 08:56:43,046 [analyzer] DEBUG: Started auxiliary module DbgView
2022-05-15 08:57:02,983 [analyzer] DEBUG: Started auxiliary module Disguise
2022-05-15 08:57:03,625 [analyzer] DEBUG: Loaded monitor into process with pid 496
2022-05-15 08:57:03,640 [analyzer] DEBUG: Started auxiliary module DumpTLSMasterSecrets
2022-05-15 08:57:03,640 [analyzer] DEBUG: Started auxiliary module Human
2022-05-15 08:57:03,640 [analyzer] DEBUG: Started auxiliary module InstallCertificate
2022-05-15 08:57:03,640 [analyzer] DEBUG: Started auxiliary module Reboot
2022-05-15 08:57:04,437 [analyzer] DEBUG: Started auxiliary module RecentFiles
2022-05-15 08:57:04,453 [analyzer] DEBUG: Started auxiliary module Screenshots
2022-05-15 08:57:04,453 [analyzer] DEBUG: Started auxiliary module LoadZer0m0n
2022-05-15 08:57:05,217 [lib.api.process] INFO: Successfully executed process from path 'C:\\Windows\\System32\\cmd.exe' with arguments ['/c', 'start', '/wait', '"rtdObCpSfXWlR"', u'C:\\Users\\ADMINI~1\\AppData\\Local\\Temp\\istockphoto-1188445864-612x612.jpg'] and pid 2764
2022-05-15 08:57:06,155 [analyzer] DEBUG: Loaded monitor into process with pid 2764
2022-05-15 08:57:40,187 [lib.api.process] INFO: Memory dump of process with pid 2764 completed
2022-05-15 08:57:42,592 [analyzer] INFO: Process with pid 2764 has terminated
2022-05-15 08:57:42,592 [analyzer] INFO: Process list is empty, terminating analysis.
2022-05-15 08:57:43,608 [analyzer] INFO: Analysis completed.
