2022-05-16 21:10:45,030 [analyzer] DEBUG: Starting analyzer from: C:\tmpy1hzlw
2022-05-16 21:10:45,046 [analyzer] DEBUG: Pipe server name: \??\PIPE\ylneYptuhNvzEkeTbMTb
2022-05-16 21:10:45,062 [analyzer] DEBUG: Log pipe server name: \??\PIPE\ixbomllpwWRGdsAfgNckVtMwsAvcFyj
2022-05-16 21:10:45,062 [analyzer] DEBUG: No analysis package specified, trying to detect it automagically.
2022-05-16 21:10:45,062 [analyzer] INFO: Automatically selected analysis package "generic"
2022-05-16 21:10:47,421 [analyzer] DEBUG: Started auxiliary module DbgView
2022-05-17 03:11:24,996 [analyzer] DEBUG: Started auxiliary module Disguise
2022-05-17 03:11:25,635 [analyzer] DEBUG: Loaded monitor into process with pid 496
2022-05-17 03:11:25,698 [analyzer] DEBUG: Started auxiliary module DumpTLSMasterSecrets
2022-05-17 03:11:25,698 [analyzer] DEBUG: Started auxiliary module Human
2022-05-17 03:11:25,698 [analyzer] DEBUG: Started auxiliary module InstallCertificate
2022-05-17 03:11:25,698 [analyzer] DEBUG: Started auxiliary module Reboot
2022-05-17 03:11:26,073 [analyzer] DEBUG: Started auxiliary module RecentFiles
2022-05-17 03:11:26,088 [analyzer] DEBUG: Started auxiliary module Screenshots
2022-05-17 03:11:26,088 [analyzer] DEBUG: Started auxiliary module LoadZer0m0n
2022-05-17 03:11:26,746 [lib.api.process] INFO: Successfully executed process from path 'C:\\Windows\\System32\\cmd.exe' with arguments ['/c', 'start', '/wait', '"wONtyV"', u'C:\\Users\\ADMINI~1\\AppData\\Local\\Temp\\istockphoto-1188445864-612x612.jpg'] and pid 2768
2022-05-17 03:11:27,823 [analyzer] DEBUG: Loaded monitor into process with pid 2768
2022-05-17 03:12:05,276 [lib.api.process] INFO: Memory dump of process with pid 2768 completed
2022-05-17 03:12:06,073 [analyzer] INFO: Process with pid 2768 has terminated
2022-05-17 03:12:06,073 [analyzer] INFO: Process list is empty, terminating analysis.
2022-05-17 03:12:07,073 [analyzer] INFO: Analysis completed.
