2022-05-16 06:57:46,015 [analyzer] DEBUG: Starting analyzer from: C:\tmpy1hzlw
2022-05-16 06:57:46,015 [analyzer] DEBUG: Pipe server name: \??\PIPE\ydpOkeEoZrnmUinrGKSmd
2022-05-16 06:57:46,015 [analyzer] DEBUG: Log pipe server name: \??\PIPE\DStcuvjxkLGehYSPSfEleGtMPrC
2022-05-16 06:57:46,015 [analyzer] DEBUG: No analysis package specified, trying to detect it automagically.
2022-05-16 06:57:46,015 [analyzer] INFO: Automatically selected analysis package "generic"
2022-05-16 06:57:48,342 [analyzer] DEBUG: Started auxiliary module DbgView
2022-05-16 12:58:21,460 [analyzer] DEBUG: Started auxiliary module Disguise
2022-05-16 12:58:22,289 [analyzer] DEBUG: Loaded monitor into process with pid 496
2022-05-16 12:58:22,335 [analyzer] DEBUG: Started auxiliary module DumpTLSMasterSecrets
2022-05-16 12:58:22,335 [analyzer] DEBUG: Started auxiliary module Human
2022-05-16 12:58:22,335 [analyzer] DEBUG: Started auxiliary module InstallCertificate
2022-05-16 12:58:22,335 [analyzer] DEBUG: Started auxiliary module Reboot
2022-05-16 12:58:22,678 [analyzer] DEBUG: Started auxiliary module RecentFiles
2022-05-16 12:58:22,694 [analyzer] DEBUG: Started auxiliary module Screenshots
2022-05-16 12:58:22,694 [analyzer] DEBUG: Started auxiliary module LoadZer0m0n
2022-05-16 12:58:23,367 [lib.api.process] INFO: Successfully executed process from path 'C:\\Windows\\System32\\cmd.exe' with arguments ['/c', 'start', '/wait', '"vpBHAGKXIkdEobOM"', u'C:\\Users\\ADMINI~1\\AppData\\Local\\Temp\\istockphoto-1188445864-612x612.jpg'] and pid 2800
2022-05-16 12:58:24,319 [analyzer] DEBUG: Loaded monitor into process with pid 2800
2022-05-16 12:58:58,085 [lib.api.process] INFO: Memory dump of process with pid 2800 completed
2022-05-16 12:59:00,303 [analyzer] INFO: Process with pid 2800 has terminated
2022-05-16 12:59:00,303 [analyzer] INFO: Process list is empty, terminating analysis.
2022-05-16 12:59:01,303 [analyzer] INFO: Analysis completed.
