2022-05-12 22:14:09,062 [analyzer] DEBUG: Starting analyzer from: C:\tmpy1hzlw
2022-05-12 22:14:09,062 [analyzer] DEBUG: Pipe server name: \??\PIPE\MMkOxYmfjrkVXPIHMmvVhlMm
2022-05-12 22:14:09,062 [analyzer] DEBUG: Log pipe server name: \??\PIPE\weEVajlojcLzFUmDSujbAx
2022-05-12 22:14:09,062 [analyzer] DEBUG: No analysis package specified, trying to detect it automagically.
2022-05-12 22:14:09,062 [analyzer] INFO: Automatically selected analysis package "generic"
2022-05-12 22:14:10,671 [analyzer] DEBUG: Started auxiliary module DbgView
2022-05-12 22:14:28,921 [analyzer] DEBUG: Started auxiliary module Disguise
2022-05-12 22:14:29,453 [analyzer] DEBUG: Loaded monitor into process with pid 496
2022-05-12 22:14:29,483 [analyzer] DEBUG: Started auxiliary module DumpTLSMasterSecrets
2022-05-12 22:14:29,483 [analyzer] DEBUG: Started auxiliary module Human
2022-05-12 22:14:29,483 [analyzer] DEBUG: Started auxiliary module InstallCertificate
2022-05-12 22:14:29,500 [analyzer] DEBUG: Started auxiliary module Reboot
2022-05-12 22:14:30,015 [analyzer] DEBUG: Started auxiliary module RecentFiles
2022-05-12 22:14:30,015 [analyzer] DEBUG: Started auxiliary module Screenshots
2022-05-12 22:14:30,015 [analyzer] DEBUG: Started auxiliary module LoadZer0m0n
2022-05-12 22:14:30,765 [lib.api.process] INFO: Successfully executed process from path 'C:\\Windows\\System32\\cmd.exe' with arguments ['/c', 'start', '/wait', '"ptZhWnQkxqrF"', u'C:\\Users\\ADMINI~1\\AppData\\Local\\Temp\\istockphoto-1188445864-612x612.jpg'] and pid 2704
2022-05-12 22:14:31,687 [analyzer] DEBUG: Loaded monitor into process with pid 2704
2022-05-12 22:15:04,578 [lib.api.process] INFO: Memory dump of process with pid 2704 completed
2022-05-12 22:15:07,187 [analyzer] INFO: Process with pid 2704 has terminated
2022-05-12 22:15:07,187 [analyzer] INFO: Process list is empty, terminating analysis.
2022-05-12 22:15:08,187 [analyzer] INFO: Analysis completed.
