2022-05-12 23:49:47,015 [analyzer] DEBUG: Starting analyzer from: C:\tmpy1hzlw
2022-05-12 23:49:47,030 [analyzer] DEBUG: Pipe server name: \??\PIPE\CGjNbQmoWCzgLsUhgAko
2022-05-12 23:49:47,030 [analyzer] DEBUG: Log pipe server name: \??\PIPE\iHhWLjWmrcLGtVkpWQKnQFjybun
2022-05-12 23:49:47,030 [analyzer] DEBUG: No analysis package specified, trying to detect it automagically.
2022-05-12 23:49:47,030 [analyzer] INFO: Automatically selected analysis package "generic"
2022-05-12 23:49:49,046 [analyzer] DEBUG: Started auxiliary module DbgView
2022-05-12 23:50:07,312 [analyzer] DEBUG: Started auxiliary module Disguise
2022-05-12 23:50:07,875 [analyzer] DEBUG: Loaded monitor into process with pid 496
2022-05-12 23:50:07,905 [analyzer] DEBUG: Started auxiliary module DumpTLSMasterSecrets
2022-05-12 23:50:07,905 [analyzer] DEBUG: Started auxiliary module Human
2022-05-12 23:50:07,905 [analyzer] DEBUG: Started auxiliary module InstallCertificate
2022-05-12 23:50:07,905 [analyzer] DEBUG: Started auxiliary module Reboot
2022-05-12 23:50:08,437 [analyzer] DEBUG: Started auxiliary module RecentFiles
2022-05-12 23:50:08,437 [analyzer] DEBUG: Started auxiliary module Screenshots
2022-05-12 23:50:08,453 [analyzer] DEBUG: Started auxiliary module LoadZer0m0n
2022-05-12 23:50:09,078 [lib.api.process] INFO: Successfully executed process from path 'C:\\Windows\\System32\\cmd.exe' with arguments ['/c', 'start', '/wait', '"cxWog"', u'C:\\Users\\ADMINI~1\\AppData\\Local\\Temp\\istockphoto-1188445864-612x612.jpg'] and pid 2732
2022-05-12 23:50:10,233 [analyzer] DEBUG: Loaded monitor into process with pid 2732
2022-05-12 23:50:43,842 [lib.api.process] INFO: Memory dump of process with pid 2732 completed
2022-05-12 23:50:46,500 [analyzer] INFO: Process with pid 2732 has terminated
2022-05-12 23:50:46,515 [analyzer] INFO: Process list is empty, terminating analysis.
2022-05-12 23:50:47,842 [analyzer] INFO: Analysis completed.
