2022-05-16 07:01:41,062 [analyzer] DEBUG: Starting analyzer from: C:\tmpy1hzlw
2022-05-16 07:01:41,062 [analyzer] DEBUG: Pipe server name: \??\PIPE\DXCPKFYpsebvAHljecxtBin
2022-05-16 07:01:41,062 [analyzer] DEBUG: Log pipe server name: \??\PIPE\GWQPMpXPPgrRMhMpPbJfOnJW
2022-05-16 07:01:41,062 [analyzer] DEBUG: No analysis package specified, trying to detect it automagically.
2022-05-16 07:01:41,062 [analyzer] INFO: Automatically selected analysis package "generic"
2022-05-16 07:01:43,265 [analyzer] DEBUG: Started auxiliary module DbgView
2022-05-16 13:02:19,367 [analyzer] DEBUG: Started auxiliary module Disguise
2022-05-16 13:02:19,992 [analyzer] DEBUG: Loaded monitor into process with pid 496
2022-05-16 13:02:20,039 [analyzer] DEBUG: Started auxiliary module DumpTLSMasterSecrets
2022-05-16 13:02:20,071 [analyzer] DEBUG: Started auxiliary module Human
2022-05-16 13:02:20,071 [analyzer] DEBUG: Started auxiliary module InstallCertificate
2022-05-16 13:02:20,071 [analyzer] DEBUG: Started auxiliary module Reboot
2022-05-16 13:02:20,367 [analyzer] DEBUG: Started auxiliary module RecentFiles
2022-05-16 13:02:20,367 [analyzer] DEBUG: Started auxiliary module Screenshots
2022-05-16 13:02:20,367 [analyzer] DEBUG: Started auxiliary module LoadZer0m0n
2022-05-16 13:02:21,101 [lib.api.process] INFO: Successfully executed process from path 'C:\\Windows\\System32\\cmd.exe' with arguments ['/c', 'start', '/wait', '"VgAoBhqgGEJuKz"', u'C:\\Users\\ADMINI~1\\AppData\\Local\\Temp\\istockphoto-1188445864-612x612.jpg'] and pid 2792
2022-05-16 13:02:22,117 [analyzer] DEBUG: Loaded monitor into process with pid 2792
2022-05-16 13:03:21,571 [lib.api.process] INFO: Memory dump of process with pid 2792 completed
2022-05-16 13:03:24,289 [analyzer] INFO: Process with pid 2792 has terminated
2022-05-16 13:03:24,289 [analyzer] INFO: Process list is empty, terminating analysis.
2022-05-16 13:03:25,289 [analyzer] INFO: Analysis completed.
