2022-05-16 10:37:26,046 [analyzer] DEBUG: Starting analyzer from: C:\tmpy1hzlw
2022-05-16 10:37:26,092 [analyzer] DEBUG: Pipe server name: \??\PIPE\tKBAGjtpDksxNyoApzvonjPSymPyY
2022-05-16 10:37:26,092 [analyzer] DEBUG: Log pipe server name: \??\PIPE\dclVNsLxRGTIebNIZHPbag
2022-05-16 10:37:26,092 [analyzer] DEBUG: No analysis package specified, trying to detect it automagically.
2022-05-16 10:37:26,092 [analyzer] INFO: Automatically selected analysis package "generic"
2022-05-16 10:37:28,030 [analyzer] DEBUG: Started auxiliary module DbgView
2022-05-16 10:37:48,687 [analyzer] DEBUG: Started auxiliary module Disguise
2022-05-16 10:37:49,312 [analyzer] DEBUG: Loaded monitor into process with pid 496
2022-05-16 10:37:49,358 [analyzer] DEBUG: Started auxiliary module DumpTLSMasterSecrets
2022-05-16 10:37:49,358 [analyzer] DEBUG: Started auxiliary module Human
2022-05-16 10:37:49,358 [analyzer] DEBUG: Started auxiliary module InstallCertificate
2022-05-16 10:37:49,358 [analyzer] DEBUG: Started auxiliary module Reboot
2022-05-16 10:37:49,780 [analyzer] DEBUG: Started auxiliary module RecentFiles
2022-05-16 10:37:49,780 [analyzer] DEBUG: Started auxiliary module Screenshots
2022-05-16 10:37:49,780 [analyzer] DEBUG: Started auxiliary module LoadZer0m0n
2022-05-16 10:37:50,467 [lib.api.process] INFO: Successfully executed process from path 'C:\\Windows\\System32\\cmd.exe' with arguments ['/c', 'start', '/wait', '"uexfXqNhHiR"', u'C:\\Users\\ADMINI~1\\AppData\\Local\\Temp\\istockphoto-1188445864-612x612.jpg'] and pid 2756
2022-05-16 10:37:51,483 [analyzer] DEBUG: Loaded monitor into process with pid 2756
2022-05-16 10:38:28,765 [lib.api.process] INFO: Memory dump of process with pid 2756 completed
2022-05-16 10:38:29,375 [analyzer] INFO: Process with pid 2756 has terminated
2022-05-16 10:38:29,375 [analyzer] INFO: Process list is empty, terminating analysis.
2022-05-16 10:38:30,390 [analyzer] INFO: Analysis completed.
