2022-05-15 04:02:59,015 [analyzer] DEBUG: Starting analyzer from: C:\tmpy1hzlw
2022-05-15 04:02:59,015 [analyzer] DEBUG: Pipe server name: \??\PIPE\XzgLSFhXyuWUWTFkKlvhww
2022-05-15 04:02:59,015 [analyzer] DEBUG: Log pipe server name: \??\PIPE\UZIhHUVqSMXyuLnlPfyZLgrRBuQ
2022-05-15 04:02:59,015 [analyzer] DEBUG: No analysis package specified, trying to detect it automagically.
2022-05-15 04:02:59,030 [analyzer] INFO: Automatically selected analysis package "generic"
2022-05-15 04:03:01,453 [analyzer] DEBUG: Started auxiliary module DbgView
2022-05-15 04:03:21,812 [analyzer] DEBUG: Started auxiliary module Disguise
2022-05-15 04:03:22,453 [analyzer] DEBUG: Loaded monitor into process with pid 496
2022-05-15 04:03:22,483 [analyzer] DEBUG: Started auxiliary module DumpTLSMasterSecrets
2022-05-15 04:03:22,500 [analyzer] DEBUG: Started auxiliary module Human
2022-05-15 04:03:22,500 [analyzer] DEBUG: Started auxiliary module InstallCertificate
2022-05-15 04:03:22,500 [analyzer] DEBUG: Started auxiliary module Reboot
2022-05-15 04:03:23,000 [analyzer] DEBUG: Started auxiliary module RecentFiles
2022-05-15 04:03:23,000 [analyzer] DEBUG: Started auxiliary module Screenshots
2022-05-15 04:03:23,000 [analyzer] DEBUG: Started auxiliary module LoadZer0m0n
2022-05-15 04:03:23,640 [lib.api.process] INFO: Successfully executed process from path 'C:\\Windows\\System32\\cmd.exe' with arguments ['/c', 'start', '/wait', '"dHXswsosLeVYOs"', u'C:\\Users\\ADMINI~1\\AppData\\Local\\Temp\\istockphoto-1188445864-612x612.jpg'] and pid 2776
2022-05-15 04:03:24,483 [analyzer] DEBUG: Loaded monitor into process with pid 2776
2022-05-15 04:04:01,015 [lib.api.process] INFO: Memory dump of process with pid 2776 completed
2022-05-15 04:04:03,265 [analyzer] INFO: Process with pid 2776 has terminated
2022-05-15 04:04:03,265 [analyzer] INFO: Process list is empty, terminating analysis.
2022-05-15 04:04:04,265 [analyzer] INFO: Analysis completed.
