2022-05-16 03:08:55,030 [analyzer] DEBUG: Starting analyzer from: C:\tmpy1hzlw
2022-05-16 03:08:55,046 [analyzer] DEBUG: Pipe server name: \??\PIPE\dCNCzLhtvOcJSYGiTsFQ
2022-05-16 03:08:55,046 [analyzer] DEBUG: Log pipe server name: \??\PIPE\NbIMTngecqRQmOwieACtOyNXQgEQluA
2022-05-16 03:08:55,046 [analyzer] DEBUG: No analysis package specified, trying to detect it automagically.
2022-05-16 03:08:55,046 [analyzer] INFO: Automatically selected analysis package "generic"
2022-05-16 03:08:56,890 [analyzer] DEBUG: Started auxiliary module DbgView
2022-05-16 09:09:33,388 [analyzer] DEBUG: Started auxiliary module Disguise
2022-05-16 09:09:33,980 [analyzer] DEBUG: Loaded monitor into process with pid 496
2022-05-16 09:09:33,996 [analyzer] DEBUG: Started auxiliary module DumpTLSMasterSecrets
2022-05-16 09:09:34,013 [analyzer] DEBUG: Started auxiliary module Human
2022-05-16 09:09:34,013 [analyzer] DEBUG: Started auxiliary module InstallCertificate
2022-05-16 09:09:34,013 [analyzer] DEBUG: Started auxiliary module Reboot
2022-05-16 09:09:34,513 [analyzer] DEBUG: Started auxiliary module RecentFiles
2022-05-16 09:09:34,528 [analyzer] DEBUG: Started auxiliary module Screenshots
2022-05-16 09:09:34,528 [analyzer] DEBUG: Started auxiliary module LoadZer0m0n
2022-05-16 09:09:35,091 [lib.api.process] INFO: Successfully executed process from path 'C:\\Windows\\System32\\cmd.exe' with arguments ['/c', 'start', '/wait', '"iACRYQ"', u'C:\\Users\\ADMINI~1\\AppData\\Local\\Temp\\istockphoto-1188445864-612x612.jpg'] and pid 2768
2022-05-16 09:09:36,105 [analyzer] DEBUG: Loaded monitor into process with pid 2768
2022-05-16 09:10:11,091 [lib.api.process] INFO: Memory dump of process with pid 2768 completed
2022-05-16 09:10:13,216 [analyzer] INFO: Process with pid 2768 has terminated
2022-05-16 09:10:13,230 [analyzer] INFO: Process list is empty, terminating analysis.
2022-05-16 09:10:14,263 [analyzer] INFO: Analysis completed.
