2022-05-16 03:08:56,017 [cuckoo.core.scheduler] INFO: Task #97: acquired machine 192.168.56.102 (label=192.168.56.102)
2022-05-16 03:08:56,017 [cuckoo.core.resultserver] DEBUG: Now tracking machine 192.168.56.101 for task #97
2022-05-16 03:08:56,017 [cuckoo.core.plugins] DEBUG: Started auxiliary module: Replay
2022-05-16 03:08:56,037 [cuckoo.auxiliary.sniffer] INFO: Started sniffer with PID 28035 (interface=vboxnet0, host=192.168.56.101)
2022-05-16 03:08:56,038 [cuckoo.core.plugins] DEBUG: Started auxiliary module: Sniffer
2022-05-16 03:08:56,077 [cuckoo.machinery.virtualbox] DEBUG: Starting vm 192.168.56.102
2022-05-16 03:08:56,382 [cuckoo.machinery.virtualbox] DEBUG: Restoring virtual machine 192.168.56.102 to its current snapshot
2022-05-16 03:09:02,080 [cuckoo.core.guest] INFO: Starting analysis #97 on guest (id=192.168.56.102, ip=192.168.56.101)
2022-05-16 03:09:03,085 [cuckoo.core.guest] DEBUG: 192.168.56.102: not ready yet
2022-05-16 03:09:04,087 [cuckoo.core.guest] DEBUG: 192.168.56.102: not ready yet
2022-05-16 03:09:05,090 [cuckoo.core.guest] DEBUG: 192.168.56.102: not ready yet
2022-05-16 03:09:05,131 [cuckoo.core.guest] DEBUG: 192.168.56.102: not ready yet
2022-05-16 03:09:06,176 [cuckoo.core.guest] INFO: Guest is running Cuckoo Agent 0.10 (id=192.168.56.102, ip=192.168.56.101)
2022-05-16 03:09:06,229 [cuckoo.core.guest] DEBUG: Uploading analyzer to guest (id=192.168.56.102, ip=192.168.56.101, monitor=latest, size=3884763)
2022-05-16 03:09:11,952 [cuckoo.core.resultserver] DEBUG: Task #97: live log analysis.log initialized.
2022-05-16 03:09:15,303 [cuckoo.core.guest] DEBUG: 192.168.56.102: analysis #97 still processing
2022-05-16 03:09:20,358 [cuckoo.core.guest] DEBUG: 192.168.56.102: analysis #97 still processing
2022-05-16 03:09:25,426 [cuckoo.core.guest] DEBUG: 192.168.56.102: analysis #97 still processing
2022-05-16 03:09:30,498 [cuckoo.core.guest] DEBUG: 192.168.56.102: analysis #97 still processing
2022-05-16 03:09:33,953 [cuckoo.core.resultserver] DEBUG: Task #97 is sending a BSON stream
2022-05-16 03:09:35,567 [cuckoo.core.guest] DEBUG: 192.168.56.102: analysis #97 still processing
2022-05-16 03:09:35,957 [cuckoo.core.resultserver] DEBUG: Task #97 is sending a BSON stream
2022-05-16 03:09:36,196 [cuckoo.core.resultserver] DEBUG: Task #97: File upload for 'shots/0001.jpg'
2022-05-16 03:09:36,220 [cuckoo.core.resultserver] DEBUG: Task #97 uploaded file length: 47832
2022-05-16 03:09:40,620 [cuckoo.core.guest] DEBUG: 192.168.56.102: analysis #97 still processing
2022-05-16 03:09:45,688 [cuckoo.core.guest] DEBUG: 192.168.56.102: analysis #97 still processing
2022-05-16 03:09:50,763 [cuckoo.core.guest] DEBUG: 192.168.56.102: analysis #97 still processing
2022-05-16 03:09:55,950 [cuckoo.core.guest] DEBUG: 192.168.56.102: analysis #97 still processing
2022-05-16 03:10:04,122 [cuckoo.core.resultserver] DEBUG: Task #97: File upload for 'memory/2768-1.dmp'
2022-05-16 03:10:05,024 [cuckoo.core.guest] DEBUG: 192.168.56.102: analysis #97 still processing
2022-05-16 03:10:06,456 [cuckoo.core.resultserver] DEBUG: Task #97: File upload for 'shots/0002.jpg'
2022-05-16 03:10:06,546 [cuckoo.core.resultserver] DEBUG: Task #97 uploaded file length: 48971
2022-05-16 03:10:08,183 [cuckoo.core.resultserver] DEBUG: Task #97: File upload for 'shots/0003.jpg'
2022-05-16 03:10:08,326 [cuckoo.core.resultserver] DEBUG: Task #97 uploaded file length: 47818
2022-05-16 03:10:10,287 [cuckoo.core.guest] DEBUG: 192.168.56.102: analysis #97 still processing
2022-05-16 03:10:11,276 [cuckoo.core.resultserver] DEBUG: Task #97 uploaded file length: 69498432
2022-05-16 03:10:12,946 [cuckoo.core.resultserver] DEBUG: Task #97: File upload for 'shots/0004.jpg'
2022-05-16 03:10:13,132 [cuckoo.core.resultserver] DEBUG: Task #97 uploaded file length: 42822
2022-05-16 03:10:14,891 [cuckoo.core.resultserver] DEBUG: Task #97 had connection reset for <Context for LOG>
2022-05-16 03:10:15,380 [cuckoo.core.guest] INFO: 192.168.56.102: analysis completed successfully
2022-05-16 03:10:15,400 [cuckoo.core.plugins] DEBUG: Stopped auxiliary module: Replay
2022-05-16 03:10:15,402 [cuckoo.core.plugins] DEBUG: Stopped auxiliary module: Sniffer
2022-05-16 03:10:15,402 [cuckoo.machinery.virtualbox] DEBUG: Stopping vm 192.168.56.102
2022-05-16 03:10:16,782 [cuckoo.core.resultserver] DEBUG: Stopped tracking machine 192.168.56.101 for task #97
2022-05-16 03:10:16,788 [cuckoo.core.scheduler] DEBUG: Released database task #97
2022-05-16 03:10:16,839 [cuckoo.core.plugins] DEBUG: Executed processing module "AnalysisInfo" for task #97
2022-05-16 03:10:16,854 [cuckoo.core.plugins] DEBUG: Executed processing module "BehaviorAnalysis" for task #97
2022-05-16 03:10:16,855 [cuckoo.core.plugins] DEBUG: Executed processing module "Dropped" for task #97
2022-05-16 03:10:16,855 [cuckoo.core.plugins] DEBUG: Executed processing module "DroppedBuffer" for task #97
2022-05-16 03:10:17,572 [cuckoo.core.plugins] DEBUG: Executed processing module "MetaInfo" for task #97
2022-05-16 03:10:19,913 [cuckoo.core.plugins] DEBUG: Executed processing module "ProcessMemory" for task #97
2022-05-16 03:10:19,914 [cuckoo.core.plugins] DEBUG: Executed processing module "Procmon" for task #97
2022-05-16 03:10:20,016 [cuckoo.core.plugins] DEBUG: Executed processing module "Screenshots" for task #97
2022-05-16 03:10:20,017 [cuckoo.core.plugins] DEBUG: Executed processing module "Static" for task #97
2022-05-16 03:10:20,021 [cuckoo.core.plugins] DEBUG: Executed processing module "Strings" for task #97
2022-05-16 03:10:20,022 [cuckoo.core.plugins] DEBUG: Executed processing module "TargetInfo" for task #97
2022-05-16 03:10:20,494 [cuckoo.core.plugins] DEBUG: Executed processing module "NetworkAnalysis" for task #97
2022-05-16 03:10:20,495 [cuckoo.core.plugins] DEBUG: Executed processing module "Extracted" for task #97
2022-05-16 03:10:20,496 [cuckoo.core.plugins] DEBUG: Executed processing module "TLSMasterSecrets" for task #97
2022-05-16 03:10:20,500 [cuckoo.core.plugins] DEBUG: Executed processing module "Debug" for task #97
2022-05-16 03:10:20,500 [cuckoo.core.plugins] WARNING: fuck you
2022-05-16 03:10:20,572 [cuckoo.core.plugins] DEBUG: Running 545 signatures
2022-05-16 03:10:20,685 [root] WARNING: ['5e3a80524bb7d23222a489aee2b8c340']
2022-05-16 03:10:20,685 [root] WARNING: --
2022-05-16 03:10:20,685 [root] WARNING: ['5e3a80524bb7d23222a489aee2b8c340']
2022-05-16 03:10:20,685 [root] WARNING: --
2022-05-16 03:10:20,686 [root] WARNING: ['5e3a80524bb7d23222a489aee2b8c340']
2022-05-16 03:10:20,686 [root] WARNING: --
2022-05-16 03:10:20,686 [root] WARNING: ['5e3a80524bb7d23222a489aee2b8c340']
2022-05-16 03:10:20,686 [root] WARNING: --
2022-05-16 03:10:20,686 [root] WARNING: ['5e3a80524bb7d23222a489aee2b8c340']
2022-05-16 03:10:20,686 [root] WARNING: --
2022-05-16 03:10:20,687 [root] WARNING: ['5e3a80524bb7d23222a489aee2b8c340']
2022-05-16 03:10:20,687 [root] WARNING: --
2022-05-16 03:10:20,687 [root] WARNING: ['5e3a80524bb7d23222a489aee2b8c340']
2022-05-16 03:10:20,687 [root] WARNING: --
2022-05-16 03:10:20,687 [root] WARNING: ['5e3a80524bb7d23222a489aee2b8c340']
2022-05-16 03:10:20,687 [root] WARNING: --
2022-05-16 03:10:20,687 [root] WARNING: ['5e3a80524bb7d23222a489aee2b8c340']
2022-05-16 03:10:20,688 [root] WARNING: --
2022-05-16 03:10:20,688 [root] WARNING: ['5e3a80524bb7d23222a489aee2b8c340']
2022-05-16 03:10:20,688 [root] WARNING: --
2022-05-16 03:10:20,688 [root] WARNING: ['5e3a80524bb7d23222a489aee2b8c340']
2022-05-16 03:10:20,688 [root] WARNING: --
2022-05-16 03:10:20,688 [root] WARNING: ['5e3a80524bb7d23222a489aee2b8c340']
2022-05-16 03:10:20,689 [root] WARNING: --
2022-05-16 03:10:20,689 [root] WARNING: ['5e3a80524bb7d23222a489aee2b8c340']
2022-05-16 03:10:20,689 [root] WARNING: --
2022-05-16 03:10:20,689 [root] WARNING: ['5e3a80524bb7d23222a489aee2b8c340']
2022-05-16 03:10:20,689 [root] WARNING: --
2022-05-16 03:10:20,689 [root] WARNING: ['5e3a80524bb7d23222a489aee2b8c340']
2022-05-16 03:10:20,689 [root] WARNING: --
2022-05-16 03:10:20,690 [root] WARNING: ['5e3a80524bb7d23222a489aee2b8c340']
2022-05-16 03:10:20,690 [root] WARNING: --
2022-05-16 03:10:20,690 [root] WARNING: ['5e3a80524bb7d23222a489aee2b8c340']
2022-05-16 03:10:20,690 [root] WARNING: --
2022-05-16 03:10:20,690 [root] WARNING: ['5e3a80524bb7d23222a489aee2b8c340']
2022-05-16 03:10:20,690 [root] WARNING: --
2022-05-16 03:10:20,690 [root] WARNING: ['5e3a80524bb7d23222a489aee2b8c340']
2022-05-16 03:10:20,691 [root] WARNING: --
2022-05-16 03:10:20,691 [root] WARNING: ['5e3a80524bb7d23222a489aee2b8c340']
2022-05-16 03:10:20,691 [root] WARNING: --
2022-05-16 03:10:20,691 [root] WARNING: ['5e3a80524bb7d23222a489aee2b8c340']
2022-05-16 03:10:20,691 [root] WARNING: --
2022-05-16 03:10:20,691 [root] WARNING: ['5e3a80524bb7d23222a489aee2b8c340']
2022-05-16 03:10:20,692 [root] WARNING: --
2022-05-16 03:10:20,692 [root] WARNING: ['5e3a80524bb7d23222a489aee2b8c340']
2022-05-16 03:10:20,692 [root] WARNING: --
2022-05-16 03:10:20,692 [root] WARNING: ['5e3a80524bb7d23222a489aee2b8c340']
2022-05-16 03:10:20,692 [root] WARNING: --
2022-05-16 03:10:20,692 [root] WARNING: ['5e3a80524bb7d23222a489aee2b8c340']
2022-05-16 03:10:20,692 [root] WARNING: --
2022-05-16 03:10:20,693 [root] WARNING: ['5e3a80524bb7d23222a489aee2b8c340']
2022-05-16 03:10:20,693 [root] WARNING: --
2022-05-16 03:10:20,693 [root] WARNING: ['5e3a80524bb7d23222a489aee2b8c340']
2022-05-16 03:10:20,693 [root] WARNING: --
2022-05-16 03:10:20,693 [root] WARNING: ['5e3a80524bb7d23222a489aee2b8c340']
2022-05-16 03:10:20,693 [root] WARNING: --
2022-05-16 03:10:20,693 [root] WARNING: ['5e3a80524bb7d23222a489aee2b8c340']
2022-05-16 03:10:20,694 [root] WARNING: --
2022-05-16 03:10:20,694 [root] WARNING: ['5e3a80524bb7d23222a489aee2b8c340']
2022-05-16 03:10:20,694 [root] WARNING: --
2022-05-16 03:10:20,694 [root] WARNING: ['5e3a80524bb7d23222a489aee2b8c340']
2022-05-16 03:10:20,694 [root] WARNING: --
2022-05-16 03:10:20,695 [root] WARNING: ['5e3a80524bb7d23222a489aee2b8c340']
2022-05-16 03:10:20,695 [root] WARNING: --
2022-05-16 03:10:20,695 [root] WARNING: ['5e3a80524bb7d23222a489aee2b8c340']
2022-05-16 03:10:20,704 [root] WARNING: --
2022-05-16 03:10:20,704 [root] WARNING: ['5e3a80524bb7d23222a489aee2b8c340']
2022-05-16 03:10:20,704 [root] WARNING: --
2022-05-16 03:10:20,704 [root] WARNING: ['5e3a80524bb7d23222a489aee2b8c340']
2022-05-16 03:10:20,704 [root] WARNING: --
2022-05-16 03:10:20,704 [root] WARNING: ['5e3a80524bb7d23222a489aee2b8c340']
2022-05-16 03:10:20,705 [root] WARNING: --
2022-05-16 03:10:20,705 [root] WARNING: ['5e3a80524bb7d23222a489aee2b8c340']
2022-05-16 03:10:20,705 [root] WARNING: --
2022-05-16 03:10:20,705 [root] WARNING: ['5e3a80524bb7d23222a489aee2b8c340']
2022-05-16 03:10:20,705 [root] WARNING: --
2022-05-16 03:10:20,705 [root] WARNING: ['5e3a80524bb7d23222a489aee2b8c340']
2022-05-16 03:10:20,705 [root] WARNING: --
2022-05-16 03:10:20,706 [root] WARNING: ['5e3a80524bb7d23222a489aee2b8c340']
2022-05-16 03:10:20,706 [root] WARNING: --
2022-05-16 03:10:20,706 [root] WARNING: ['5e3a80524bb7d23222a489aee2b8c340']
2022-05-16 03:10:20,706 [root] WARNING: --
2022-05-16 03:10:20,706 [root] WARNING: ['5e3a80524bb7d23222a489aee2b8c340']
2022-05-16 03:10:20,706 [root] WARNING: --
2022-05-16 03:10:20,706 [root] WARNING: ['5e3a80524bb7d23222a489aee2b8c340']
2022-05-16 03:10:20,707 [root] WARNING: --
2022-05-16 03:10:20,707 [root] WARNING: ['5e3a80524bb7d23222a489aee2b8c340']
2022-05-16 03:10:20,707 [root] WARNING: --
2022-05-16 03:10:20,707 [root] WARNING: ['5e3a80524bb7d23222a489aee2b8c340']
2022-05-16 03:10:20,707 [root] WARNING: --
2022-05-16 03:10:20,707 [root] WARNING: ['5e3a80524bb7d23222a489aee2b8c340']
2022-05-16 03:10:20,708 [root] WARNING: --
2022-05-16 03:10:20,708 [root] WARNING: ['5e3a80524bb7d23222a489aee2b8c340']
2022-05-16 03:10:20,708 [root] WARNING: --
2022-05-16 03:10:20,708 [root] WARNING: ['5e3a80524bb7d23222a489aee2b8c340']
2022-05-16 03:10:20,708 [root] WARNING: --
2022-05-16 03:10:20,708 [root] WARNING: ['5e3a80524bb7d23222a489aee2b8c340']
2022-05-16 03:10:20,709 [root] WARNING: --
2022-05-16 03:10:20,709 [root] WARNING: ['5e3a80524bb7d23222a489aee2b8c340']
2022-05-16 03:10:20,712 [root] WARNING: --
2022-05-16 03:10:20,712 [root] WARNING: ['5e3a80524bb7d23222a489aee2b8c340']
2022-05-16 03:10:20,712 [root] WARNING: --
2022-05-16 03:10:20,712 [root] WARNING: ['5e3a80524bb7d23222a489aee2b8c340']
2022-05-16 03:10:20,712 [root] WARNING: --
2022-05-16 03:10:20,712 [root] WARNING: ['5e3a80524bb7d23222a489aee2b8c340']
2022-05-16 03:10:20,713 [root] WARNING: --
2022-05-16 03:10:20,713 [root] WARNING: ['5e3a80524bb7d23222a489aee2b8c340']
2022-05-16 03:10:20,713 [root] WARNING: --
2022-05-16 03:10:20,713 [root] WARNING: ['5e3a80524bb7d23222a489aee2b8c340']
2022-05-16 03:10:20,713 [root] WARNING: --
2022-05-16 03:10:20,713 [root] WARNING: ['5e3a80524bb7d23222a489aee2b8c340']
2022-05-16 03:10:20,713 [root] WARNING: --
2022-05-16 03:10:20,713 [root] WARNING: ['5e3a80524bb7d23222a489aee2b8c340']
2022-05-16 03:10:20,713 [root] WARNING: --
2022-05-16 03:10:20,713 [root] WARNING: ['5e3a80524bb7d23222a489aee2b8c340']
2022-05-16 03:10:20,713 [root] WARNING: --
2022-05-16 03:10:20,714 [root] WARNING: ['5e3a80524bb7d23222a489aee2b8c340']
2022-05-16 03:10:20,714 [root] WARNING: --
2022-05-16 03:10:20,714 [root] WARNING: ['5e3a80524bb7d23222a489aee2b8c340']
2022-05-16 03:10:20,715 [root] WARNING: --
2022-05-16 03:10:20,716 [root] WARNING: ['5e3a80524bb7d23222a489aee2b8c340']
2022-05-16 03:10:20,716 [root] WARNING: --
2022-05-16 03:10:20,716 [root] WARNING: ['5e3a80524bb7d23222a489aee2b8c340']
2022-05-16 03:10:20,719 [root] WARNING: --
2022-05-16 03:10:20,719 [root] WARNING: ['5e3a80524bb7d23222a489aee2b8c340']
2022-05-16 03:10:20,719 [root] WARNING: --
2022-05-16 03:10:20,719 [root] WARNING: ['5e3a80524bb7d23222a489aee2b8c340']
2022-05-16 03:10:20,719 [root] WARNING: --
2022-05-16 03:10:20,719 [root] WARNING: ['5e3a80524bb7d23222a489aee2b8c340']
2022-05-16 03:10:20,720 [root] WARNING: --
2022-05-16 03:10:20,720 [root] WARNING: ['5e3a80524bb7d23222a489aee2b8c340']
2022-05-16 03:10:20,720 [root] WARNING: --
2022-05-16 03:10:20,720 [root] WARNING: ['5e3a80524bb7d23222a489aee2b8c340']
2022-05-16 03:10:20,720 [root] WARNING: --
2022-05-16 03:10:20,720 [root] WARNING: ['5e3a80524bb7d23222a489aee2b8c340']
2022-05-16 03:10:20,720 [root] WARNING: --
2022-05-16 03:10:20,721 [root] WARNING: ['5e3a80524bb7d23222a489aee2b8c340']
2022-05-16 03:10:20,721 [root] WARNING: --
2022-05-16 03:10:20,721 [root] WARNING: ['5e3a80524bb7d23222a489aee2b8c340']
2022-05-16 03:10:20,721 [root] WARNING: --
2022-05-16 03:10:20,721 [root] WARNING: ['5e3a80524bb7d23222a489aee2b8c340']
2022-05-16 03:10:20,721 [root] WARNING: --
2022-05-16 03:10:20,721 [root] WARNING: ['5e3a80524bb7d23222a489aee2b8c340']
2022-05-16 03:10:20,722 [root] WARNING: --
2022-05-16 03:10:20,722 [root] WARNING: ['5e3a80524bb7d23222a489aee2b8c340']
2022-05-16 03:10:20,722 [root] WARNING: --
2022-05-16 03:10:20,722 [root] WARNING: ['5e3a80524bb7d23222a489aee2b8c340']
2022-05-16 03:10:20,724 [root] WARNING: --
2022-05-16 03:10:20,724 [root] WARNING: ['5e3a80524bb7d23222a489aee2b8c340']
2022-05-16 03:10:20,724 [root] WARNING: --
2022-05-16 03:10:20,724 [root] WARNING: ['5e3a80524bb7d23222a489aee2b8c340']
2022-05-16 03:10:20,725 [root] WARNING: --
2022-05-16 03:10:20,725 [root] WARNING: ['5e3a80524bb7d23222a489aee2b8c340']
2022-05-16 03:10:20,725 [root] WARNING: --
2022-05-16 03:10:20,725 [root] WARNING: ['5e3a80524bb7d23222a489aee2b8c340']
2022-05-16 03:10:20,725 [root] WARNING: --
2022-05-16 03:10:20,725 [root] WARNING: ['5e3a80524bb7d23222a489aee2b8c340']
2022-05-16 03:10:20,725 [root] WARNING: --
2022-05-16 03:10:20,726 [root] WARNING: ['5e3a80524bb7d23222a489aee2b8c340']
2022-05-16 03:10:20,726 [root] WARNING: --
2022-05-16 03:10:20,726 [root] WARNING: ['5e3a80524bb7d23222a489aee2b8c340']
2022-05-16 03:10:20,726 [root] WARNING: --
2022-05-16 03:10:20,728 [root] WARNING: ['5e3a80524bb7d23222a489aee2b8c340']
2022-05-16 03:10:20,728 [root] WARNING: --
2022-05-16 03:10:20,728 [root] WARNING: ['5e3a80524bb7d23222a489aee2b8c340']
2022-05-16 03:10:20,728 [root] WARNING: --
2022-05-16 03:10:20,728 [root] WARNING: ['5e3a80524bb7d23222a489aee2b8c340']
2022-05-16 03:10:20,729 [root] WARNING: --
2022-05-16 03:10:20,729 [root] WARNING: ['5e3a80524bb7d23222a489aee2b8c340']
2022-05-16 03:10:20,729 [root] WARNING: --
2022-05-16 03:10:20,729 [root] WARNING: ['5e3a80524bb7d23222a489aee2b8c340']
2022-05-16 03:10:20,729 [root] WARNING: --
2022-05-16 03:10:20,729 [root] WARNING: ['5e3a80524bb7d23222a489aee2b8c340']
2022-05-16 03:10:20,730 [root] WARNING: --
2022-05-16 03:10:20,730 [root] WARNING: ['5e3a80524bb7d23222a489aee2b8c340']
2022-05-16 03:10:20,730 [root] WARNING: --
2022-05-16 03:10:20,730 [root] WARNING: ['5e3a80524bb7d23222a489aee2b8c340']
2022-05-16 03:10:20,732 [root] WARNING: --
2022-05-16 03:10:20,732 [root] WARNING: ['5e3a80524bb7d23222a489aee2b8c340']
2022-05-16 03:10:20,732 [root] WARNING: --
2022-05-16 03:10:20,732 [root] WARNING: ['5e3a80524bb7d23222a489aee2b8c340']
2022-05-16 03:10:20,732 [root] WARNING: --
2022-05-16 03:10:20,733 [root] WARNING: ['5e3a80524bb7d23222a489aee2b8c340']
2022-05-16 03:10:20,733 [root] WARNING: --
2022-05-16 03:10:20,733 [root] WARNING: ['5e3a80524bb7d23222a489aee2b8c340']
2022-05-16 03:10:20,733 [root] WARNING: --
2022-05-16 03:10:20,733 [root] WARNING: ['5e3a80524bb7d23222a489aee2b8c340']
2022-05-16 03:10:20,733 [root] WARNING: --
2022-05-16 03:10:20,734 [root] WARNING: ['5e3a80524bb7d23222a489aee2b8c340']
2022-05-16 03:10:20,734 [root] WARNING: --
2022-05-16 03:10:20,734 [root] WARNING: ['5e3a80524bb7d23222a489aee2b8c340']
2022-05-16 03:10:20,734 [root] WARNING: --
2022-05-16 03:10:20,735 [root] WARNING: ['5e3a80524bb7d23222a489aee2b8c340']
2022-05-16 03:10:20,735 [root] WARNING: --
2022-05-16 03:10:20,737 [root] WARNING: ['5e3a80524bb7d23222a489aee2b8c340']
2022-05-16 03:10:20,737 [root] WARNING: --
2022-05-16 03:10:20,737 [root] WARNING: ['5e3a80524bb7d23222a489aee2b8c340']
2022-05-16 03:10:20,737 [root] WARNING: --
2022-05-16 03:10:20,737 [root] WARNING: ['5e3a80524bb7d23222a489aee2b8c340']
2022-05-16 03:10:20,737 [root] WARNING: --
2022-05-16 03:10:20,738 [root] WARNING: ['5e3a80524bb7d23222a489aee2b8c340']
2022-05-16 03:10:20,738 [root] WARNING: --
2022-05-16 03:10:20,738 [root] WARNING: ['5e3a80524bb7d23222a489aee2b8c340']
2022-05-16 03:10:20,738 [root] WARNING: --
2022-05-16 03:10:20,738 [root] WARNING: ['5e3a80524bb7d23222a489aee2b8c340']
2022-05-16 03:10:20,738 [root] WARNING: --
2022-05-16 03:10:20,738 [root] WARNING: ['5e3a80524bb7d23222a489aee2b8c340']
2022-05-16 03:10:20,740 [root] WARNING: --
2022-05-16 03:10:20,740 [root] WARNING: ['5e3a80524bb7d23222a489aee2b8c340']
2022-05-16 03:10:20,740 [root] WARNING: --
2022-05-16 03:10:20,741 [root] WARNING: ['5e3a80524bb7d23222a489aee2b8c340']
2022-05-16 03:10:20,741 [root] WARNING: --
2022-05-16 03:10:20,741 [root] WARNING: ['5e3a80524bb7d23222a489aee2b8c340']
2022-05-16 03:10:20,741 [root] WARNING: --
2022-05-16 03:10:20,741 [root] WARNING: ['5e3a80524bb7d23222a489aee2b8c340']
2022-05-16 03:10:20,741 [root] WARNING: --
2022-05-16 03:10:20,742 [root] WARNING: ['5e3a80524bb7d23222a489aee2b8c340']
2022-05-16 03:10:20,742 [root] WARNING: --
2022-05-16 03:10:20,742 [root] WARNING: ['5e3a80524bb7d23222a489aee2b8c340']
2022-05-16 03:10:20,742 [root] WARNING: --
2022-05-16 03:10:20,742 [root] WARNING: ['5e3a80524bb7d23222a489aee2b8c340']
2022-05-16 03:10:20,744 [root] WARNING: --
2022-05-16 03:10:20,744 [root] WARNING: ['5e3a80524bb7d23222a489aee2b8c340']
2022-05-16 03:10:20,744 [root] WARNING: --
2022-05-16 03:10:20,744 [root] WARNING: ['5e3a80524bb7d23222a489aee2b8c340']
2022-05-16 03:10:20,744 [root] WARNING: --
2022-05-16 03:10:20,746 [root] WARNING: ['5e3a80524bb7d23222a489aee2b8c340']
2022-05-16 03:10:20,746 [root] WARNING: --
2022-05-16 03:10:20,746 [root] WARNING: ['5e3a80524bb7d23222a489aee2b8c340']
2022-05-16 03:10:20,748 [root] WARNING: --
2022-05-16 03:10:20,748 [root] WARNING: ['5e3a80524bb7d23222a489aee2b8c340']
2022-05-16 03:10:20,748 [root] WARNING: --
2022-05-16 03:10:20,748 [root] WARNING: ['5e3a80524bb7d23222a489aee2b8c340']
2022-05-16 03:10:20,748 [root] WARNING: --
2022-05-16 03:10:20,748 [root] WARNING: ['5e3a80524bb7d23222a489aee2b8c340']
2022-05-16 03:10:20,749 [root] WARNING: --
2022-05-16 03:10:20,750 [root] WARNING: ['5e3a80524bb7d23222a489aee2b8c340']
2022-05-16 03:10:20,750 [root] WARNING: --
2022-05-16 03:10:20,750 [root] WARNING: ['5e3a80524bb7d23222a489aee2b8c340']
2022-05-16 03:10:20,751 [root] WARNING: --
2022-05-16 03:10:20,751 [root] WARNING: ['5e3a80524bb7d23222a489aee2b8c340']
2022-05-16 03:10:20,751 [root] WARNING: --
2022-05-16 03:10:20,752 [root] WARNING: ['5e3a80524bb7d23222a489aee2b8c340']
2022-05-16 03:10:20,752 [root] WARNING: --
2022-05-16 03:10:20,752 [root] WARNING: ['5e3a80524bb7d23222a489aee2b8c340']
2022-05-16 03:10:20,752 [root] WARNING: --
2022-05-16 03:10:20,752 [root] WARNING: ['5e3a80524bb7d23222a489aee2b8c340']
2022-05-16 03:10:20,754 [root] WARNING: --
2022-05-16 03:10:20,754 [root] WARNING: ['5e3a80524bb7d23222a489aee2b8c340']
2022-05-16 03:10:20,754 [root] WARNING: --
2022-05-16 03:10:20,755 [root] WARNING: ['5e3a80524bb7d23222a489aee2b8c340']
2022-05-16 03:10:20,755 [root] WARNING: --
2022-05-16 03:10:20,755 [root] WARNING: ['5e3a80524bb7d23222a489aee2b8c340']
2022-05-16 03:10:20,757 [root] WARNING: --
2022-05-16 03:10:20,757 [root] WARNING: ['5e3a80524bb7d23222a489aee2b8c340']
2022-05-16 03:10:20,757 [root] WARNING: --
2022-05-16 03:10:20,757 [root] WARNING: ['5e3a80524bb7d23222a489aee2b8c340']
2022-05-16 03:10:20,758 [root] WARNING: --
2022-05-16 03:10:20,758 [root] WARNING: ['5e3a80524bb7d23222a489aee2b8c340']
2022-05-16 03:10:20,758 [root] WARNING: --
2022-05-16 03:10:20,758 [root] WARNING: ['5e3a80524bb7d23222a489aee2b8c340']
2022-05-16 03:10:20,758 [root] WARNING: --
2022-05-16 03:10:20,758 [root] WARNING: ['5e3a80524bb7d23222a489aee2b8c340']
2022-05-16 03:10:20,758 [root] WARNING: --
2022-05-16 03:10:20,759 [root] WARNING: ['5e3a80524bb7d23222a489aee2b8c340']
2022-05-16 03:10:20,762 [root] WARNING: --
2022-05-16 03:10:20,762 [root] WARNING: ['5e3a80524bb7d23222a489aee2b8c340']
2022-05-16 03:10:20,762 [root] WARNING: --
2022-05-16 03:10:20,762 [root] WARNING: ['5e3a80524bb7d23222a489aee2b8c340']
2022-05-16 03:10:20,762 [root] WARNING: --
2022-05-16 03:10:20,763 [root] WARNING: ['5e3a80524bb7d23222a489aee2b8c340']
2022-05-16 03:10:20,763 [root] WARNING: --
2022-05-16 03:10:20,763 [root] WARNING: ['5e3a80524bb7d23222a489aee2b8c340']
2022-05-16 03:10:20,763 [root] WARNING: --
2022-05-16 03:10:20,763 [root] WARNING: ['5e3a80524bb7d23222a489aee2b8c340']
2022-05-16 03:10:20,763 [root] WARNING: --
2022-05-16 03:10:20,764 [root] WARNING: ['5e3a80524bb7d23222a489aee2b8c340']
2022-05-16 03:10:20,764 [root] WARNING: --
2022-05-16 03:10:20,764 [root] WARNING: ['5e3a80524bb7d23222a489aee2b8c340']
2022-05-16 03:10:20,764 [root] WARNING: --
2022-05-16 03:10:20,764 [root] WARNING: ['5e3a80524bb7d23222a489aee2b8c340']
2022-05-16 03:10:20,764 [root] WARNING: --
2022-05-16 03:10:20,765 [root] WARNING: ['5e3a80524bb7d23222a489aee2b8c340']
2022-05-16 03:10:20,765 [root] WARNING: --
2022-05-16 03:10:20,765 [root] WARNING: ['5e3a80524bb7d23222a489aee2b8c340']
2022-05-16 03:10:20,765 [root] WARNING: --
2022-05-16 03:10:20,765 [root] WARNING: ['5e3a80524bb7d23222a489aee2b8c340']
2022-05-16 03:10:20,765 [root] WARNING: --
2022-05-16 03:10:20,766 [root] WARNING: ['5e3a80524bb7d23222a489aee2b8c340']
2022-05-16 03:10:20,766 [root] WARNING: --
2022-05-16 03:10:20,766 [root] WARNING: ['5e3a80524bb7d23222a489aee2b8c340']
2022-05-16 03:10:20,767 [root] WARNING: --
2022-05-16 03:10:20,767 [root] WARNING: ['5e3a80524bb7d23222a489aee2b8c340']
2022-05-16 03:10:20,767 [root] WARNING: --
2022-05-16 03:10:20,767 [root] WARNING: ['5e3a80524bb7d23222a489aee2b8c340']
2022-05-16 03:10:20,768 [root] WARNING: --
2022-05-16 03:10:20,769 [root] WARNING: ['5e3a80524bb7d23222a489aee2b8c340']
2022-05-16 03:10:20,769 [root] WARNING: --
2022-05-16 03:10:20,769 [root] WARNING: ['5e3a80524bb7d23222a489aee2b8c340']
2022-05-16 03:10:20,769 [root] WARNING: --
2022-05-16 03:10:20,769 [root] WARNING: ['5e3a80524bb7d23222a489aee2b8c340']
2022-05-16 03:10:20,770 [root] WARNING: --
2022-05-16 03:10:20,770 [root] WARNING: ['5e3a80524bb7d23222a489aee2b8c340']
2022-05-16 03:10:20,771 [root] WARNING: --
2022-05-16 03:10:20,771 [root] WARNING: ['5e3a80524bb7d23222a489aee2b8c340']
2022-05-16 03:10:20,771 [root] WARNING: --
2022-05-16 03:10:20,772 [root] WARNING: ['5e3a80524bb7d23222a489aee2b8c340']
2022-05-16 03:10:20,772 [root] WARNING: --
2022-05-16 03:10:20,772 [root] WARNING: ['5e3a80524bb7d23222a489aee2b8c340']
2022-05-16 03:10:20,772 [root] WARNING: --
2022-05-16 03:10:20,772 [root] WARNING: ['5e3a80524bb7d23222a489aee2b8c340']
2022-05-16 03:10:20,773 [root] WARNING: --
2022-05-16 03:10:20,773 [root] WARNING: ['5e3a80524bb7d23222a489aee2b8c340']
2022-05-16 03:10:20,774 [root] WARNING: --
2022-05-16 03:10:20,774 [root] WARNING: ['5e3a80524bb7d23222a489aee2b8c340']
2022-05-16 03:10:20,776 [root] WARNING: --
2022-05-16 03:10:20,776 [root] WARNING: ['5e3a80524bb7d23222a489aee2b8c340']
2022-05-16 03:10:20,776 [root] WARNING: --
2022-05-16 03:10:20,776 [root] WARNING: ['5e3a80524bb7d23222a489aee2b8c340']
2022-05-16 03:10:20,776 [root] WARNING: --
2022-05-16 03:10:20,776 [root] WARNING: ['5e3a80524bb7d23222a489aee2b8c340']
2022-05-16 03:10:20,777 [root] WARNING: --
2022-05-16 03:10:20,777 [root] WARNING: ['5e3a80524bb7d23222a489aee2b8c340']
2022-05-16 03:10:20,777 [root] WARNING: --
2022-05-16 03:10:20,777 [root] WARNING: ['5e3a80524bb7d23222a489aee2b8c340']
2022-05-16 03:10:20,777 [root] WARNING: --
2022-05-16 03:10:20,777 [root] WARNING: ['5e3a80524bb7d23222a489aee2b8c340']
2022-05-16 03:10:20,779 [root] WARNING: --
2022-05-16 03:10:20,779 [root] WARNING: ['5e3a80524bb7d23222a489aee2b8c340']
2022-05-16 03:10:20,779 [root] WARNING: --
2022-05-16 03:10:20,779 [root] WARNING: ['5e3a80524bb7d23222a489aee2b8c340']
2022-05-16 03:10:20,780 [root] WARNING: --
2022-05-16 03:10:20,780 [root] WARNING: ['5e3a80524bb7d23222a489aee2b8c340']
2022-05-16 03:10:20,780 [root] WARNING: --
2022-05-16 03:10:20,780 [root] WARNING: ['5e3a80524bb7d23222a489aee2b8c340']
2022-05-16 03:10:20,781 [root] WARNING: --
2022-05-16 03:10:20,782 [root] WARNING: ['5e3a80524bb7d23222a489aee2b8c340']
2022-05-16 03:10:20,782 [root] WARNING: --
2022-05-16 03:10:20,782 [root] WARNING: ['5e3a80524bb7d23222a489aee2b8c340']
2022-05-16 03:10:20,782 [root] WARNING: --
2022-05-16 03:10:20,782 [root] WARNING: ['5e3a80524bb7d23222a489aee2b8c340']
2022-05-16 03:10:20,782 [root] WARNING: --
2022-05-16 03:10:20,784 [root] WARNING: ['5e3a80524bb7d23222a489aee2b8c340']
2022-05-16 03:10:20,784 [root] WARNING: --
2022-05-16 03:10:20,784 [root] WARNING: ['5e3a80524bb7d23222a489aee2b8c340']
2022-05-16 03:10:20,784 [root] WARNING: --
2022-05-16 03:10:20,784 [root] WARNING: ['5e3a80524bb7d23222a489aee2b8c340']
2022-05-16 03:10:20,784 [root] WARNING: --
2022-05-16 03:10:20,784 [root] WARNING: ['5e3a80524bb7d23222a489aee2b8c340']
2022-05-16 03:10:20,785 [root] WARNING: --
2022-05-16 03:10:20,787 [root] WARNING: ['5e3a80524bb7d23222a489aee2b8c340']
2022-05-16 03:10:20,787 [root] WARNING: --
2022-05-16 03:10:20,787 [root] WARNING: ['5e3a80524bb7d23222a489aee2b8c340']
2022-05-16 03:10:20,788 [root] WARNING: --
2022-05-16 03:10:20,788 [root] WARNING: ['5e3a80524bb7d23222a489aee2b8c340']
2022-05-16 03:10:20,788 [root] WARNING: --
2022-05-16 03:10:20,788 [root] WARNING: ['5e3a80524bb7d23222a489aee2b8c340']
2022-05-16 03:10:20,788 [root] WARNING: --
2022-05-16 03:10:20,788 [root] WARNING: ['5e3a80524bb7d23222a489aee2b8c340']
2022-05-16 03:10:20,788 [root] WARNING: --
2022-05-16 03:10:20,789 [root] WARNING: ['5e3a80524bb7d23222a489aee2b8c340']
2022-05-16 03:10:20,789 [root] WARNING: --
2022-05-16 03:10:20,789 [root] WARNING: ['5e3a80524bb7d23222a489aee2b8c340']
2022-05-16 03:10:20,789 [root] WARNING: --
2022-05-16 03:10:20,789 [root] WARNING: ['5e3a80524bb7d23222a489aee2b8c340']
2022-05-16 03:10:20,789 [root] WARNING: --
2022-05-16 03:10:20,790 [root] WARNING: ['5e3a80524bb7d23222a489aee2b8c340']
2022-05-16 03:10:20,790 [root] WARNING: --
2022-05-16 03:10:20,790 [root] WARNING: ['5e3a80524bb7d23222a489aee2b8c340']
2022-05-16 03:10:20,790 [root] WARNING: --
2022-05-16 03:10:20,790 [root] WARNING: ['5e3a80524bb7d23222a489aee2b8c340']
2022-05-16 03:10:20,791 [root] WARNING: --
2022-05-16 03:10:20,792 [root] WARNING: ['5e3a80524bb7d23222a489aee2b8c340']
2022-05-16 03:10:20,792 [root] WARNING: --
2022-05-16 03:10:20,793 [root] WARNING: ['5e3a80524bb7d23222a489aee2b8c340']
2022-05-16 03:10:20,793 [root] WARNING: --
2022-05-16 03:10:20,793 [root] WARNING: ['5e3a80524bb7d23222a489aee2b8c340']
2022-05-16 03:10:20,793 [root] WARNING: --
2022-05-16 03:10:20,793 [root] WARNING: ['5e3a80524bb7d23222a489aee2b8c340']
2022-05-16 03:10:20,793 [root] WARNING: --
2022-05-16 03:10:20,794 [root] WARNING: ['5e3a80524bb7d23222a489aee2b8c340']
2022-05-16 03:10:20,794 [root] WARNING: --
2022-05-16 03:10:20,794 [root] WARNING: ['5e3a80524bb7d23222a489aee2b8c340']
2022-05-16 03:10:20,794 [root] WARNING: --
2022-05-16 03:10:20,794 [root] WARNING: ['5e3a80524bb7d23222a489aee2b8c340']
2022-05-16 03:10:20,794 [root] WARNING: --
2022-05-16 03:10:20,795 [root] WARNING: ['5e3a80524bb7d23222a489aee2b8c340']
2022-05-16 03:10:20,795 [root] WARNING: --
2022-05-16 03:10:20,795 [root] WARNING: ['5e3a80524bb7d23222a489aee2b8c340']
2022-05-16 03:10:20,796 [root] WARNING: --
2022-05-16 03:10:20,797 [root] WARNING: ['5e3a80524bb7d23222a489aee2b8c340']
2022-05-16 03:10:20,797 [root] WARNING: --
2022-05-16 03:10:20,797 [root] WARNING: ['5e3a80524bb7d23222a489aee2b8c340']
2022-05-16 03:10:20,798 [root] WARNING: --
2022-05-16 03:10:20,798 [root] WARNING: ['5e3a80524bb7d23222a489aee2b8c340']
2022-05-16 03:10:20,798 [root] WARNING: --
2022-05-16 03:10:20,798 [root] WARNING: ['5e3a80524bb7d23222a489aee2b8c340']
2022-05-16 03:10:20,798 [root] WARNING: --
2022-05-16 03:10:20,798 [root] WARNING: ['5e3a80524bb7d23222a489aee2b8c340']
2022-05-16 03:10:20,799 [root] WARNING: --
2022-05-16 03:10:20,799 [root] WARNING: ['5e3a80524bb7d23222a489aee2b8c340']
2022-05-16 03:10:20,799 [root] WARNING: --
2022-05-16 03:10:20,800 [root] WARNING: ['5e3a80524bb7d23222a489aee2b8c340']
2022-05-16 03:10:20,800 [root] WARNING: --
2022-05-16 03:10:20,800 [root] WARNING: ['5e3a80524bb7d23222a489aee2b8c340']
2022-05-16 03:10:20,801 [root] WARNING: --
2022-05-16 03:10:20,801 [root] WARNING: ['5e3a80524bb7d23222a489aee2b8c340']
2022-05-16 03:10:20,802 [root] WARNING: --
2022-05-16 03:10:20,802 [root] WARNING: ['5e3a80524bb7d23222a489aee2b8c340']
2022-05-16 03:10:20,803 [root] WARNING: --
2022-05-16 03:10:20,803 [root] WARNING: ['5e3a80524bb7d23222a489aee2b8c340']
2022-05-16 03:10:20,803 [root] WARNING: --
2022-05-16 03:10:20,803 [root] WARNING: ['5e3a80524bb7d23222a489aee2b8c340']
2022-05-16 03:10:20,803 [root] WARNING: --
2022-05-16 03:10:20,804 [root] WARNING: ['5e3a80524bb7d23222a489aee2b8c340']
2022-05-16 03:10:20,804 [root] WARNING: --
2022-05-16 03:10:20,804 [root] WARNING: ['5e3a80524bb7d23222a489aee2b8c340']
2022-05-16 03:10:20,804 [root] WARNING: --
2022-05-16 03:10:20,806 [root] WARNING: ['5e3a80524bb7d23222a489aee2b8c340']
2022-05-16 03:10:20,806 [root] WARNING: --
2022-05-16 03:10:20,806 [root] WARNING: ['5e3a80524bb7d23222a489aee2b8c340']
2022-05-16 03:10:20,806 [root] WARNING: --
2022-05-16 03:10:20,806 [root] WARNING: ['5e3a80524bb7d23222a489aee2b8c340']
2022-05-16 03:10:20,807 [root] WARNING: --
2022-05-16 03:10:20,807 [root] WARNING: ['5e3a80524bb7d23222a489aee2b8c340']
2022-05-16 03:10:20,807 [root] WARNING: --
2022-05-16 03:10:20,807 [root] WARNING: ['5e3a80524bb7d23222a489aee2b8c340']
2022-05-16 03:10:20,807 [root] WARNING: --
2022-05-16 03:10:20,807 [root] WARNING: ['5e3a80524bb7d23222a489aee2b8c340']
2022-05-16 03:10:20,807 [root] WARNING: --
2022-05-16 03:10:20,808 [root] WARNING: ['5e3a80524bb7d23222a489aee2b8c340']
2022-05-16 03:10:20,808 [root] WARNING: --
2022-05-16 03:10:20,812 [root] WARNING: ['5e3a80524bb7d23222a489aee2b8c340']
2022-05-16 03:10:20,812 [root] WARNING: --
2022-05-16 03:10:20,813 [root] WARNING: ['5e3a80524bb7d23222a489aee2b8c340']
2022-05-16 03:10:20,813 [root] WARNING: --
2022-05-16 03:10:20,813 [root] WARNING: ['5e3a80524bb7d23222a489aee2b8c340']
2022-05-16 03:10:20,813 [root] WARNING: --
2022-05-16 03:10:20,813 [root] WARNING: ['5e3a80524bb7d23222a489aee2b8c340']
2022-05-16 03:10:20,813 [root] WARNING: --
2022-05-16 03:10:20,813 [root] WARNING: ['5e3a80524bb7d23222a489aee2b8c340']
2022-05-16 03:10:20,813 [root] WARNING: --
2022-05-16 03:10:20,813 [root] WARNING: ['5e3a80524bb7d23222a489aee2b8c340']
2022-05-16 03:10:20,814 [root] WARNING: --
2022-05-16 03:10:20,814 [root] WARNING: ['5e3a80524bb7d23222a489aee2b8c340']
2022-05-16 03:10:20,814 [root] WARNING: --
2022-05-16 03:10:20,814 [root] WARNING: ['5e3a80524bb7d23222a489aee2b8c340']
2022-05-16 03:10:20,814 [root] WARNING: --
2022-05-16 03:10:20,814 [root] WARNING: ['5e3a80524bb7d23222a489aee2b8c340']
2022-05-16 03:10:20,817 [root] WARNING: --
2022-05-16 03:10:20,817 [root] WARNING: ['5e3a80524bb7d23222a489aee2b8c340']
2022-05-16 03:10:20,817 [root] WARNING: --
2022-05-16 03:10:20,817 [root] WARNING: ['5e3a80524bb7d23222a489aee2b8c340']
2022-05-16 03:10:20,817 [root] WARNING: --
2022-05-16 03:10:20,818 [root] WARNING: ['5e3a80524bb7d23222a489aee2b8c340']
2022-05-16 03:10:20,818 [root] WARNING: --
2022-05-16 03:10:20,818 [root] WARNING: ['5e3a80524bb7d23222a489aee2b8c340']
2022-05-16 03:10:20,818 [root] WARNING: --
2022-05-16 03:10:20,818 [root] WARNING: ['5e3a80524bb7d23222a489aee2b8c340']
2022-05-16 03:10:20,818 [root] WARNING: --
2022-05-16 03:10:20,818 [root] WARNING: ['5e3a80524bb7d23222a489aee2b8c340']
2022-05-16 03:10:20,818 [root] WARNING: --
2022-05-16 03:10:20,818 [root] WARNING: ['5e3a80524bb7d23222a489aee2b8c340']
2022-05-16 03:10:20,818 [root] WARNING: --
2022-05-16 03:10:20,819 [root] WARNING: ['5e3a80524bb7d23222a489aee2b8c340']
2022-05-16 03:10:20,819 [root] WARNING: --
2022-05-16 03:10:20,819 [root] WARNING: ['5e3a80524bb7d23222a489aee2b8c340']
2022-05-16 03:10:20,819 [root] WARNING: --
2022-05-16 03:10:20,819 [root] WARNING: ['5e3a80524bb7d23222a489aee2b8c340']
2022-05-16 03:10:20,821 [root] WARNING: --
2022-05-16 03:10:20,821 [root] WARNING: ['5e3a80524bb7d23222a489aee2b8c340']
2022-05-16 03:10:20,821 [root] WARNING: --
2022-05-16 03:10:20,822 [root] WARNING: ['5e3a80524bb7d23222a489aee2b8c340']
2022-05-16 03:10:20,822 [root] WARNING: --
2022-05-16 03:10:20,822 [root] WARNING: ['5e3a80524bb7d23222a489aee2b8c340']
2022-05-16 03:10:20,822 [root] WARNING: --
2022-05-16 03:10:20,822 [root] WARNING: ['5e3a80524bb7d23222a489aee2b8c340']
2022-05-16 03:10:20,822 [root] WARNING: --
2022-05-16 03:10:20,822 [root] WARNING: ['5e3a80524bb7d23222a489aee2b8c340']
2022-05-16 03:10:20,822 [root] WARNING: --
2022-05-16 03:10:20,822 [root] WARNING: ['5e3a80524bb7d23222a489aee2b8c340']
2022-05-16 03:10:20,823 [root] WARNING: --
2022-05-16 03:10:20,823 [root] WARNING: ['5e3a80524bb7d23222a489aee2b8c340']
2022-05-16 03:10:20,823 [root] WARNING: --
2022-05-16 03:10:20,823 [root] WARNING: ['5e3a80524bb7d23222a489aee2b8c340']
2022-05-16 03:10:20,823 [root] WARNING: --
2022-05-16 03:10:20,823 [root] WARNING: ['5e3a80524bb7d23222a489aee2b8c340']
2022-05-16 03:10:20,823 [root] WARNING: --
2022-05-16 03:10:20,823 [root] WARNING: ['5e3a80524bb7d23222a489aee2b8c340']
2022-05-16 03:10:20,825 [root] WARNING: --
2022-05-16 03:10:20,826 [root] WARNING: ['5e3a80524bb7d23222a489aee2b8c340']
2022-05-16 03:10:20,826 [root] WARNING: --
2022-05-16 03:10:20,826 [root] WARNING: ['5e3a80524bb7d23222a489aee2b8c340']
2022-05-16 03:10:20,826 [root] WARNING: --
2022-05-16 03:10:20,826 [root] WARNING: ['5e3a80524bb7d23222a489aee2b8c340']
2022-05-16 03:10:20,826 [root] WARNING: --
2022-05-16 03:10:20,826 [root] WARNING: ['5e3a80524bb7d23222a489aee2b8c340']
2022-05-16 03:10:20,826 [root] WARNING: --
2022-05-16 03:10:20,826 [root] WARNING: ['5e3a80524bb7d23222a489aee2b8c340']
2022-05-16 03:10:20,826 [root] WARNING: --
2022-05-16 03:10:20,827 [root] WARNING: ['5e3a80524bb7d23222a489aee2b8c340']
2022-05-16 03:10:20,827 [root] WARNING: --
2022-05-16 03:10:20,827 [root] WARNING: ['5e3a80524bb7d23222a489aee2b8c340']
2022-05-16 03:10:20,827 [root] WARNING: --
2022-05-16 03:10:20,827 [root] WARNING: ['5e3a80524bb7d23222a489aee2b8c340']
2022-05-16 03:10:20,828 [root] WARNING: --
2022-05-16 03:10:20,828 [root] WARNING: ['5e3a80524bb7d23222a489aee2b8c340']
2022-05-16 03:10:20,828 [root] WARNING: --
2022-05-16 03:10:20,829 [root] WARNING: ['5e3a80524bb7d23222a489aee2b8c340']
2022-05-16 03:10:20,829 [root] WARNING: --
2022-05-16 03:10:20,829 [root] WARNING: ['5e3a80524bb7d23222a489aee2b8c340']
2022-05-16 03:10:20,829 [root] WARNING: --
2022-05-16 03:10:20,829 [root] WARNING: ['5e3a80524bb7d23222a489aee2b8c340']
2022-05-16 03:10:20,829 [root] WARNING: --
2022-05-16 03:10:20,829 [root] WARNING: ['5e3a80524bb7d23222a489aee2b8c340']
2022-05-16 03:10:20,830 [root] WARNING: --
2022-05-16 03:10:20,830 [root] WARNING: ['5e3a80524bb7d23222a489aee2b8c340']
2022-05-16 03:10:20,830 [root] WARNING: --
2022-05-16 03:10:20,833 [root] WARNING: ['5e3a80524bb7d23222a489aee2b8c340']
2022-05-16 03:10:20,833 [root] WARNING: --
2022-05-16 03:10:20,833 [root] WARNING: ['5e3a80524bb7d23222a489aee2b8c340']
2022-05-16 03:10:20,833 [root] WARNING: --
2022-05-16 03:10:20,833 [root] WARNING: ['5e3a80524bb7d23222a489aee2b8c340']
2022-05-16 03:10:20,834 [root] WARNING: --
2022-05-16 03:10:20,834 [root] WARNING: ['5e3a80524bb7d23222a489aee2b8c340']
2022-05-16 03:10:20,834 [root] WARNING: --
2022-05-16 03:10:20,834 [root] WARNING: ['5e3a80524bb7d23222a489aee2b8c340']
2022-05-16 03:10:20,834 [root] WARNING: --
2022-05-16 03:10:20,834 [root] WARNING: ['5e3a80524bb7d23222a489aee2b8c340']
2022-05-16 03:10:20,835 [root] WARNING: --
2022-05-16 03:10:20,835 [root] WARNING: ['5e3a80524bb7d23222a489aee2b8c340']
2022-05-16 03:10:20,835 [root] WARNING: --
2022-05-16 03:10:20,835 [root] WARNING: ['5e3a80524bb7d23222a489aee2b8c340']
2022-05-16 03:10:20,836 [root] WARNING: --
2022-05-16 03:10:20,836 [root] WARNING: ['5e3a80524bb7d23222a489aee2b8c340']
2022-05-16 03:10:20,836 [root] WARNING: --
2022-05-16 03:10:20,837 [root] WARNING: ['5e3a80524bb7d23222a489aee2b8c340']
2022-05-16 03:10:20,837 [root] WARNING: --
2022-05-16 03:10:20,838 [root] WARNING: ['5e3a80524bb7d23222a489aee2b8c340']
2022-05-16 03:10:20,838 [root] WARNING: --
2022-05-16 03:10:20,838 [root] WARNING: ['5e3a80524bb7d23222a489aee2b8c340']
2022-05-16 03:10:20,839 [root] WARNING: --
2022-05-16 03:10:20,839 [root] WARNING: ['5e3a80524bb7d23222a489aee2b8c340']
2022-05-16 03:10:20,839 [root] WARNING: --
2022-05-16 03:10:20,840 [root] WARNING: ['5e3a80524bb7d23222a489aee2b8c340']
2022-05-16 03:10:20,840 [root] WARNING: --
2022-05-16 03:10:20,840 [root] WARNING: ['5e3a80524bb7d23222a489aee2b8c340']
2022-05-16 03:10:20,840 [root] WARNING: --
2022-05-16 03:10:20,840 [root] WARNING: ['5e3a80524bb7d23222a489aee2b8c340']
2022-05-16 03:10:20,840 [root] WARNING: --
2022-05-16 03:10:20,841 [root] WARNING: ['5e3a80524bb7d23222a489aee2b8c340']
2022-05-16 03:10:20,841 [root] WARNING: --
2022-05-16 03:10:20,848 [root] WARNING: ['5e3a80524bb7d23222a489aee2b8c340']
2022-05-16 03:10:20,850 [root] WARNING: --
2022-05-16 03:10:20,851 [root] WARNING: ['5e3a80524bb7d23222a489aee2b8c340']
2022-05-16 03:10:20,851 [root] WARNING: --
2022-05-16 03:10:20,851 [root] WARNING: ['5e3a80524bb7d23222a489aee2b8c340']
2022-05-16 03:10:20,851 [root] WARNING: --
2022-05-16 03:10:20,852 [root] WARNING: ['5e3a80524bb7d23222a489aee2b8c340']
2022-05-16 03:10:20,864 [root] WARNING: --
2022-05-16 03:10:20,864 [root] WARNING: ['5e3a80524bb7d23222a489aee2b8c340']
2022-05-16 03:10:20,864 [root] WARNING: --
2022-05-16 03:10:20,864 [root] WARNING: ['5e3a80524bb7d23222a489aee2b8c340']
2022-05-16 03:10:20,864 [root] WARNING: --
2022-05-16 03:10:20,864 [root] WARNING: ['5e3a80524bb7d23222a489aee2b8c340']
2022-05-16 03:10:20,865 [root] WARNING: --
2022-05-16 03:10:20,865 [root] WARNING: ['5e3a80524bb7d23222a489aee2b8c340']
2022-05-16 03:10:20,865 [root] WARNING: --
2022-05-16 03:10:20,865 [root] WARNING: ['5e3a80524bb7d23222a489aee2b8c340']
2022-05-16 03:10:20,865 [root] WARNING: --
2022-05-16 03:10:20,865 [root] WARNING: ['5e3a80524bb7d23222a489aee2b8c340']
2022-05-16 03:10:20,865 [root] WARNING: --
2022-05-16 03:10:20,865 [root] WARNING: ['5e3a80524bb7d23222a489aee2b8c340']
2022-05-16 03:10:20,865 [root] WARNING: --
2022-05-16 03:10:20,866 [root] WARNING: ['5e3a80524bb7d23222a489aee2b8c340']
2022-05-16 03:10:20,867 [root] WARNING: --
2022-05-16 03:10:20,867 [root] WARNING: ['5e3a80524bb7d23222a489aee2b8c340']
2022-05-16 03:10:20,867 [root] WARNING: --
2022-05-16 03:10:20,867 [root] WARNING: ['5e3a80524bb7d23222a489aee2b8c340']
2022-05-16 03:10:20,867 [root] WARNING: --
2022-05-16 03:10:20,869 [root] WARNING: ['5e3a80524bb7d23222a489aee2b8c340']
2022-05-16 03:10:20,870 [root] WARNING: --
2022-05-16 03:10:20,870 [root] WARNING: ['5e3a80524bb7d23222a489aee2b8c340']
2022-05-16 03:10:20,870 [root] WARNING: --
2022-05-16 03:10:20,870 [root] WARNING: ['5e3a80524bb7d23222a489aee2b8c340']
2022-05-16 03:10:20,871 [root] WARNING: --
2022-05-16 03:10:20,871 [root] WARNING: ['5e3a80524bb7d23222a489aee2b8c340']
2022-05-16 03:10:20,871 [root] WARNING: --
2022-05-16 03:10:20,871 [root] WARNING: ['5e3a80524bb7d23222a489aee2b8c340']
2022-05-16 03:10:20,873 [root] WARNING: --
2022-05-16 03:10:20,875 [root] WARNING: ['5e3a80524bb7d23222a489aee2b8c340']
2022-05-16 03:10:20,875 [root] WARNING: --
2022-05-16 03:10:20,875 [root] WARNING: ['5e3a80524bb7d23222a489aee2b8c340']
2022-05-16 03:10:20,875 [root] WARNING: --
2022-05-16 03:10:20,876 [root] WARNING: ['5e3a80524bb7d23222a489aee2b8c340']
2022-05-16 03:10:20,876 [root] WARNING: --
2022-05-16 03:10:20,876 [root] WARNING: ['5e3a80524bb7d23222a489aee2b8c340']
2022-05-16 03:10:20,876 [root] WARNING: --
2022-05-16 03:10:20,883 [root] WARNING: ['5e3a80524bb7d23222a489aee2b8c340']
2022-05-16 03:10:20,883 [root] WARNING: --
2022-05-16 03:10:20,883 [root] WARNING: ['5e3a80524bb7d23222a489aee2b8c340']
2022-05-16 03:10:20,883 [root] WARNING: --
2022-05-16 03:10:20,884 [root] WARNING: ['5e3a80524bb7d23222a489aee2b8c340']
2022-05-16 03:10:20,884 [root] WARNING: --
2022-05-16 03:10:20,884 [cuckoo.core.plugins] ERROR: Failed to run 'on_complete' of the hash_match signature
Traceback (most recent call last):
  File "/home/cuckoo/cuckoo/local/lib/python2.7/site-packages/cuckoo/core/plugins.py", line 475, in call_signature
    if not signature.matched and handler(*args, **kwargs):
  File "/home/cuckoo/.cuckoo/signatures/cross/hash_match.py", line 38, in on_complete
    if self.check_hash(pattern=row[3]):
  File "/home/cuckoo/cuckoo/local/lib/python2.7/site-packages/cuckoo/common/abstracts.py", line 1193, in check_hash
    all=all)
  File "/home/cuckoo/cuckoo/local/lib/python2.7/site-packages/cuckoo/common/abstracts.py", line 888, in _check_value
    if item.lower() == pattern.lower():
AttributeError: 'float' object has no attribute 'lower'
2022-05-16 03:10:21,130 [root] WARNING: esunioc
2022-05-16 03:10:21,135 [root] WARNING: Malware
2022-05-16 03:10:21,135 [root] WARNING: F-ISAC
2022-05-16 03:10:21,135 [root] WARNING: 8.8.8.8
2022-05-16 03:10:21,426 [cuckoo.core.plugins] DEBUG: Analysis matched signature: ip_match
2022-05-16 03:10:21,427 [cuckoo.core.plugins] DEBUG: Analysis matched signature: memdump_urls
2022-05-16 03:10:21,488 [cuckoo.core.plugins] DEBUG: Executed reporting module "JsonDump"
2022-05-16 03:10:21,569 [cuckoo.core.plugins] DEBUG: Executed reporting module "MongoDB"
2022-05-16 03:10:21,570 [cuckoo.core.scheduler] INFO: Task #97: reports generation completed
2022-05-16 03:10:21,582 [cuckoo.core.scheduler] INFO: Task #97: analysis procedure completed
