2022-05-14 09:15:52,046 [analyzer] DEBUG: Starting analyzer from: C:\tmpy1hzlw
2022-05-14 09:15:52,078 [analyzer] DEBUG: Pipe server name: \??\PIPE\mwSqweAdrXDvTRLEiLX
2022-05-14 09:15:52,078 [analyzer] DEBUG: Log pipe server name: \??\PIPE\XRFtMsoYQMaZnwnBtCktBAOAEwhd
2022-05-14 09:15:52,078 [analyzer] DEBUG: No analysis package specified, trying to detect it automagically.
2022-05-14 09:15:52,078 [analyzer] INFO: Automatically selected analysis package "generic"
2022-05-14 09:15:54,155 [analyzer] DEBUG: Started auxiliary module DbgView
2022-05-14 09:16:14,546 [analyzer] DEBUG: Started auxiliary module Disguise
2022-05-14 09:16:15,250 [analyzer] DEBUG: Loaded monitor into process with pid 496
2022-05-14 09:16:15,312 [analyzer] DEBUG: Started auxiliary module DumpTLSMasterSecrets
2022-05-14 09:16:15,312 [analyzer] DEBUG: Started auxiliary module Human
2022-05-14 09:16:15,312 [analyzer] DEBUG: Started auxiliary module InstallCertificate
2022-05-14 09:16:15,328 [analyzer] DEBUG: Started auxiliary module Reboot
2022-05-14 09:16:15,687 [analyzer] DEBUG: Started auxiliary module RecentFiles
2022-05-14 09:16:15,703 [analyzer] DEBUG: Started auxiliary module Screenshots
2022-05-14 09:16:15,703 [analyzer] DEBUG: Started auxiliary module LoadZer0m0n
2022-05-14 09:16:16,328 [lib.api.process] INFO: Successfully executed process from path 'C:\\Windows\\System32\\cmd.exe' with arguments ['/c', 'start', '/wait', '"ymBzzURXs"', u'C:\\Users\\ADMINI~1\\AppData\\Local\\Temp\\istockphoto-1188445864-612x612.jpg'] and pid 2700
2022-05-14 09:16:17,467 [analyzer] DEBUG: Loaded monitor into process with pid 2700
2022-05-14 09:16:54,467 [lib.api.process] INFO: Memory dump of process with pid 2700 completed
2022-05-14 09:16:54,608 [analyzer] INFO: Process with pid 2700 has terminated
2022-05-14 09:16:54,608 [analyzer] INFO: Process list is empty, terminating analysis.
2022-05-14 09:16:55,703 [analyzer] INFO: Analysis completed.
