2022-05-15 10:34:06,015 [analyzer] DEBUG: Starting analyzer from: C:\tmpy1hzlw
2022-05-15 10:34:06,030 [analyzer] DEBUG: Pipe server name: \??\PIPE\IQxUzxDoxwajyYwtlNeCKagNlDAzXDV
2022-05-15 10:34:06,030 [analyzer] DEBUG: Log pipe server name: \??\PIPE\EVAfYAEaZITOVZBgWlj
2022-05-15 10:34:06,030 [analyzer] DEBUG: No analysis package specified, trying to detect it automagically.
2022-05-15 10:34:06,030 [analyzer] INFO: Automatically selected analysis package "generic"
2022-05-15 10:34:08,078 [analyzer] DEBUG: Started auxiliary module DbgView
2022-05-15 10:34:27,187 [analyzer] DEBUG: Started auxiliary module Disguise
2022-05-15 10:34:27,717 [analyzer] DEBUG: Loaded monitor into process with pid 496
2022-05-15 10:34:27,750 [analyzer] DEBUG: Started auxiliary module DumpTLSMasterSecrets
2022-05-15 10:34:27,750 [analyzer] DEBUG: Started auxiliary module Human
2022-05-15 10:34:27,750 [analyzer] DEBUG: Started auxiliary module InstallCertificate
2022-05-15 10:34:27,750 [analyzer] DEBUG: Started auxiliary module Reboot
2022-05-15 10:34:28,233 [analyzer] DEBUG: Started auxiliary module RecentFiles
2022-05-15 10:34:28,233 [analyzer] DEBUG: Started auxiliary module Screenshots
2022-05-15 10:34:28,233 [analyzer] DEBUG: Started auxiliary module LoadZer0m0n
2022-05-15 10:34:28,858 [lib.api.process] INFO: Successfully executed process from path 'C:\\Windows\\System32\\cmd.exe' with arguments ['/c', 'start', '/wait', '"iExvMydXZVXcpkW"', u'C:\\Users\\ADMINI~1\\AppData\\Local\\Temp\\istockphoto-1188445864-612x612.jpg'] and pid 2744
2022-05-15 10:34:29,828 [analyzer] DEBUG: Loaded monitor into process with pid 2744
2022-05-15 10:35:03,500 [lib.api.process] INFO: Memory dump of process with pid 2744 completed
2022-05-15 10:35:05,828 [analyzer] INFO: Process with pid 2744 has terminated
2022-05-15 10:35:05,828 [analyzer] INFO: Process list is empty, terminating analysis.
2022-05-15 10:35:06,842 [analyzer] INFO: Analysis completed.
