2022-05-15 01:54:22,015 [analyzer] DEBUG: Starting analyzer from: C:\tmpy1hzlw
2022-05-15 01:54:22,015 [analyzer] DEBUG: Pipe server name: \??\PIPE\ayjgOqgRxdFpWvBWXDy
2022-05-15 01:54:22,030 [analyzer] DEBUG: Log pipe server name: \??\PIPE\SVBNuknksewEeOPZeNiYwtlIt
2022-05-15 01:54:22,046 [analyzer] DEBUG: No analysis package specified, trying to detect it automagically.
2022-05-15 01:54:22,046 [analyzer] INFO: Automatically selected analysis package "generic"
2022-05-15 01:54:23,358 [analyzer] DEBUG: Started auxiliary module DbgView
2022-05-15 01:54:43,296 [analyzer] DEBUG: Started auxiliary module Disguise
2022-05-15 01:54:43,875 [analyzer] DEBUG: Loaded monitor into process with pid 496
2022-05-15 01:54:43,921 [analyzer] DEBUG: Started auxiliary module DumpTLSMasterSecrets
2022-05-15 01:54:43,921 [analyzer] DEBUG: Started auxiliary module Human
2022-05-15 01:54:43,921 [analyzer] DEBUG: Started auxiliary module InstallCertificate
2022-05-15 01:54:43,921 [analyzer] DEBUG: Started auxiliary module Reboot
2022-05-15 01:54:44,453 [analyzer] DEBUG: Started auxiliary module RecentFiles
2022-05-15 01:54:44,453 [analyzer] DEBUG: Started auxiliary module Screenshots
2022-05-15 01:54:44,467 [analyzer] DEBUG: Started auxiliary module LoadZer0m0n
2022-05-15 01:54:45,108 [lib.api.process] INFO: Successfully executed process from path 'C:\\Windows\\System32\\cmd.exe' with arguments ['/c', 'start', '/wait', '"krAkGE"', u'C:\\Users\\ADMINI~1\\AppData\\Local\\Temp\\istockphoto-1188445864-612x612.jpg'] and pid 2776
2022-05-15 01:54:45,983 [analyzer] DEBUG: Loaded monitor into process with pid 2776
2022-05-15 01:55:18,828 [lib.api.process] INFO: Memory dump of process with pid 2776 completed
2022-05-15 01:55:21,046 [analyzer] INFO: Process with pid 2776 has terminated
2022-05-15 01:55:21,171 [analyzer] INFO: Process list is empty, terminating analysis.
2022-05-15 01:55:22,171 [analyzer] INFO: Analysis completed.
