2022-05-16 06:16:27,030 [analyzer] DEBUG: Starting analyzer from: C:\tmpy1hzlw
2022-05-16 06:16:27,046 [analyzer] DEBUG: Pipe server name: \??\PIPE\pAwfkDfucYaIDZzfKkJREhpZt
2022-05-16 06:16:27,046 [analyzer] DEBUG: Log pipe server name: \??\PIPE\GinFBNksWjuAQddbza
2022-05-16 06:16:27,046 [analyzer] DEBUG: No analysis package specified, trying to detect it automagically.
2022-05-16 06:16:27,046 [analyzer] INFO: Automatically selected analysis package "generic"
2022-05-16 06:16:29,062 [analyzer] DEBUG: Started auxiliary module DbgView
2022-05-16 06:16:50,905 [analyzer] DEBUG: Started auxiliary module Disguise
2022-05-16 06:16:51,515 [analyzer] DEBUG: Loaded monitor into process with pid 496
2022-05-16 06:16:51,546 [analyzer] DEBUG: Started auxiliary module DumpTLSMasterSecrets
2022-05-16 06:16:51,546 [analyzer] DEBUG: Started auxiliary module Human
2022-05-16 06:16:51,546 [analyzer] DEBUG: Started auxiliary module InstallCertificate
2022-05-16 06:16:51,546 [analyzer] DEBUG: Started auxiliary module Reboot
2022-05-16 06:16:51,983 [analyzer] DEBUG: Started auxiliary module RecentFiles
2022-05-16 06:16:52,000 [analyzer] DEBUG: Started auxiliary module Screenshots
2022-05-16 06:16:52,000 [analyzer] DEBUG: Started auxiliary module LoadZer0m0n
2022-05-16 06:16:52,546 [lib.api.process] INFO: Successfully executed process from path 'C:\\Windows\\System32\\cmd.exe' with arguments ['/c', 'start', '/wait', '"ECRl"', u'C:\\Users\\ADMINI~1\\AppData\\Local\\Temp\\istockphoto-1188445864-612x612.jpg'] and pid 2748
2022-05-16 06:16:53,515 [analyzer] DEBUG: Loaded monitor into process with pid 2748
2022-05-16 06:17:30,905 [lib.api.process] INFO: Memory dump of process with pid 2748 completed
2022-05-16 06:17:33,250 [analyzer] INFO: Process with pid 2748 has terminated
2022-05-16 06:17:33,250 [analyzer] INFO: Process list is empty, terminating analysis.
2022-05-16 06:17:34,421 [analyzer] INFO: Analysis completed.
