2022-05-15 11:27:45,015 [analyzer] DEBUG: Starting analyzer from: C:\tmpy1hzlw
2022-05-15 11:27:45,030 [analyzer] DEBUG: Pipe server name: \??\PIPE\pmwVBMLKCuIOhFggmRuLQuNYaxgUZSM
2022-05-15 11:27:45,062 [analyzer] DEBUG: Log pipe server name: \??\PIPE\AoWPMDdrgmEnYSzYmOpqW
2022-05-15 11:27:45,062 [analyzer] DEBUG: No analysis package specified, trying to detect it automagically.
2022-05-15 11:27:45,062 [analyzer] INFO: Automatically selected analysis package "generic"
2022-05-15 11:27:46,828 [analyzer] DEBUG: Started auxiliary module DbgView
2022-05-15 11:28:05,546 [analyzer] DEBUG: Started auxiliary module Disguise
2022-05-15 11:28:06,296 [analyzer] DEBUG: Loaded monitor into process with pid 496
2022-05-15 11:28:06,312 [analyzer] DEBUG: Started auxiliary module DumpTLSMasterSecrets
2022-05-15 11:28:06,328 [analyzer] DEBUG: Started auxiliary module Human
2022-05-15 11:28:06,328 [analyzer] DEBUG: Started auxiliary module InstallCertificate
2022-05-15 11:28:06,328 [analyzer] DEBUG: Started auxiliary module Reboot
2022-05-15 11:28:06,765 [analyzer] DEBUG: Started auxiliary module RecentFiles
2022-05-15 11:28:06,765 [analyzer] DEBUG: Started auxiliary module Screenshots
2022-05-15 11:28:06,765 [analyzer] DEBUG: Started auxiliary module LoadZer0m0n
2022-05-15 11:28:07,358 [lib.api.process] INFO: Successfully executed process from path 'C:\\Windows\\System32\\cmd.exe' with arguments ['/c', 'start', '/wait', '"IUvTXQbKmQOV"', u'C:\\Users\\ADMINI~1\\AppData\\Local\\Temp\\istockphoto-1188445864-612x612.jpg'] and pid 2768
2022-05-15 11:28:08,358 [analyzer] DEBUG: Loaded monitor into process with pid 2768
2022-05-15 11:28:39,640 [lib.api.process] INFO: Memory dump of process with pid 2768 completed
2022-05-15 11:28:40,265 [analyzer] INFO: Process with pid 2768 has terminated
2022-05-15 11:28:40,265 [analyzer] INFO: Process list is empty, terminating analysis.
2022-05-15 11:28:42,312 [analyzer] INFO: Analysis completed.
