2022-05-16 03:44:20,046 [analyzer] DEBUG: Starting analyzer from: C:\tmpy1hzlw
2022-05-16 03:44:20,046 [analyzer] DEBUG: Pipe server name: \??\PIPE\ZbMZvnQxbAhsPEOpZESEaBfSqtepuoF
2022-05-16 03:44:20,062 [analyzer] DEBUG: Log pipe server name: \??\PIPE\hzsUKEXctzpkPMdCIepNVsRyuHoTw
2022-05-16 03:44:20,062 [analyzer] DEBUG: No analysis package specified, trying to detect it automagically.
2022-05-16 03:44:20,062 [analyzer] INFO: Automatically selected analysis package "generic"
2022-05-16 03:44:22,203 [analyzer] DEBUG: Started auxiliary module DbgView
2022-05-16 09:44:56,697 [analyzer] DEBUG: Started auxiliary module Disguise
2022-05-16 09:44:57,306 [analyzer] DEBUG: Loaded monitor into process with pid 496
2022-05-16 09:44:57,322 [analyzer] DEBUG: Started auxiliary module DumpTLSMasterSecrets
2022-05-16 09:44:57,338 [analyzer] DEBUG: Started auxiliary module Human
2022-05-16 09:44:57,338 [analyzer] DEBUG: Started auxiliary module InstallCertificate
2022-05-16 09:44:57,338 [analyzer] DEBUG: Started auxiliary module Reboot
2022-05-16 09:44:57,681 [analyzer] DEBUG: Started auxiliary module RecentFiles
2022-05-16 09:44:57,681 [analyzer] DEBUG: Started auxiliary module Screenshots
2022-05-16 09:44:57,681 [analyzer] DEBUG: Started auxiliary module LoadZer0m0n
2022-05-16 09:44:58,338 [lib.api.process] INFO: Successfully executed process from path 'C:\\Windows\\System32\\cmd.exe' with arguments ['/c', 'start', '/wait', '"IjETTIpFzWIQSRT"', u'C:\\Users\\ADMINI~1\\AppData\\Local\\Temp\\istockphoto-1188445864-612x612.jpg'] and pid 2772
2022-05-16 09:44:59,384 [analyzer] DEBUG: Loaded monitor into process with pid 2772
2022-05-16 09:45:33,447 [lib.api.process] INFO: Memory dump of process with pid 2772 completed
2022-05-16 09:45:33,588 [analyzer] INFO: Process with pid 2772 has terminated
2022-05-16 09:45:33,588 [analyzer] INFO: Process list is empty, terminating analysis.
2022-05-16 09:45:34,697 [analyzer] INFO: Analysis completed.
