2022-05-15 10:11:03,015 [analyzer] DEBUG: Starting analyzer from: C:\tmpy1hzlw
2022-05-15 10:11:03,015 [analyzer] DEBUG: Pipe server name: \??\PIPE\XTYFEIcmcXzQabKjiPC
2022-05-15 10:11:03,092 [analyzer] DEBUG: Log pipe server name: \??\PIPE\WOqLJDohBRmvlrKEJRIGIZTyO
2022-05-15 10:11:03,092 [analyzer] DEBUG: No analysis package specified, trying to detect it automagically.
2022-05-15 10:11:03,092 [analyzer] INFO: Automatically selected analysis package "generic"
2022-05-15 10:11:05,312 [analyzer] DEBUG: Started auxiliary module DbgView
2022-05-15 10:11:25,687 [analyzer] DEBUG: Started auxiliary module Disguise
2022-05-15 10:11:26,328 [analyzer] DEBUG: Loaded monitor into process with pid 496
2022-05-15 10:11:26,358 [analyzer] DEBUG: Started auxiliary module DumpTLSMasterSecrets
2022-05-15 10:11:26,375 [analyzer] DEBUG: Started auxiliary module Human
2022-05-15 10:11:26,375 [analyzer] DEBUG: Started auxiliary module InstallCertificate
2022-05-15 10:11:26,375 [analyzer] DEBUG: Started auxiliary module Reboot
2022-05-15 10:11:26,858 [analyzer] DEBUG: Started auxiliary module RecentFiles
2022-05-15 10:11:26,858 [analyzer] DEBUG: Started auxiliary module Screenshots
2022-05-15 10:11:26,858 [analyzer] DEBUG: Started auxiliary module LoadZer0m0n
2022-05-15 10:11:27,562 [lib.api.process] INFO: Successfully executed process from path 'C:\\Windows\\System32\\cmd.exe' with arguments ['/c', 'start', '/wait', '"aPRd"', u'C:\\Users\\ADMINI~1\\AppData\\Local\\Temp\\istockphoto-1188445864-612x612.jpg'] and pid 2756
2022-05-15 10:11:28,640 [analyzer] DEBUG: Loaded monitor into process with pid 2756
2022-05-15 10:12:09,828 [lib.api.process] INFO: Memory dump of process with pid 2756 completed
2022-05-15 10:12:10,030 [analyzer] INFO: Process with pid 2756 has terminated
2022-05-15 10:12:10,030 [analyzer] INFO: Process list is empty, terminating analysis.
2022-05-15 10:12:11,203 [analyzer] INFO: Analysis completed.
