2022-05-12 23:26:51,030 [analyzer] DEBUG: Starting analyzer from: C:\tmpy1hzlw
2022-05-12 23:26:51,030 [analyzer] DEBUG: Pipe server name: \??\PIPE\SkKMKbHWtdKOLxhzlBUPjrAAh
2022-05-12 23:26:51,030 [analyzer] DEBUG: Log pipe server name: \??\PIPE\zUmUWSOlvbJteKPOSEYUivSZv
2022-05-12 23:26:51,030 [analyzer] DEBUG: No analysis package specified, trying to detect it automagically.
2022-05-12 23:26:51,030 [analyzer] INFO: Automatically selected analysis package "generic"
2022-05-12 23:26:52,780 [analyzer] DEBUG: Started auxiliary module DbgView
2022-05-12 23:27:11,453 [analyzer] DEBUG: Started auxiliary module Disguise
2022-05-12 23:27:12,405 [analyzer] DEBUG: Loaded monitor into process with pid 496
2022-05-12 23:27:12,500 [analyzer] DEBUG: Started auxiliary module DumpTLSMasterSecrets
2022-05-12 23:27:12,515 [analyzer] DEBUG: Started auxiliary module Human
2022-05-12 23:27:12,515 [analyzer] DEBUG: Started auxiliary module InstallCertificate
2022-05-12 23:27:12,515 [analyzer] DEBUG: Started auxiliary module Reboot
2022-05-12 23:27:13,187 [analyzer] DEBUG: Started auxiliary module RecentFiles
2022-05-12 23:27:13,187 [analyzer] DEBUG: Started auxiliary module Screenshots
2022-05-12 23:27:13,187 [analyzer] DEBUG: Started auxiliary module LoadZer0m0n
2022-05-12 23:27:13,937 [lib.api.process] INFO: Successfully executed process from path 'C:\\Windows\\System32\\cmd.exe' with arguments ['/c', 'start', '/wait', '"IYoLKC"', u'C:\\Users\\ADMINI~1\\AppData\\Local\\Temp\\istockphoto-1188445864-612x612.jpg'] and pid 2704
2022-05-12 23:27:15,015 [analyzer] DEBUG: Loaded monitor into process with pid 2704
2022-05-12 23:27:50,421 [lib.api.process] INFO: Memory dump of process with pid 2704 completed
2022-05-12 23:27:52,780 [analyzer] INFO: Process with pid 2704 has terminated
2022-05-12 23:27:52,921 [analyzer] INFO: Process list is empty, terminating analysis.
2022-05-12 23:27:53,937 [analyzer] INFO: Analysis completed.
