2022-05-17 08:01:04,030 [analyzer] DEBUG: Starting analyzer from: C:\tmpy1hzlw
2022-05-17 08:01:04,046 [analyzer] DEBUG: Pipe server name: \??\PIPE\oTSHdhGtIFhDGucgyCHIA
2022-05-17 08:01:04,046 [analyzer] DEBUG: Log pipe server name: \??\PIPE\LFTzvbZoHYRmfgrhNZxVjC
2022-05-17 08:01:04,062 [analyzer] DEBUG: No analysis package specified, trying to detect it automagically.
2022-05-17 08:01:04,062 [analyzer] INFO: Automatically selected analysis package "generic"
2022-05-17 08:01:06,608 [analyzer] DEBUG: Started auxiliary module DbgView
2022-05-17 14:02:46,313 [analyzer] DEBUG: Started auxiliary module Disguise
2022-05-17 14:02:47,063 [analyzer] DEBUG: Loaded monitor into process with pid 496
2022-05-17 14:02:47,095 [analyzer] DEBUG: Started auxiliary module DumpTLSMasterSecrets
2022-05-17 14:02:47,111 [analyzer] DEBUG: Started auxiliary module Human
2022-05-17 14:02:47,111 [analyzer] DEBUG: Started auxiliary module InstallCertificate
2022-05-17 14:02:47,111 [analyzer] DEBUG: Started auxiliary module Reboot
2022-05-17 14:02:47,641 [analyzer] DEBUG: Started auxiliary module RecentFiles
2022-05-17 14:02:47,641 [analyzer] DEBUG: Started auxiliary module Screenshots
2022-05-17 14:02:47,641 [analyzer] DEBUG: Started auxiliary module LoadZer0m0n
2022-05-17 14:02:48,236 [lib.api.process] INFO: Successfully executed process from path 'C:\\Windows\\System32\\cmd.exe' with arguments ['/c', 'start', '/wait', '"FkxBRaQI"', u'C:\\Users\\ADMINI~1\\AppData\\Local\\Temp\\istockphoto-1188445864-612x612.jpg'] and pid 2760
2022-05-17 14:02:49,125 [analyzer] DEBUG: Loaded monitor into process with pid 2760
2022-05-17 14:03:29,970 [lib.api.process] INFO: Memory dump of process with pid 2760 completed
2022-05-17 14:03:32,111 [analyzer] INFO: Process with pid 2760 has terminated
2022-05-17 14:03:32,111 [analyzer] INFO: Process list is empty, terminating analysis.
2022-05-17 14:03:33,220 [analyzer] INFO: Analysis completed.
