2022-05-21 10:12:56,015 [analyzer] DEBUG: Starting analyzer from: C:\tmpy1hzlw
2022-05-21 10:12:56,030 [analyzer] DEBUG: Pipe server name: \??\PIPE\JvIRTPsUCfkbTqMhYlPaRAsm
2022-05-21 10:12:56,030 [analyzer] DEBUG: Log pipe server name: \??\PIPE\CPbUDVdYQQeJpBBdfwNdidj
2022-05-21 10:12:56,030 [analyzer] DEBUG: No analysis package specified, trying to detect it automagically.
2022-05-21 10:12:56,030 [analyzer] INFO: Automatically selected analysis package "generic"
2022-05-21 10:12:57,608 [analyzer] DEBUG: Started auxiliary module DbgView
2022-05-21 16:13:31,775 [analyzer] DEBUG: Started auxiliary module Disguise
2022-05-21 16:13:32,354 [analyzer] DEBUG: Loaded monitor into process with pid 496
2022-05-21 16:13:32,384 [analyzer] DEBUG: Started auxiliary module DumpTLSMasterSecrets
2022-05-21 16:13:32,400 [analyzer] DEBUG: Started auxiliary module Human
2022-05-21 16:13:32,400 [analyzer] DEBUG: Started auxiliary module InstallCertificate
2022-05-21 16:13:32,400 [analyzer] DEBUG: Started auxiliary module Reboot
2022-05-21 16:13:32,947 [analyzer] DEBUG: Started auxiliary module RecentFiles
2022-05-21 16:13:32,963 [analyzer] DEBUG: Started auxiliary module Screenshots
2022-05-21 16:13:32,963 [analyzer] DEBUG: Started auxiliary module LoadZer0m0n
2022-05-21 16:13:33,525 [lib.api.process] INFO: Successfully executed process from path 'C:\\Windows\\System32\\cmd.exe' with arguments ['/c', 'start', '/wait', '"ZeqBkAmUZosClGz"', u'C:\\Users\\ADMINI~1\\AppData\\Local\\Temp\\istockphoto-1188445864-612x612.jpg'] and pid 2776
2022-05-21 16:13:34,447 [analyzer] DEBUG: Loaded monitor into process with pid 2776
2022-05-21 16:14:04,368 [lib.api.process] INFO: Memory dump of process with pid 2776 completed
2022-05-21 16:14:04,884 [analyzer] INFO: Process with pid 2776 has terminated
2022-05-21 16:14:04,884 [analyzer] INFO: Process list is empty, terminating analysis.
2022-05-21 16:14:05,884 [analyzer] INFO: Analysis completed.
