2022-05-12 23:14:50,030 [analyzer] DEBUG: Starting analyzer from: C:\tmpy1hzlw
2022-05-12 23:14:50,030 [analyzer] DEBUG: Pipe server name: \??\PIPE\iIIMCfUzazzRayyvFWmMmhgG
2022-05-12 23:14:50,030 [analyzer] DEBUG: Log pipe server name: \??\PIPE\kfJQMRFxefAOOBNwSpqucQOTMvPum
2022-05-12 23:14:50,030 [analyzer] DEBUG: No analysis package specified, trying to detect it automagically.
2022-05-12 23:14:50,030 [analyzer] INFO: Automatically selected analysis package "generic"
2022-05-12 23:14:52,171 [analyzer] DEBUG: Started auxiliary module DbgView
2022-05-12 23:15:11,125 [analyzer] DEBUG: Started auxiliary module Disguise
2022-05-12 23:15:11,671 [analyzer] DEBUG: Loaded monitor into process with pid 496
2022-05-12 23:15:11,703 [analyzer] DEBUG: Started auxiliary module DumpTLSMasterSecrets
2022-05-12 23:15:11,717 [analyzer] DEBUG: Started auxiliary module Human
2022-05-12 23:15:11,717 [analyzer] DEBUG: Started auxiliary module InstallCertificate
2022-05-12 23:15:11,717 [analyzer] DEBUG: Started auxiliary module Reboot
2022-05-12 23:15:12,125 [analyzer] DEBUG: Started auxiliary module RecentFiles
2022-05-12 23:15:12,140 [analyzer] DEBUG: Started auxiliary module Screenshots
2022-05-12 23:15:12,140 [analyzer] DEBUG: Started auxiliary module LoadZer0m0n
2022-05-12 23:15:12,717 [lib.api.process] INFO: Successfully executed process from path 'C:\\Windows\\System32\\cmd.exe' with arguments ['/c', 'start', '/wait', '"GNRzNLfkaKKq"', u'C:\\Users\\ADMINI~1\\AppData\\Local\\Temp\\istockphoto-1188445864-612x612.jpg'] and pid 2720
2022-05-12 23:15:13,592 [analyzer] DEBUG: Loaded monitor into process with pid 2720
2022-05-12 23:15:47,717 [lib.api.process] INFO: Memory dump of process with pid 2720 completed
2022-05-12 23:15:49,671 [analyzer] INFO: Process with pid 2720 has terminated
2022-05-12 23:15:49,703 [analyzer] INFO: Process list is empty, terminating analysis.
2022-05-12 23:15:50,703 [analyzer] INFO: Analysis completed.
